Log file open, 09/13/19 13:31:24
LogWindows: Failed to load 'aqProf.dll' (GetLastError=126)
LogWindows: File 'aqProf.dll' does not exist
LogWindows: Failed to load 'VtuneApi.dll' (GetLastError=126)
LogWindows: File 'VtuneApi.dll' does not exist
LogWindows: Failed to load 'VtuneApi32e.dll' (GetLastError=126)
LogWindows: File 'VtuneApi32e.dll' does not exist
LogConsoleResponse: Display: Failed to find resolution value strings in scalability ini. Falling back to default.
LogInit: Display: Running engine for game: ExploreAndCollect
LogPakFile: Registered encryption key '00000000000000000000000000000000': 0 pak files mounted, 0 remain pending
LogPlatformFile: Not using cached read wrapper
LogTaskGraph: Started task graph with 5 named threads and 23 total threads with 3 sets of task threads.
LogStats: Stats thread started at 2.127573
LogD3D11RHI: Loaded GFSDK_Aftermath_Lib.x64.dll
LogICUInternationalization: ICU TimeZone Detection - Raw Offset: -5:00, Platform Override: ''
LogPluginManager: Mounting plugin Paper2D
LogPluginManager: Mounting plugin AISupport
LogPluginManager: Mounting plugin LightPropagationVolume
LogPluginManager: Mounting plugin ActorLayerUtilities
LogPluginManager: Mounting plugin AnimationSharing
LogPluginManager: Mounting plugin CLionSourceCodeAccess
LogPluginManager: Mounting plugin CodeLiteSourceCodeAccess
LogPluginManager: Mounting plugin GitSourceControl
LogPluginManager: Mounting plugin KDevelopSourceCodeAccess
LogPluginManager: Mounting plugin NullSourceCodeAccess
LogPluginManager: Mounting plugin PerforceSourceControl
LogPluginManager: Mounting plugin SubversionSourceControl
LogPluginManager: Mounting plugin UObjectPlugin
LogPluginManager: Mounting plugin VisualStudioCodeSourceCodeAccess
LogPluginManager: Mounting plugin VisualStudioSourceCodeAccess
LogPluginManager: Mounting plugin XCodeSourceCodeAccess
LogPluginManager: Mounting plugin AssetManagerEditor
LogPluginManager: Mounting plugin CryptoKeys
LogPluginManager: Mounting plugin DataValidation
LogPluginManager: Mounting plugin FacialAnimation
LogPluginManager: Mounting plugin GameplayTagsEditor
LogPluginManager: Mounting plugin MacGraphicsSwitching
LogPluginManager: Mounting plugin MaterialAnalyzer
LogPluginManager: Mounting plugin MobileLauncherProfileWizard
LogPluginManager: Mounting plugin PluginBrowser
LogPluginManager: Mounting plugin SpeedTreeImporter
LogPluginManager: Mounting plugin DatasmithContent
LogPluginManager: Mounting plugin VariantManagerContent
LogPluginManager: Mounting plugin AlembicImporter
LogPluginManager: Mounting plugin AppleImageUtils
LogPluginManager: Mounting plugin AppleVision
LogPluginManager: Mounting plugin BackChannel
LogPluginManager: Mounting plugin CharacterAI
LogPluginManager: Mounting plugin GeometryCache
LogPluginManager: Mounting plugin HTML5Networking
LogPluginManager: Mounting plugin ProxyLODPlugin
LogPluginManager: Mounting plugin SkeletalReduction
LogPluginManager: Mounting plugin MagicLeap
LogPluginManager: Mounting plugin MagicLeapMedia
LogPluginManager: Mounting plugin AndroidMedia
LogPluginManager: Mounting plugin AvfMedia
LogPluginManager: Mounting plugin ImgMedia
LogPluginManager: Mounting plugin LinearTimecode
LogPluginManager: Mounting plugin MediaCompositing
LogPluginManager: Mounting plugin MediaPlayerEditor
LogPluginManager: Mounting plugin WebMMedia
LogPluginManager: Mounting plugin WmfMedia
LogPluginManager: Mounting plugin TcpMessaging
LogPluginManager: Mounting plugin UdpMessaging
LogPluginManager: Mounting plugin ActorSequence
LogPluginManager: Mounting plugin LevelSequenceEditor
LogPluginManager: Mounting plugin MatineeToLevelSequence
LogPluginManager: Mounting plugin NetcodeUnitTest
LogPluginManager: Mounting plugin NUTUnrealEngine4
LogPluginManager: Mounting plugin OnlineSubsystemGooglePlay
LogPluginManager: Mounting plugin OnlineSubsystemIOS
LogPluginManager: Mounting plugin OnlineSubsystem
LogPluginManager: Mounting plugin OnlineSubsystemNull
LogPluginManager: Mounting plugin OnlineSubsystemUtils
LogPluginManager: Mounting plugin LauncherChunkInstaller
LogPluginManager: Mounting plugin AndroidDeviceProfileSelector
LogPluginManager: Mounting plugin AndroidMoviePlayer
LogPluginManager: Mounting plugin AndroidPermission
LogPluginManager: Mounting plugin AppleMoviePlayer
LogPluginManager: Mounting plugin ArchVisCharacter
LogPluginManager: Mounting plugin AudioCapture
LogPluginManager: Mounting plugin CableComponent
LogPluginManager: Mounting plugin CustomMeshComponent
LogPluginManager: Mounting plugin EditableMesh
LogPluginManager: Mounting plugin ExampleDeviceProfileSelector
LogPluginManager: Mounting plugin Firebase
LogPluginManager: Mounting plugin GoogleCloudMessaging
LogPluginManager: Mounting plugin IOSDeviceProfileSelector
LogPluginManager: Mounting plugin LinuxDeviceProfileSelector
LogPluginManager: Mounting plugin LocationServicesBPLibrary
LogPluginManager: Mounting plugin MobilePatchingUtils
LogPluginManager: Mounting plugin OculusVR
LogPluginManager: Mounting plugin PhysXVehicles
LogPluginManager: Mounting plugin ProceduralMeshComponent
LogPluginManager: Mounting plugin RuntimePhysXCooking
LogPluginManager: Mounting plugin SignificanceManager
LogPluginManager: Mounting plugin SteamVR
LogPluginManager: Mounting plugin WebMMoviePlayer
LogPluginManager: Mounting plugin WindowsMoviePlayer
LogInit: Using libcurl 7.55.1-DEV
LogInit:  - built for x86_64-pc-win32
LogInit:  - supports SSL with OpenSSL/1.1.1
LogInit:  - supports HTTP deflate (compression) using libz 1.2.8
LogInit:  - other features:
LogInit:      CURL_VERSION_SSL
LogInit:      CURL_VERSION_LIBZ
LogInit:      CURL_VERSION_IPV6
LogInit:      CURL_VERSION_ASYNCHDNS
LogInit:      CURL_VERSION_LARGEFILE
LogInit:      CURL_VERSION_IDN
LogInit:  CurlRequestOptions (configurable via config and command line):
LogInit:  - bVerifyPeer = true  - Libcurl will verify peer certificate
LogInit:  - bUseHttpProxy = false  - Libcurl will NOT use HTTP proxy
LogInit:  - bDontReuseConnections = false  - Libcurl will reuse connections
LogInit:  - MaxHostConnections = 16  - Libcurl will limit the number of connections to a host
LogInit:  - LocalHostAddr = Default
LogInit:  - BufferSize = 65536
LogInit: WinSock: version 1.1 (2.2), MaxSocks=32767, MaxUdp=65467
LogInit: Build: ++UE4+Release-4.22-CL-7053642
LogInit: Engine Version: 4.22.3-7053642+++UE4+Release-4.22
LogInit: Compatible Engine Version: 4.22.0-5660361+++UE4+Release-4.22
LogInit: Net CL: 5660361
LogInit: OS: Windows 10 (Release 1809) (), CPU: Intel(R) Core(TM) i7-7700HQ CPU @ 2.80GHz, GPU: NVIDIA GeForce GTX 1070
LogInit: Compiled (64-bit): Jun 18 2019 03:09:11
LogInit: Compiled with Visual C++: 19.16.27025.01
LogInit: Build Configuration: Development
LogInit: Branch Name: ++UE4+Release-4.22
LogInit: Command Line:  -EpicPortal -epicusername="William Nocom" -epicuserid=0df0b30056f847ef8351907a7287021a -epiclocale=en-US
LogInit: Base Directory: D:/UE_4.22/Engine/Binaries/Win64/
LogInit: Installed Engine Build: 1
LogDevObjectVersion: Number of dev versions registered: 23
LogDevObjectVersion:   Dev-Blueprints (B0D832E4-1F89-4F0D-ACCF-7EB736FD4AA2): 10
LogDevObjectVersion:   Dev-Build (E1C64328-A22C-4D53-A36C-8E866417BD8C): 0
LogDevObjectVersion:   Dev-Core (375EC13C-06E4-48FB-B500-84F0262A717E): 3
LogDevObjectVersion:   Dev-Editor (E4B068ED-F494-42E9-A231-DA0B2E46BB41): 30
LogDevObjectVersion:   Dev-Framework (CFFC743F-43B0-4480-9391-14DF171D2073): 35
LogDevObjectVersion:   Dev-Mobile (B02B49B5-BB20-44E9-A304-32B752E40360): 2
LogDevObjectVersion:   Dev-Networking (A4E4105C-59A1-49B5-A7C5-40C4547EDFEE): 0
LogDevObjectVersion:   Dev-Online (39C831C9-5AE6-47DC-9A44-9C173E1C8E7C): 0
LogDevObjectVersion:   Dev-Physics (78F01B33-EBEA-4F98-B9B4-84EACCB95AA2): 0
LogDevObjectVersion:   Dev-Platform (6631380F-2D4D-43E0-8009-CF276956A95A): 0
LogDevObjectVersion:   Dev-Rendering (12F88B9F-8875-4AFC-A67C-D90C383ABD29): 28
LogDevObjectVersion:   Dev-Sequencer (7B5AE74C-D270-4C10-A958-57980B212A5A): 11
LogDevObjectVersion:   Dev-VR (D7296918-1DD6-4BDD-9DE2-64A83CC13884): 2
LogDevObjectVersion:   Dev-LoadTimes (C2A15278-BFE7-4AFE-6C17-90FF531DF755): 1
LogDevObjectVersion:   Private-Geometry (6EACA3D4-40EC-4CC1-B786-8BED09428FC5): 3
LogDevObjectVersion:   Dev-AnimPhys (29E575DD-E0A3-4627-9D10-D276232CDCEA): 17
LogDevObjectVersion:   Dev-Anim (AF43A65D-7FD3-4947-9873-3E8ED9C1BB05): 2
LogDevObjectVersion:   Dev-ReflectionCapture (6B266CEC-1EC7-4B8F-A30B-E4D90942FC07): 1
LogDevObjectVersion:   Dev-Automation (0DF73D61-A23F-47EA-B727-89E90C41499A): 1
LogDevObjectVersion:   FortniteMain (601D1886-AC64-4F84-AA16-D3DE0DEAC7D6): 25
LogDevObjectVersion:   Dev-Enterprise (9DFFBCD6-494F-0158-E221-12823C92A888): 6
LogDevObjectVersion:   Dev-Niagara (F2AED0AC-9AFE-416F-8664-AA7FFA26D6FC): 1
LogDevObjectVersion:   Dev-Destruction (174F1F0B-B4C6-45A5-B13F-2EE8D0FB917D): 2
LogInit: Presizing for max 16777216 objects, including 0 objects not considered by GC, pre-allocating 0 bytes for permanent pool.
LogInit: Object subsystem initialized
LogConfig: Setting CVar [[con.DebugEarlyDefault:1]]
LogConfig: Setting CVar [[r.setres:1280x720]]
[2019.09.13-17.31.25:059][  0]LogConfig: Setting CVar [[r.VSync:0]]
[2019.09.13-17.31.25:059][  0]LogConfig: Setting CVar [[r.RHICmdBypass:0]]
[2019.09.13-17.31.25:059][  0]LogConfig: Applying CVar settings from Section [/Script/Engine.RendererSettings] File [D:/Unreal Projects/ExploreAndCollect/Saved/Config/Windows/Engine.ini]
[2019.09.13-17.31.25:059][  0]LogConfig: Setting CVar [[r.GPUCrashDebugging:0]]
[2019.09.13-17.31.25:059][  0]LogConfig: Applying CVar settings from Section [/Script/Engine.RendererOverrideSettings] File [D:/Unreal Projects/ExploreAndCollect/Saved/Config/Windows/Engine.ini]
[2019.09.13-17.31.25:059][  0]LogConfig: Applying CVar settings from Section [/Script/Engine.StreamingSettings] File [D:/Unreal Projects/ExploreAndCollect/Saved/Config/Windows/Engine.ini]
[2019.09.13-17.31.25:059][  0]LogConfig: Setting CVar [[s.MinBulkDataSizeForAsyncLoading:131072]]
[2019.09.13-17.31.25:059][  0]LogConfig: Setting CVar [[s.AsyncLoadingThreadEnabled:0]]
[2019.09.13-17.31.25:059][  0]LogConfig: Setting CVar [[s.EventDrivenLoaderEnabled:1]]
[2019.09.13-17.31.25:059][  0]LogConfig: Setting CVar [[s.WarnIfTimeLimitExceeded:0]]
[2019.09.13-17.31.25:059][  0]LogConfig: Setting CVar [[s.TimeLimitExceededMultiplier:1.5]]
[2019.09.13-17.31.25:059][  0]LogConfig: Setting CVar [[s.TimeLimitExceededMinTime:0.005]]
[2019.09.13-17.31.25:059][  0]LogConfig: Setting CVar [[s.UseBackgroundLevelStreaming:1]]
[2019.09.13-17.31.25:059][  0]LogConfig: Setting CVar [[s.PriorityAsyncLoadingExtraTime:15.0]]
[2019.09.13-17.31.25:059][  0]LogConfig: Setting CVar [[s.LevelStreamingActorsUpdateTimeLimit:5.0]]
[2019.09.13-17.31.25:059][  0]LogConfig: Setting CVar [[s.PriorityLevelStreamingActorsUpdateExtraTime:5.0]]
[2019.09.13-17.31.25:059][  0]LogConfig: Setting CVar [[s.LevelStreamingComponentsRegistrationGranularity:10]]
[2019.09.13-17.31.25:059][  0]LogConfig: Setting CVar [[s.UnregisterComponentsTimeLimit:1.0]]
[2019.09.13-17.31.25:059][  0]LogConfig: Setting CVar [[s.LevelStreamingComponentsUnregistrationGranularity:5]]
[2019.09.13-17.31.25:059][  0]LogConfig: Applying CVar settings from Section [/Script/Engine.GarbageCollectionSettings] File [D:/Unreal Projects/ExploreAndCollect/Saved/Config/Windows/Engine.ini]
[2019.09.13-17.31.25:059][  0]LogConfig: Setting CVar [[gc.MaxObjectsNotConsideredByGC:1]]
[2019.09.13-17.31.25:059][  0]LogConfig: Setting CVar [[gc.SizeOfPermanentObjectPool:0]]
[2019.09.13-17.31.25:059][  0]LogConfig: Setting CVar [[gc.FlushStreamingOnGC:0]]
[2019.09.13-17.31.25:059][  0]LogConfig: Setting CVar [[gc.NumRetriesBeforeForcingGC:10]]
[2019.09.13-17.31.25:059][  0]LogConfig: Setting CVar [[gc.AllowParallelGC:1]]
[2019.09.13-17.31.25:059][  0]LogConfig: Setting CVar [[gc.TimeBetweenPurgingPendingKillObjects:61.1]]
[2019.09.13-17.31.25:059][  0]LogConfig: Setting CVar [[gc.MaxObjectsInEditor:16777216]]
[2019.09.13-17.31.25:059][  0]LogConfig: Setting CVar [[gc.IncrementalBeginDestroyEnabled:1]]
[2019.09.13-17.31.25:059][  0]LogConfig: Setting CVar [[gc.CreateGCClusters:1]]
[2019.09.13-17.31.25:059][  0]LogConfig: Setting CVar [[gc.MinGCClusterSize:5]]
[2019.09.13-17.31.25:059][  0]LogConfig: Setting CVar [[gc.ActorClusteringEnabled:0]]
[2019.09.13-17.31.25:059][  0]LogConfig: Setting CVar [[gc.BlueprintClusteringEnabled:0]]
[2019.09.13-17.31.25:059][  0]LogConfig: Setting CVar [[gc.UseDisregardForGCOnDedicatedServers:0]]
[2019.09.13-17.31.25:059][  0]LogConfig: Applying CVar settings from Section [/Script/Engine.NetworkSettings] File [D:/Unreal Projects/ExploreAndCollect/Saved/Config/Windows/Engine.ini]
[2019.09.13-17.31.25:059][  0]LogConfig: Applying CVar settings from Section [/Script/UnrealEd.CookerSettings] File [D:/Unreal Projects/ExploreAndCollect/Saved/Config/Windows/Engine.ini]
[2019.09.13-17.31.25:067][  0]LogConfig: Applying CVar settings from Section [ViewDistanceQuality@3] File [D:/Unreal Projects/ExploreAndCollect/Saved/Config/Windows/Scalability.ini]
[2019.09.13-17.31.25:067][  0]LogConfig: Setting CVar [[r.SkeletalMeshLODBias:0]]
[2019.09.13-17.31.25:067][  0]LogConfig: Setting CVar [[r.ViewDistanceScale:1.0]]
[2019.09.13-17.31.25:067][  0]LogConfig: Applying CVar settings from Section [AntiAliasingQuality@3] File [D:/Unreal Projects/ExploreAndCollect/Saved/Config/Windows/Scalability.ini]
[2019.09.13-17.31.25:067][  0]LogConfig: Setting CVar [[r.PostProcessAAQuality:4]]
[2019.09.13-17.31.25:067][  0]LogConfig: Applying CVar settings from Section [ShadowQuality@3] File [D:/Unreal Projects/ExploreAndCollect/Saved/Config/Windows/Scalability.ini]
[2019.09.13-17.31.25:067][  0]LogConfig: Setting CVar [[r.LightFunctionQuality:1]]
[2019.09.13-17.31.25:067][  0]LogConfig: Setting CVar [[r.ShadowQuality:5]]
[2019.09.13-17.31.25:067][  0]LogConfig: Setting CVar [[r.Shadow.CSM.MaxCascades:10]]
[2019.09.13-17.31.25:067][  0]LogConfig: Setting CVar [[r.Shadow.MaxResolution:2048]]
[2019.09.13-17.31.25:067][  0]LogConfig: Setting CVar [[r.Shadow.MaxCSMResolution:2048]]
[2019.09.13-17.31.25:068][  0]LogConfig: Setting CVar [[r.Shadow.RadiusThreshold:0.01]]
[2019.09.13-17.31.25:068][  0]LogConfig: Setting CVar [[r.Shadow.DistanceScale:1.0]]
[2019.09.13-17.31.25:068][  0]LogConfig: Setting CVar [[r.Shadow.CSM.TransitionScale:1.0]]
[2019.09.13-17.31.25:068][  0]LogConfig: Setting CVar [[r.Shadow.PreShadowResolutionFactor:1.0]]
[2019.09.13-17.31.25:068][  0]LogConfig: Setting CVar [[r.DistanceFieldShadowing:1]]
[2019.09.13-17.31.25:068][  0]LogConfig: Setting CVar [[r.DistanceFieldAO:1]]
[2019.09.13-17.31.25:068][  0]LogConfig: Setting CVar [[r.AOQuality:2]]
[2019.09.13-17.31.25:068][  0]LogConfig: Setting CVar [[r.VolumetricFog:1]]
[2019.09.13-17.31.25:068][  0]LogConfig: Setting CVar [[r.VolumetricFog.GridPixelSize:8]]
[2019.09.13-17.31.25:068][  0]LogConfig: Setting CVar [[r.VolumetricFog.GridSizeZ:128]]
[2019.09.13-17.31.25:068][  0]LogConfig: Setting CVar [[r.VolumetricFog.HistoryMissSupersampleCount:4]]
[2019.09.13-17.31.25:068][  0]LogConfig: Setting CVar [[r.LightMaxDrawDistanceScale:1]]
[2019.09.13-17.31.25:068][  0]LogConfig: Setting CVar [[r.CapsuleShadows:1]]
[2019.09.13-17.31.25:068][  0]LogConfig: Applying CVar settings from Section [PostProcessQuality@3] File [D:/Unreal Projects/ExploreAndCollect/Saved/Config/Windows/Scalability.ini]
[2019.09.13-17.31.25:068][  0]LogConfig: Setting CVar [[r.MotionBlurQuality:4]]
[2019.09.13-17.31.25:068][  0]LogConfig: Setting CVar [[r.AmbientOcclusionMipLevelFactor:0.4]]
[2019.09.13-17.31.25:068][  0]LogConfig: Setting CVar [[r.AmbientOcclusionMaxQuality:100]]
[2019.09.13-17.31.25:068][  0]LogConfig: Setting CVar [[r.AmbientOcclusionLevels:-1]]
[2019.09.13-17.31.25:068][  0]LogConfig: Setting CVar [[r.AmbientOcclusionRadiusScale:1.0]]
[2019.09.13-17.31.25:068][  0]LogConfig: Setting CVar [[r.DepthOfFieldQuality:2]]
[2019.09.13-17.31.25:068][  0]LogConfig: Setting CVar [[r.RenderTargetPoolMin:400]]
[2019.09.13-17.31.25:068][  0]LogConfig: Setting CVar [[r.LensFlareQuality:2]]
[2019.09.13-17.31.25:068][  0]LogConfig: Setting CVar [[r.SceneColorFringeQuality:1]]
[2019.09.13-17.31.25:068][  0]LogConfig: Setting CVar [[r.EyeAdaptationQuality:2]]
[2019.09.13-17.31.25:068][  0]LogConfig: Setting CVar [[r.BloomQuality:5]]
[2019.09.13-17.31.25:068][  0]LogConfig: Setting CVar [[r.FastBlurThreshold:100]]
[2019.09.13-17.31.25:068][  0]LogConfig: Setting CVar [[r.Upscale.Quality:3]]
[2019.09.13-17.31.25:068][  0]LogConfig: Setting CVar [[r.Tonemapper.GrainQuantization:1]]
[2019.09.13-17.31.25:068][  0]LogConfig: Setting CVar [[r.LightShaftQuality:1]]
[2019.09.13-17.31.25:068][  0]LogConfig: Setting CVar [[r.Filter.SizeScale:1]]
[2019.09.13-17.31.25:068][  0]LogConfig: Setting CVar [[r.Tonemapper.Quality:5]]
[2019.09.13-17.31.25:068][  0]LogConfig: Setting CVar [[r.DOF.Gather.AccumulatorQuality:1        ; higher gathering accumulator quality]]
[2019.09.13-17.31.25:068][  0]LogConfig: Setting CVar [[r.DOF.Gather.PostfilterMethod:1          ; Median3x3 postfilering method]]
[2019.09.13-17.31.25:068][  0]LogConfig: Setting CVar [[r.DOF.Gather.EnableBokehSettings:0       ; no bokeh simulation when gathering]]
[2019.09.13-17.31.25:068][  0]LogConfig: Setting CVar [[r.DOF.Gather.RingCount:4                 ; medium number of samples when gathering]]
[2019.09.13-17.31.25:068][  0]LogConfig: Setting CVar [[r.DOF.Scatter.ForegroundCompositing:1    ; additive foreground scattering]]
[2019.09.13-17.31.25:068][  0]LogConfig: Setting CVar [[r.DOF.Scatter.BackgroundCompositing:2    ; additive background scattering]]
[2019.09.13-17.31.25:068][  0]LogConfig: Setting CVar [[r.DOF.Scatter.EnableBokehSettings:1      ; bokeh simulation when scattering]]
[2019.09.13-17.31.25:068][  0]LogConfig: Setting CVar [[r.DOF.Scatter.MaxSpriteRatio:0.1         ; only a maximum of 10% of scattered bokeh]]
[2019.09.13-17.31.25:068][  0]LogConfig: Setting CVar [[r.DOF.Recombine.Quality:1                ; cheap slight out of focus]]
[2019.09.13-17.31.25:068][  0]LogConfig: Setting CVar [[r.DOF.Recombine.EnableBokehSettings:0    ; no bokeh simulation on slight out of focus]]
[2019.09.13-17.31.25:068][  0]LogConfig: Setting CVar [[r.DOF.TemporalAAQuality:1                ; more stable temporal accumulation]]
[2019.09.13-17.31.25:068][  0]LogConfig: Setting CVar [[r.DOF.Kernel.MaxForegroundRadius:0.025]]
[2019.09.13-17.31.25:068][  0]LogConfig: Setting CVar [[r.DOF.Kernel.MaxBackgroundRadius:0.025]]
[2019.09.13-17.31.25:068][  0]LogConfig: Applying CVar settings from Section [TextureQuality@3] File [D:/Unreal Projects/ExploreAndCollect/Saved/Config/Windows/Scalability.ini]
[2019.09.13-17.31.25:068][  0]LogConfig: Setting CVar [[r.Streaming.MipBias:0]]
[2019.09.13-17.31.25:068][  0]LogConfig: Setting CVar [[r.Streaming.AmortizeCPUToGPUCopy:0]]
[2019.09.13-17.31.25:068][  0]LogConfig: Setting CVar [[r.Streaming.MaxNumTexturesToStreamPerFrame:0]]
[2019.09.13-17.31.25:068][  0]LogConfig: Setting CVar [[r.Streaming.Boost:1]]
[2019.09.13-17.31.25:068][  0]LogConfig: Setting CVar [[r.MaxAnisotropy:8]]
[2019.09.13-17.31.25:068][  0]LogConfig: Setting CVar [[r.Streaming.LimitPoolSizeToVRAM:0]]
[2019.09.13-17.31.25:068][  0]LogConfig: Setting CVar [[r.Streaming.PoolSize:1000]]
[2019.09.13-17.31.25:068][  0]LogConfig: Setting CVar [[r.Streaming.MaxEffectiveScreenSize:0]]
[2019.09.13-17.31.25:069][  0]LogConfig: Applying CVar settings from Section [EffectsQuality@3] File [D:/Unreal Projects/ExploreAndCollect/Saved/Config/Windows/Scalability.ini]
[2019.09.13-17.31.25:069][  0]LogConfig: Setting CVar [[r.TranslucencyLightingVolumeDim:64]]
[2019.09.13-17.31.25:069][  0]LogConfig: Setting CVar [[r.RefractionQuality:2]]
[2019.09.13-17.31.25:069][  0]LogConfig: Setting CVar [[r.SSR.Quality:3]]
[2019.09.13-17.31.25:069][  0]LogConfig: Setting CVar [[r.SceneColorFormat:4]]
[2019.09.13-17.31.25:069][  0]LogConfig: Setting CVar [[r.DetailMode:2]]
[2019.09.13-17.31.25:069][  0]LogConfig: Setting CVar [[r.TranslucencyVolumeBlur:1]]
[2019.09.13-17.31.25:069][  0]LogConfig: Setting CVar [[r.MaterialQualityLevel:1 ; High quality]]
[2019.09.13-17.31.25:069][  0]LogConfig: Setting CVar [[r.SSS.Scale:1]]
[2019.09.13-17.31.25:069][  0]LogConfig: Setting CVar [[r.SSS.SampleSet:2]]
[2019.09.13-17.31.25:069][  0]LogConfig: Setting CVar [[r.SSS.Quality:1]]
[2019.09.13-17.31.25:069][  0]LogConfig: Setting CVar [[r.SSS.HalfRes:1]]
[2019.09.13-17.31.25:069][  0]LogConfig: Setting CVar [[r.EmitterSpawnRateScale:1.0]]
[2019.09.13-17.31.25:069][  0]LogConfig: Setting CVar [[r.ParticleLightQuality:2]]
[2019.09.13-17.31.25:069][  0]LogConfig: Applying CVar settings from Section [FoliageQuality@3] File [D:/Unreal Projects/ExploreAndCollect/Saved/Config/Windows/Scalability.ini]
[2019.09.13-17.31.25:069][  0]LogConfig: Setting CVar [[foliage.DensityScale:1.0]]
[2019.09.13-17.31.25:069][  0]LogConfig: Setting CVar [[grass.DensityScale:1.0]]
[2019.09.13-17.31.25:069][  0]LogInit: Selected Device Profile: [Windows]
[2019.09.13-17.31.25:069][  0]LogInit: Applying CVar settings loaded from the selected device profile: [Windows]
[2019.09.13-17.31.25:122][  0]LogHAL: Display: Platform has ~ 16 GB [17046728704 / 17179869184 / 16], which maps to Larger [LargestMinGB=32, LargerMinGB=12, DefaultMinGB=8, SmallerMinGB=6, SmallestMinGB=0)
[2019.09.13-17.31.25:122][  0]LogConfig: Setting CVar [[r.Vulkan.UseRealUBs:0		; Required until we fix HLR fall-out]]
[2019.09.13-17.31.25:122][  0]LogInit: Going up to parent DeviceProfile []
[2019.09.13-17.31.25:122][  0]LogConfig: Applying CVar settings from Section [ViewDistanceQuality@3] File [D:/Unreal Projects/ExploreAndCollect/Saved/Config/Windows/Scalability.ini]
[2019.09.13-17.31.25:122][  0]LogConfig: Setting CVar [[r.SkeletalMeshLODBias:0]]
[2019.09.13-17.31.25:122][  0]LogConfig: Setting CVar [[r.ViewDistanceScale:1.0]]
[2019.09.13-17.31.25:122][  0]LogConfig: Applying CVar settings from Section [AntiAliasingQuality@3] File [D:/Unreal Projects/ExploreAndCollect/Saved/Config/Windows/Scalability.ini]
[2019.09.13-17.31.25:122][  0]LogConfig: Setting CVar [[r.PostProcessAAQuality:4]]
[2019.09.13-17.31.25:122][  0]LogConfig: Applying CVar settings from Section [ShadowQuality@3] File [D:/Unreal Projects/ExploreAndCollect/Saved/Config/Windows/Scalability.ini]
[2019.09.13-17.31.25:122][  0]LogConfig: Setting CVar [[r.LightFunctionQuality:1]]
[2019.09.13-17.31.25:122][  0]LogConfig: Setting CVar [[r.ShadowQuality:5]]
[2019.09.13-17.31.25:122][  0]LogConfig: Setting CVar [[r.Shadow.CSM.MaxCascades:10]]
[2019.09.13-17.31.25:122][  0]LogConfig: Setting CVar [[r.Shadow.MaxResolution:2048]]
[2019.09.13-17.31.25:122][  0]LogConfig: Setting CVar [[r.Shadow.MaxCSMResolution:2048]]
[2019.09.13-17.31.25:122][  0]LogConfig: Setting CVar [[r.Shadow.RadiusThreshold:0.01]]
[2019.09.13-17.31.25:122][  0]LogConfig: Setting CVar [[r.Shadow.DistanceScale:1.0]]
[2019.09.13-17.31.25:122][  0]LogConfig: Setting CVar [[r.Shadow.CSM.TransitionScale:1.0]]
[2019.09.13-17.31.25:122][  0]LogConfig: Setting CVar [[r.Shadow.PreShadowResolutionFactor:1.0]]
[2019.09.13-17.31.25:122][  0]LogConfig: Setting CVar [[r.DistanceFieldShadowing:1]]
[2019.09.13-17.31.25:122][  0]LogConfig: Setting CVar [[r.DistanceFieldAO:1]]
[2019.09.13-17.31.25:122][  0]LogConfig: Setting CVar [[r.AOQuality:2]]
[2019.09.13-17.31.25:122][  0]LogConfig: Setting CVar [[r.VolumetricFog:1]]
[2019.09.13-17.31.25:122][  0]LogConfig: Setting CVar [[r.VolumetricFog.GridPixelSize:8]]
[2019.09.13-17.31.25:122][  0]LogConfig: Setting CVar [[r.VolumetricFog.GridSizeZ:128]]
[2019.09.13-17.31.25:122][  0]LogConfig: Setting CVar [[r.VolumetricFog.HistoryMissSupersampleCount:4]]
[2019.09.13-17.31.25:122][  0]LogConfig: Setting CVar [[r.LightMaxDrawDistanceScale:1]]
[2019.09.13-17.31.25:122][  0]LogConfig: Setting CVar [[r.CapsuleShadows:1]]
[2019.09.13-17.31.25:122][  0]LogConfig: Applying CVar settings from Section [PostProcessQuality@3] File [D:/Unreal Projects/ExploreAndCollect/Saved/Config/Windows/Scalability.ini]
[2019.09.13-17.31.25:122][  0]LogConfig: Setting CVar [[r.MotionBlurQuality:4]]
[2019.09.13-17.31.25:122][  0]LogConfig: Setting CVar [[r.AmbientOcclusionMipLevelFactor:0.4]]
[2019.09.13-17.31.25:123][  0]LogConfig: Setting CVar [[r.AmbientOcclusionMaxQuality:100]]
[2019.09.13-17.31.25:123][  0]LogConfig: Setting CVar [[r.AmbientOcclusionLevels:-1]]
[2019.09.13-17.31.25:123][  0]LogConfig: Setting CVar [[r.AmbientOcclusionRadiusScale:1.0]]
[2019.09.13-17.31.25:123][  0]LogConfig: Setting CVar [[r.DepthOfFieldQuality:2]]
[2019.09.13-17.31.25:123][  0]LogConfig: Setting CVar [[r.RenderTargetPoolMin:400]]
[2019.09.13-17.31.25:123][  0]LogConfig: Setting CVar [[r.LensFlareQuality:2]]
[2019.09.13-17.31.25:123][  0]LogConfig: Setting CVar [[r.SceneColorFringeQuality:1]]
[2019.09.13-17.31.25:123][  0]LogConfig: Setting CVar [[r.EyeAdaptationQuality:2]]
[2019.09.13-17.31.25:123][  0]LogConfig: Setting CVar [[r.BloomQuality:5]]
[2019.09.13-17.31.25:123][  0]LogConfig: Setting CVar [[r.FastBlurThreshold:100]]
[2019.09.13-17.31.25:123][  0]LogConfig: Setting CVar [[r.Upscale.Quality:3]]
[2019.09.13-17.31.25:123][  0]LogConfig: Setting CVar [[r.Tonemapper.GrainQuantization:1]]
[2019.09.13-17.31.25:123][  0]LogConfig: Setting CVar [[r.LightShaftQuality:1]]
[2019.09.13-17.31.25:123][  0]LogConfig: Setting CVar [[r.Filter.SizeScale:1]]
[2019.09.13-17.31.25:123][  0]LogConfig: Setting CVar [[r.Tonemapper.Quality:5]]
[2019.09.13-17.31.25:123][  0]LogConfig: Setting CVar [[r.DOF.Gather.AccumulatorQuality:1        ; higher gathering accumulator quality]]
[2019.09.13-17.31.25:123][  0]LogConfig: Setting CVar [[r.DOF.Gather.PostfilterMethod:1          ; Median3x3 postfilering method]]
[2019.09.13-17.31.25:123][  0]LogConfig: Setting CVar [[r.DOF.Gather.EnableBokehSettings:0       ; no bokeh simulation when gathering]]
[2019.09.13-17.31.25:123][  0]LogConfig: Setting CVar [[r.DOF.Gather.RingCount:4                 ; medium number of samples when gathering]]
[2019.09.13-17.31.25:123][  0]LogConfig: Setting CVar [[r.DOF.Scatter.ForegroundCompositing:1    ; additive foreground scattering]]
[2019.09.13-17.31.25:123][  0]LogConfig: Setting CVar [[r.DOF.Scatter.BackgroundCompositing:2    ; additive background scattering]]
[2019.09.13-17.31.25:123][  0]LogConfig: Setting CVar [[r.DOF.Scatter.EnableBokehSettings:1      ; bokeh simulation when scattering]]
[2019.09.13-17.31.25:123][  0]LogConfig: Setting CVar [[r.DOF.Scatter.MaxSpriteRatio:0.1         ; only a maximum of 10% of scattered bokeh]]
[2019.09.13-17.31.25:123][  0]LogConfig: Setting CVar [[r.DOF.Recombine.Quality:1                ; cheap slight out of focus]]
[2019.09.13-17.31.25:123][  0]LogConfig: Setting CVar [[r.DOF.Recombine.EnableBokehSettings:0    ; no bokeh simulation on slight out of focus]]
[2019.09.13-17.31.25:123][  0]LogConfig: Setting CVar [[r.DOF.TemporalAAQuality:1                ; more stable temporal accumulation]]
[2019.09.13-17.31.25:123][  0]LogConfig: Setting CVar [[r.DOF.Kernel.MaxForegroundRadius:0.025]]
[2019.09.13-17.31.25:123][  0]LogConfig: Setting CVar [[r.DOF.Kernel.MaxBackgroundRadius:0.025]]
[2019.09.13-17.31.25:123][  0]LogConfig: Applying CVar settings from Section [TextureQuality@3] File [D:/Unreal Projects/ExploreAndCollect/Saved/Config/Windows/Scalability.ini]
[2019.09.13-17.31.25:123][  0]LogConfig: Setting CVar [[r.Streaming.MipBias:0]]
[2019.09.13-17.31.25:123][  0]LogConfig: Setting CVar [[r.Streaming.AmortizeCPUToGPUCopy:0]]
[2019.09.13-17.31.25:123][  0]LogConfig: Setting CVar [[r.Streaming.MaxNumTexturesToStreamPerFrame:0]]
[2019.09.13-17.31.25:123][  0]LogConfig: Setting CVar [[r.Streaming.Boost:1]]
[2019.09.13-17.31.25:123][  0]LogConfig: Setting CVar [[r.MaxAnisotropy:8]]
[2019.09.13-17.31.25:123][  0]LogConfig: Setting CVar [[r.Streaming.LimitPoolSizeToVRAM:0]]
[2019.09.13-17.31.25:123][  0]LogConfig: Setting CVar [[r.Streaming.PoolSize:1000]]
[2019.09.13-17.31.25:123][  0]LogConfig: Setting CVar [[r.Streaming.MaxEffectiveScreenSize:0]]
[2019.09.13-17.31.25:123][  0]LogConfig: Applying CVar settings from Section [EffectsQuality@3] File [D:/Unreal Projects/ExploreAndCollect/Saved/Config/Windows/Scalability.ini]
[2019.09.13-17.31.25:123][  0]LogConfig: Setting CVar [[r.TranslucencyLightingVolumeDim:64]]
[2019.09.13-17.31.25:123][  0]LogConfig: Setting CVar [[r.RefractionQuality:2]]
[2019.09.13-17.31.25:123][  0]LogConfig: Setting CVar [[r.SSR.Quality:3]]
[2019.09.13-17.31.25:123][  0]LogConfig: Setting CVar [[r.SceneColorFormat:4]]
[2019.09.13-17.31.25:123][  0]LogConfig: Setting CVar [[r.DetailMode:2]]
[2019.09.13-17.31.25:123][  0]LogConfig: Setting CVar [[r.TranslucencyVolumeBlur:1]]
[2019.09.13-17.31.25:123][  0]LogConfig: Setting CVar [[r.MaterialQualityLevel:1 ; High quality]]
[2019.09.13-17.31.25:123][  0]LogConfig: Setting CVar [[r.SSS.Scale:1]]
[2019.09.13-17.31.25:123][  0]LogConfig: Setting CVar [[r.SSS.SampleSet:2]]
[2019.09.13-17.31.25:123][  0]LogConfig: Setting CVar [[r.SSS.Quality:1]]
[2019.09.13-17.31.25:123][  0]LogConfig: Setting CVar [[r.SSS.HalfRes:1]]
[2019.09.13-17.31.25:123][  0]LogConfig: Setting CVar [[r.EmitterSpawnRateScale:1.0]]
[2019.09.13-17.31.25:123][  0]LogConfig: Setting CVar [[r.ParticleLightQuality:2]]
[2019.09.13-17.31.25:123][  0]LogConfig: Applying CVar settings from Section [FoliageQuality@3] File [D:/Unreal Projects/ExploreAndCollect/Saved/Config/Windows/Scalability.ini]
[2019.09.13-17.31.25:123][  0]LogConfig: Setting CVar [[foliage.DensityScale:1.0]]
[2019.09.13-17.31.25:123][  0]LogConfig: Setting CVar [[grass.DensityScale:1.0]]
[2019.09.13-17.31.25:123][  0]LogConfig: Applying CVar settings from Section [Startup] File [../../../Engine/Config/ConsoleVariables.ini]
[2019.09.13-17.31.25:124][  0]LogConfig: Setting CVar [[net.UseAdaptiveNetUpdateFrequency:0]]
[2019.09.13-17.31.25:124][  0]LogConfig: Setting CVar [[p.chaos.AllowCreatePhysxBodies:1]]
[2019.09.13-17.31.25:124][  0]LogConfig: Applying CVar settings from Section [ConsoleVariables] File [D:/Unreal Projects/ExploreAndCollect/Saved/Config/Windows/Engine.ini]
[2019.09.13-17.31.25:124][  0]LogInit: Computer: DESKTOP-5O8QQ8M
[2019.09.13-17.31.25:124][  0]LogInit: User: willi
[2019.09.13-17.31.25:124][  0]LogInit: CPU Page size=4096, Cores=4
[2019.09.13-17.31.25:124][  0]LogInit: High frequency timer resolution =10.000000 MHz
[2019.09.13-17.31.25:124][  0]LogMemory: Memory total: Physical=15.9GB (16GB approx)
[2019.09.13-17.31.25:124][  0]LogMemory: Platform Memory Stats for Windows
[2019.09.13-17.31.25:124][  0]LogMemory: Process Physical Memory: 98.29 MB used, 98.29 MB peak
[2019.09.13-17.31.25:124][  0]LogMemory: Process Virtual Memory: 89.01 MB used, 89.01 MB peak
[2019.09.13-17.31.25:124][  0]LogMemory: Physical Memory: 6980.09 MB used,  9276.93 MB free, 16257.03 MB total
[2019.09.13-17.31.25:124][  0]LogMemory: Virtual Memory: 4642.11 MB used,  134213088.00 MB free, 134217728.00 MB total
[2019.09.13-17.31.25:682][  0]LogInit: Using OS detected language (en-US).
[2019.09.13-17.31.25:682][  0]LogInit: Using OS detected locale (en-CA).
[2019.09.13-17.31.25:685][  0]LogTextLocalizationManager: No specific localization for 'en-US' exists, so the 'en' localization will be used.
[2019.09.13-17.31.26:258][  0]LogInit: Setting process to per monitor DPI aware
[2019.09.13-17.31.26:500][  0]LogSlate: New Slate User Created.  User Index 0, Is Virtual User: 0
[2019.09.13-17.31.26:500][  0]LogSlate: Slate User Registered.  User Index 0, Is Virtual User: 0
[2019.09.13-17.31.27:221][  0]LogHMD: Failed to initialize OpenVR with code 110
[2019.09.13-17.31.27:221][  0]LogD3D11RHI: D3D11 adapters:
[2019.09.13-17.31.27:309][  0]LogD3D11RHI:    0. 'NVIDIA GeForce GTX 1070' (Feature Level 11_0)
[2019.09.13-17.31.27:309][  0]LogD3D11RHI:       8081/0/8128 MB DedicatedVideo/DedicatedSystem/SharedSystem, Outputs:1, VendorId:0x10de
[2019.09.13-17.31.27:335][  0]LogD3D11RHI:    1. 'Intel(R) HD Graphics 630' (Feature Level 11_0)
[2019.09.13-17.31.27:335][  0]LogD3D11RHI:       128/0/8128 MB DedicatedVideo/DedicatedSystem/SharedSystem, Outputs:0, VendorId:0x8086
[2019.09.13-17.31.27:340][  0]LogD3D11RHI:    2. 'Microsoft Basic Render Driver' (Feature Level 11_0)
[2019.09.13-17.31.27:340][  0]LogD3D11RHI:       0/0/8128 MB DedicatedVideo/DedicatedSystem/SharedSystem, Outputs:0, VendorId:0x1414
[2019.09.13-17.31.27:340][  0]LogD3D11RHI: Chosen D3D11 Adapter: 0
[2019.09.13-17.31.27:351][  0]LogD3D11RHI: Creating new Direct3DDevice
[2019.09.13-17.31.27:351][  0]LogD3D11RHI:     GPU DeviceId: 0x1be1 (for the marketing name, search the web for "GPU Device Id")
[2019.09.13-17.31.27:351][  0]LogWindows: EnumDisplayDevices:
[2019.09.13-17.31.27:351][  0]LogWindows:    0. 'NVIDIA GeForce GTX 1070' (P:1 D:1)
[2019.09.13-17.31.27:352][  0]LogWindows:    1. 'NVIDIA GeForce GTX 1070' (P:0 D:0)
[2019.09.13-17.31.27:352][  0]LogWindows:    2. 'NVIDIA GeForce GTX 1070' (P:0 D:0)
[2019.09.13-17.31.27:352][  0]LogWindows:    3. 'NVIDIA GeForce GTX 1070' (P:0 D:0)
[2019.09.13-17.31.27:353][  0]LogWindows:    4. 'Intel(R) HD Graphics 630' (P:0 D:0)
[2019.09.13-17.31.27:353][  0]LogWindows:    5. 'Intel(R) HD Graphics 630' (P:0 D:0)
[2019.09.13-17.31.27:354][  0]LogWindows:    6. 'Intel(R) HD Graphics 630' (P:0 D:0)
[2019.09.13-17.31.27:354][  0]LogWindows: DebugString: PrimaryIsNotTheChoosenAdapter PrimaryIsNotTheChoosenAdapter PrimaryIsNotTheChoosenAdapter FoundDriverCount:4 
[2019.09.13-17.31.27:354][  0]LogD3D11RHI:     Adapter Name: NVIDIA GeForce GTX 1070
[2019.09.13-17.31.27:354][  0]LogD3D11RHI:   Driver Version: 417.71 (internal:25.21.14.1771, unified:417.71)
[2019.09.13-17.31.27:354][  0]LogD3D11RHI:      Driver Date: 1-11-2019
[2019.09.13-17.31.27:354][  0]LogRHI: Texture pool is 5656 MB (70% of 8081 MB)
[2019.09.13-17.31.27:409][  0]LogD3D11RHI: Async texture creation enabled
[2019.09.13-17.31.27:427][  0]LogRendererCore: FGlobalReadBuffer::InitRHI
[2019.09.13-17.31.27:428][  0]LogRendererCore: FGlobalReadBuffer::InitRHI
[2019.09.13-17.31.27:428][  0]LogRendererCore: FGlobalReadBuffer::InitRHI
[2019.09.13-17.31.27:442][  0]LogD3D11RHI: GPU Timing Frequency: 1000.000000 (Debug: 2 2)
[2019.09.13-17.31.28:035][  0]LogTemp: Display: Module 'AllDesktopTargetPlatform' loaded TargetPlatform 'AllDesktop'
[2019.09.13-17.31.28:056][  0]LogTemp: Display: Module 'MacClientTargetPlatform' loaded TargetPlatform 'MacClient'
[2019.09.13-17.31.28:082][  0]LogTemp: Display: Module 'MacNoEditorTargetPlatform' loaded TargetPlatform 'MacNoEditor'
[2019.09.13-17.31.28:183][  0]LogTemp: Display: Module 'MacServerTargetPlatform' loaded TargetPlatform 'MacServer'
[2019.09.13-17.31.28:234][  0]LogTemp: Display: Module 'MacTargetPlatform' loaded TargetPlatform 'Mac'
[2019.09.13-17.31.28:263][  0]LogTemp: Display: Module 'WindowsClientTargetPlatform' loaded TargetPlatform 'WindowsClient'
[2019.09.13-17.31.28:285][  0]LogTemp: Display: Module 'WindowsNoEditorTargetPlatform' loaded TargetPlatform 'WindowsNoEditor'
[2019.09.13-17.31.28:315][  0]LogTemp: Display: Module 'WindowsServerTargetPlatform' loaded TargetPlatform 'WindowsServer'
[2019.09.13-17.31.28:329][  0]LogTemp: Display: Module 'WindowsTargetPlatform' loaded TargetPlatform 'Windows'
[2019.09.13-17.31.28:435][  0]LogTemp: Display: Module 'AndroidTargetPlatform' loaded TargetPlatform 'Android'
[2019.09.13-17.31.28:435][  0]LogTemp: Display: Module 'AndroidTargetPlatform' loaded TargetPlatform 'Android_ASTC'
[2019.09.13-17.31.28:435][  0]LogTemp: Display: Module 'AndroidTargetPlatform' loaded TargetPlatform 'Android_ATC'
[2019.09.13-17.31.28:435][  0]LogTemp: Display: Module 'AndroidTargetPlatform' loaded TargetPlatform 'Android_DXT'
[2019.09.13-17.31.28:435][  0]LogTemp: Display: Module 'AndroidTargetPlatform' loaded TargetPlatform 'Android_ETC1'
[2019.09.13-17.31.28:435][  0]LogTemp: Display: Module 'AndroidTargetPlatform' loaded TargetPlatform 'Android_ETC1a'
[2019.09.13-17.31.28:435][  0]LogTemp: Display: Module 'AndroidTargetPlatform' loaded TargetPlatform 'Android_ETC2'
[2019.09.13-17.31.28:435][  0]LogTemp: Display: Module 'AndroidTargetPlatform' loaded TargetPlatform 'Android_PVRTC'
[2019.09.13-17.31.28:436][  0]LogTemp: Display: Module 'AndroidTargetPlatform' loaded TargetPlatform 'AndroidClient'
[2019.09.13-17.31.28:436][  0]LogTemp: Display: Module 'AndroidTargetPlatform' loaded TargetPlatform 'Android_ASTCClient'
[2019.09.13-17.31.28:436][  0]LogTemp: Display: Module 'AndroidTargetPlatform' loaded TargetPlatform 'Android_ATCClient'
[2019.09.13-17.31.28:436][  0]LogTemp: Display: Module 'AndroidTargetPlatform' loaded TargetPlatform 'Android_DXTClient'
[2019.09.13-17.31.28:436][  0]LogTemp: Display: Module 'AndroidTargetPlatform' loaded TargetPlatform 'Android_ETC1Client'
[2019.09.13-17.31.28:436][  0]LogTemp: Display: Module 'AndroidTargetPlatform' loaded TargetPlatform 'Android_ETC1aClient'
[2019.09.13-17.31.28:436][  0]LogTemp: Display: Module 'AndroidTargetPlatform' loaded TargetPlatform 'Android_ETC2Client'
[2019.09.13-17.31.28:436][  0]LogTemp: Display: Module 'AndroidTargetPlatform' loaded TargetPlatform 'Android_PVRTCClient'
[2019.09.13-17.31.28:436][  0]LogTemp: Display: Module 'AndroidTargetPlatform' loaded TargetPlatform 'Android_Multi'
[2019.09.13-17.31.28:436][  0]LogTemp: Display: Module 'AndroidTargetPlatform' loaded TargetPlatform 'Android_MultiClient'
[2019.09.13-17.31.28:456][  0]LogTemp: Display: Module 'HTML5TargetPlatform' loaded TargetPlatform 'HTML5'
[2019.09.13-17.31.28:557][  0]LogTemp: Display: Module 'IOSTargetPlatform' loaded TargetPlatform 'IOSClient'
[2019.09.13-17.31.28:557][  0]LogTemp: Display: Module 'IOSTargetPlatform' loaded TargetPlatform 'IOS'
[2019.09.13-17.31.28:611][  0]LogTemp: Display: Module 'TVOSTargetPlatform' loaded TargetPlatform 'TVOSClient'
[2019.09.13-17.31.28:611][  0]LogTemp: Display: Module 'TVOSTargetPlatform' loaded TargetPlatform 'TVOS'
[2019.09.13-17.31.28:691][  0]LogTemp: Display: Module 'LinuxClientTargetPlatform' loaded TargetPlatform 'LinuxClient'
[2019.09.13-17.31.28:723][  0]LogTemp: Display: Module 'LinuxNoEditorTargetPlatform' loaded TargetPlatform 'LinuxNoEditor'
[2019.09.13-17.31.28:748][  0]LogTemp: Display: Module 'LinuxServerTargetPlatform' loaded TargetPlatform 'LinuxServer'
[2019.09.13-17.31.28:772][  0]LogTemp: Display: Module 'LinuxTargetPlatform' loaded TargetPlatform 'Linux'
[2019.09.13-17.31.28:845][  0]LogTemp: Display: Module 'LuminTargetPlatform' loaded TargetPlatform 'Lumin'
[2019.09.13-17.31.28:845][  0]LogTemp: Display: Module 'LuminTargetPlatform' loaded TargetPlatform 'LuminClient'
[2019.09.13-17.31.28:845][  0]LogTargetPlatformManager: Display: Building Assets For Windows
[2019.09.13-17.31.29:001][  0]LogAudioDebug: Display: Lib vorbis DLL was dynamically loaded.
[2019.09.13-17.31.29:432][  0]LogShaderCompilers: Guid format shader working directory is 1 characters bigger than the processId version (../../../../Unreal Projects/ExploreAndCollect/Intermediate/Shaders/WorkingDirectory/9772/).
[2019.09.13-17.31.29:432][  0]LogShaderCompilers: Cleaned the shader compiler working directory 'C:/Users/willi/AppData/Local/Temp/UnrealShaderWorkingDir/C255223048456D4388E567BDE0E331F4/'.
[2019.09.13-17.31.29:449][  0]LogXGEController: Cannot use XGE Controller as Incredibuild is not installed on this machine.
[2019.09.13-17.31.29:449][  0]LogShaderCompilers: Cannot use XGE Shader Compiler as Incredibuild is not installed on this machine.
[2019.09.13-17.31.29:449][  0]LogShaderCompilers: Display: Using Local Shader Compiler.
[2019.09.13-17.31.32:383][  0]LogDerivedDataCache: Display: Max Cache Size: 512 MB
[2019.09.13-17.31.32:690][  0]LogDerivedDataCache: Loaded boot cache 0.30s 78MB C:/Users/willi/AppData/Local/UnrealEngine/4.22/DerivedDataCache/Boot.ddc.
[2019.09.13-17.31.32:691][  0]LogDerivedDataCache: Display: Loaded Boot cache: C:/Users/willi/AppData/Local/UnrealEngine/4.22/DerivedDataCache/Boot.ddc
[2019.09.13-17.31.32:691][  0]LogDerivedDataCache: FDerivedDataBackendGraph:  Pak pak cache file ../../../../Unreal Projects/ExploreAndCollect/DerivedDataCache/DDC.ddp not found, will not use a pak cache.
[2019.09.13-17.31.32:691][  0]LogDerivedDataCache: Unable to find inner node Pak for hierarchical cache Hierarchy.
[2019.09.13-17.31.32:691][  0]LogDerivedDataCache: FDerivedDataBackendGraph:  CompressedPak pak cache file ../../../../Unreal Projects/ExploreAndCollect/DerivedDataCache/Compressed.ddp not found, will not use a pak cache.
[2019.09.13-17.31.32:691][  0]LogDerivedDataCache: Unable to find inner node CompressedPak for hierarchical cache Hierarchy.
[2019.09.13-17.31.32:704][  0]LogDerivedDataCache: Display: Pak cache opened for reading ../../../Engine/DerivedDataCache/Compressed.ddp.
[2019.09.13-17.31.32:704][  0]LogDerivedDataCache: FDerivedDataBackendGraph:  EnterprisePak pak cache file ../../../Enterprise/DerivedDataCache/Compressed.ddp not found, will not use a pak cache.
[2019.09.13-17.31.32:704][  0]LogDerivedDataCache: Unable to find inner node EnterprisePak for hierarchical cache Hierarchy.
[2019.09.13-17.31.32:717][  0]LogDerivedDataCache: Using Local data cache path C:/Users/willi/AppData/Local/UnrealEngine/Common/DerivedDataCache: Writable
[2019.09.13-17.31.32:717][  0]LogDerivedDataCache: Shared data cache path not found in *engine.ini, will not use an Shared cache.
[2019.09.13-17.31.32:717][  0]LogDerivedDataCache: Unable to find inner node Shared for hierarchical cache Hierarchy.
[2019.09.13-17.31.32:742][  0]LogMaterial: Verifying Global Shaders for PCD3D_SM5
[2019.09.13-17.31.32:744][  0]LogSlate: Using FreeType 2.6.0
[2019.09.13-17.31.32:773][  0]LogSlate: SlateFontServices - WITH_FREETYPE: 1, WITH_HARFBUZZ: 1
[2019.09.13-17.31.33:716][  0]LogAssetRegistry: FAssetRegistry took 0.0357 seconds to start up
[2019.09.13-17.31.34:244][  0]LogInit: Selected Device Profile: [Windows]
[2019.09.13-17.31.34:870][  0]LogMeshReduction: Using QuadricMeshReduction for automatic static mesh reduction
[2019.09.13-17.31.34:870][  0]LogMeshReduction: Using SimplygonMeshReduction for automatic skeletal mesh reduction
[2019.09.13-17.31.34:870][  0]LogMeshReduction: Using ProxyLODMeshReduction for automatic mesh merging
[2019.09.13-17.31.34:870][  0]LogMeshReduction: No distributed automatic mesh merging module available
[2019.09.13-17.31.34:870][  0]LogMeshMerging: No distributed automatic mesh merging module available
[2019.09.13-17.31.34:939][  0]LogNetVersion: ExploreAndCollect 1.0.0, NetCL: 5660361, EngineNetVer: 10, GameNetVer: 0 (Checksum: 882930883)
[2019.09.13-17.31.35:628][  0]LogPackageLocalizationCache: Processed 10 localized package path(s) for 1 prioritized culture(s) in 0.155299 seconds
[2019.09.13-17.31.35:635][  0]LogUObjectArray: 42205 objects as part of root set at end of initial load.
[2019.09.13-17.31.35:635][  0]LogUObjectAllocator: 7325032 out of 0 bytes used by permanent object pool.
[2019.09.13-17.31.35:635][  0]LogUObjectArray: CloseDisregardForGC: 0/0 objects in disregard for GC pool
[2019.09.13-17.31.51:019][  0]LogTcpMessaging: Initializing TcpMessaging bridge
[2019.09.13-17.31.51:057][  0]LogUdpMessaging: Initializing bridge on interface 0.0.0.0:0 to multicast group 230.0.0.1:6666.
[2019.09.13-17.31.54:635][  0]SourceControl: Source control is disabled
[2019.09.13-17.31.54:635][  0]SourceControl: Source control is disabled
[2019.09.13-17.31.54:637][  0]SourceControl: Source control is disabled
[2019.09.13-17.31.54:639][  0]SourceControl: Source control is disabled
[2019.09.13-17.31.54:738][  0]LogAndroidPermission: UAndroidPermissionCallbackProxy::GetInstance
[2019.09.13-17.31.54:860][  0]LogOcInput: OculusInput pre-init called
[2019.09.13-17.31.56:009][  0]LogClass: Warning: ObjectProperty FInventoryItem::Thumbnail is not initialized properly
[2019.09.13-17.31.56:010][  0]LogClass: Warning: BoolProperty FInventoryItem::bCanBeUsed is not initialized properly
[2019.09.13-17.31.56:010][  0]LogClass: Display: 2 Uninitialized script stuct members found
[2019.09.13-17.31.56:010][  0]LogAutomationTest: Warning: ObjectProperty FInventoryItem::Thumbnail is not initialized properly
[2019.09.13-17.31.56:010][  0]LogAutomationTest: Warning: BoolProperty FInventoryItem::bCanBeUsed is not initialized properly
[2019.09.13-17.31.56:032][  0]LogEngine: Initializing Engine...
[2019.09.13-17.31.56:033][  0]LogHMD: Failed to initialize OpenVR with code 110
[2019.09.13-17.31.56:034][  0]LogStats: UGameplayTagsManager::InitializeManager -  0.000 s
[2019.09.13-17.31.56:263][  0]LogInit: Initializing FReadOnlyCVARCache
[2019.09.13-17.31.56:282][  0]LogAIModule: Creating AISystem for world Untitled
[2019.09.13-17.31.56:302][  0]LogInit: XAudio2 using 'Speakers / Headphones (Realtek Audio)' : 6 channels at 48 kHz using 32 bits per sample (channel mask 0x3f)
[2019.09.13-17.31.56:320][  0]LogInit: FAudioDevice initialized.
[2019.09.13-17.31.56:321][  0]LogNetVersion: Set ProjectVersion to 1.0.0.0. Version Checksum will be recalculated on next use.
[2019.09.13-17.31.56:550][  0]LogDerivedDataCache: Saved boot cache 0.23s 74MB C:/Users/willi/AppData/Local/UnrealEngine/4.22/DerivedDataCache/Boot.ddc.
[2019.09.13-17.31.56:557][  0]LogInit: Texture streaming: Enabled
[2019.09.13-17.31.56:579][  0]LogEngineSessionManager: EngineSessionManager initialized
[2019.09.13-17.31.56:614][  0]LogInit: Transaction tracking system initialized
[2019.09.13-17.31.56:664][  0]BlueprintLog: New page: Editor Load
[2019.09.13-17.31.57:120][  0]LocalizationService: Localization service is disabled
[2019.09.13-17.31.58:220][  0]LogFileCache: Scanning file cache for directory 'D:/Unreal Projects/ExploreAndCollect/Content/' took 0.02s
[2019.09.13-17.31.58:220][  0]LogCook: Display: Max memory allowance for cook 16384mb min free memory 0mb
[2019.09.13-17.31.58:221][  0]LogCook: Display: Mobile HDR setting 1
[2019.09.13-17.31.59:739][  0]SourceControl: Source control is disabled
[2019.09.13-17.31.59:739][  0]Cmd: MAP LOAD FILE="../../../../Unreal Projects/ExploreAndCollect/Content/FirstPersonCPP/Maps/FirstPersonExampleMap.umap" TEMPLATE=0 SHOWPROGRESS=1 FEATURELEVEL=3
[2019.09.13-17.31.59:740][  0]LightingResults: New page: Lighting Build
[2019.09.13-17.31.59:834][  0]MapCheck: New page: Map Check
[2019.09.13-17.31.59:834][  0]LightingResults: New page: Lighting Build
[2019.09.13-17.31.59:883][  0]LogUObjectHash: Compacting FUObjectHashTables data took   1.92ms
[2019.09.13-17.32.02:475][  0]LogAIModule: Creating AISystem for world FirstPersonExampleMap
[2019.09.13-17.32.03:002][  0]LogEditorServer: Finished looking for orphan Actors (0.000 secs)
[2019.09.13-17.32.03:033][  0]LogUObjectHash: Compacting FUObjectHashTables data took   2.17ms
[2019.09.13-17.32.03:033][  0]Cmd: MAP CHECKDEP NOCLEARLOG
[2019.09.13-17.32.03:034][  0]MapCheck: Map check complete: 0 Error(s), 0 Warning(s), took 0.158ms to complete.
[2019.09.13-17.32.03:034][  0]LogFileHelpers: Loading map 'FirstPersonExampleMap' took 3.295
[2019.09.13-17.32.03:779][  0]LogSlate: Updating window title bar state: overlay mode, drag disabled, window buttons hidden, title bar hidden
[2019.09.13-17.32.03:798][  0]LogSlate: Updating window title bar state: overlay mode, drag disabled, window buttons hidden, title bar hidden
[2019.09.13-17.32.03:806][  0]LogSlate: Updating window title bar state: overlay mode, drag disabled, window buttons hidden, title bar hidden
[2019.09.13-17.32.03:813][  0]LogSlate: Updating window title bar state: overlay mode, drag disabled, window buttons hidden, title bar hidden
[2019.09.13-17.32.03:925][  0]LogCollectionManager: Loaded 0 collections in 0.002430 seconds
[2019.09.13-17.32.04:068][  0]LogFileCache: Scanning file cache for directory 'D:/Unreal Projects/ExploreAndCollect/Saved/Collections/' took 0.01s
[2019.09.13-17.32.04:068][  0]LogFileCache: Scanning file cache for directory 'D:/Unreal Projects/ExploreAndCollect/Content/Developers/willi/Collections/' took 0.01s
[2019.09.13-17.32.04:068][  0]LogFileCache: Scanning file cache for directory 'D:/Unreal Projects/ExploreAndCollect/Content/Collections/' took 0.01s
[2019.09.13-17.32.04:068][  0]LogCollectionManager: Rebuilt the GUID cache for 0 collections in 0.000000 seconds
[2019.09.13-17.32.04:082][  0]LogContentBrowser: Native class hierarchy populated in 0.0119 seconds. Added 2742 classes and 662 folders.
[2019.09.13-17.32.04:228][  0]LogContentBrowser: Native class hierarchy updated for 'WidgetCarousel' in 0.0008 seconds. Added 0 classes and 0 folders.
[2019.09.13-17.32.04:281][  0]LogPakFile: Registered encryption key '00000000000000000000000000000000': 0 pak files mounted, 0 remain pending
[2019.09.13-17.32.04:334][  0]LogPakFile: Registered encryption key '00000000000000000000000000000000': 0 pak files mounted, 0 remain pending
[2019.09.13-17.32.04:336][  0]LogPakFile: Registered encryption key '00000000000000000000000000000000': 0 pak files mounted, 0 remain pending
[2019.09.13-17.32.04:339][  0]LogPakFile: Registered encryption key '00000000000000000000000000000000': 0 pak files mounted, 0 remain pending
[2019.09.13-17.32.04:341][  0]LogPakFile: Registered encryption key '00000000000000000000000000000000': 0 pak files mounted, 0 remain pending
[2019.09.13-17.32.04:344][  0]LogPakFile: Registered encryption key '00000000000000000000000000000000': 0 pak files mounted, 0 remain pending
[2019.09.13-17.32.04:346][  0]LogPakFile: Registered encryption key '00000000000000000000000000000000': 0 pak files mounted, 0 remain pending
[2019.09.13-17.32.04:348][  0]LogPakFile: Registered encryption key '00000000000000000000000000000000': 0 pak files mounted, 0 remain pending
[2019.09.13-17.32.04:349][  0]LogPakFile: Registered encryption key '00000000000000000000000000000000': 0 pak files mounted, 0 remain pending
[2019.09.13-17.32.04:352][  0]LogPakFile: Registered encryption key '00000000000000000000000000000000': 0 pak files mounted, 0 remain pending
[2019.09.13-17.32.04:354][  0]LogPakFile: Registered encryption key '00000000000000000000000000000000': 0 pak files mounted, 0 remain pending
[2019.09.13-17.32.04:356][  0]LogPakFile: Registered encryption key '00000000000000000000000000000000': 0 pak files mounted, 0 remain pending
[2019.09.13-17.32.04:358][  0]LogPakFile: Registered encryption key '00000000000000000000000000000000': 0 pak files mounted, 0 remain pending
[2019.09.13-17.32.04:360][  0]LogPakFile: Registered encryption key '00000000000000000000000000000000': 0 pak files mounted, 0 remain pending
[2019.09.13-17.32.04:362][  0]LogPakFile: Registered encryption key '00000000000000000000000000000000': 0 pak files mounted, 0 remain pending
[2019.09.13-17.32.04:363][  0]LogPakFile: Registered encryption key '00000000000000000000000000000000': 0 pak files mounted, 0 remain pending
[2019.09.13-17.32.04:365][  0]LogPakFile: Registered encryption key '00000000000000000000000000000000': 0 pak files mounted, 0 remain pending
[2019.09.13-17.32.04:367][  0]LogPakFile: Registered encryption key '00000000000000000000000000000000': 0 pak files mounted, 0 remain pending
[2019.09.13-17.32.04:369][  0]LogPakFile: Registered encryption key '00000000000000000000000000000000': 0 pak files mounted, 0 remain pending
[2019.09.13-17.32.04:372][  0]LogPakFile: Registered encryption key '00000000000000000000000000000000': 0 pak files mounted, 0 remain pending
[2019.09.13-17.32.04:373][  0]LogPakFile: Registered encryption key '00000000000000000000000000000000': 0 pak files mounted, 0 remain pending
[2019.09.13-17.32.04:375][  0]LogPakFile: Registered encryption key '00000000000000000000000000000000': 0 pak files mounted, 0 remain pending
[2019.09.13-17.32.04:377][  0]LogPakFile: Registered encryption key '00000000000000000000000000000000': 0 pak files mounted, 0 remain pending
[2019.09.13-17.32.04:379][  0]LogPakFile: Registered encryption key '00000000000000000000000000000000': 0 pak files mounted, 0 remain pending
[2019.09.13-17.32.04:381][  0]LogPakFile: Registered encryption key '00000000000000000000000000000000': 0 pak files mounted, 0 remain pending
[2019.09.13-17.32.04:382][  0]LogPakFile: Registered encryption key '00000000000000000000000000000000': 0 pak files mounted, 0 remain pending
[2019.09.13-17.32.05:185][  0]LogContentBrowser: Native class hierarchy updated for 'AddContentDialog' in 0.0008 seconds. Added 0 classes and 0 folders.
[2019.09.13-17.32.05:247][  0]LogContentBrowser: Native class hierarchy updated for 'SceneOutliner' in 0.0011 seconds. Added 1 classes and 2 folders.
[2019.09.13-17.32.06:297][  0]LogSlate: Took 0.000357 seconds to synchronously load lazily loaded font '../../../Engine/Content/Slate/Fonts/Roboto-Regular.ttf' (155K)
[2019.09.13-17.32.06:308][  0]LogSlate: Took 0.000307 seconds to synchronously load lazily loaded font '../../../Engine/Content/Slate/Fonts/Roboto-Bold.ttf' (160K)
[2019.09.13-17.32.06:471][  0]LogSlate: Took 0.068426 seconds to synchronously load lazily loaded font '../../../Engine/Content/Editor/Slate/Fonts/FontAwesome.ttf' (139K)
[2019.09.13-17.32.06:906][  0]LogRenderer: Reallocating scene render targets to support 884x476 Format 10 NumSamples 1 (Frame:1).
[2019.09.13-17.32.07:403][  0]LogContentBrowser: Native class hierarchy updated for 'HierarchicalLODOutliner' in 0.0006 seconds. Added 0 classes and 0 folders.
[2019.09.13-17.32.07:403][  0]LogLoad: (Engine Initialization) Total time: 64.61 seconds
[2019.09.13-17.32.07:403][  0]LogLoad: (Engine Initialization) Total Blueprint compile time: 0.00 seconds
[2019.09.13-17.32.07:472][  0]LogAssetRegistry: Asset discovery search completed in 33.7792 seconds
[2019.09.13-17.32.07:476][  0]LogCollectionManager: Rebuilt the object cache for 0 collections in 0.000000 seconds (found 0 objects)
[2019.09.13-17.32.07:476][  0]LogCollectionManager: Fixed up redirectors for 0 collections in 0.000100 seconds (updated 0 objects)
[2019.09.13-17.32.07:488][  0]LogContentStreaming: Texture pool size now 1000 MB
[2019.09.13-17.32.11:970][ 14]LogSlate: FSceneViewport::OnFocusLost() reason 0
[2019.09.13-17.35.03:317][127]LogSlate: FSceneViewport::OnFocusLost() reason 0
[2019.09.13-17.35.04:451][195]LogEditorViewport: Clicking on Actor (LMB): FirstPersonCharacter_C (FirstPersonCharacter2)
[2019.09.13-17.35.07:742][368]LogSlate: FSceneViewport::OnFocusLost() reason 0
[2019.09.13-17.36.56:835][ 47]LogSlate: Took 0.000343 seconds to synchronously load lazily loaded font '../../../Engine/Content/Slate/Fonts/Roboto-Light.ttf' (167K)
[2019.09.13-17.36.56:847][ 47]LogAssetEditorManager: Opening Asset editor for Blueprint /Game/Blueprints/BP_mission.BP_mission
[2019.09.13-17.36.57:742][ 47]LogContentBrowser: Native class hierarchy updated for 'BlueprintGraph' in 0.0011 seconds. Added 121 classes and 0 folders.
[2019.09.13-17.36.59:638][ 47]LogActor: Warning: BP_mission_C /Engine/Transient.World_0:PersistentLevel.BP_mission_C_0 has natively added scene component(s), but none of them were set as the actor's RootComponent - picking one arbitrarily
[2019.09.13-17.37.01:614][154]LogSlate: Window 'BP_mission' being destroyed
[2019.09.13-17.37.01:621][154]LogSlate: Window 'BP_mission' being destroyed
[2019.09.13-17.37.04:180][299]LogActor: Warning: BP_Pickup_Pyramid_C /Engine/Transient.World_1:PersistentLevel.BP_Pickup_Pyramid_C_0 has natively added scene component(s), but none of them were set as the actor's RootComponent - picking one arbitrarily
[2019.09.13-17.37.04:190][299]LogActor: Warning: BP_Pickup_Cube_C /Engine/Transient.World_2:PersistentLevel.BP_Pickup_Cube_C_0 has natively added scene component(s), but none of them were set as the actor's RootComponent - picking one arbitrarily
[2019.09.13-17.37.04:207][300]LogActor: Warning: BP_Pickup_Cone_C /Engine/Transient.World_3:PersistentLevel.BP_Pickup_Cone_C_0 has natively added scene component(s), but none of them were set as the actor's RootComponent - picking one arbitrarily
[2019.09.13-17.37.32:753][996]LogEditorViewport: Clicking on Actor (LMB): StaticMeshActor (Floor)
[2019.09.13-17.37.38:392][323]LogEditorViewport: Clicking on Actor (LMB): StaticMeshActor (EditorCube17)
[2019.09.13-17.37.44:619][693]LogEditorViewport: Clicking on Actor (LMB): BP_Pickup_Cube_C (BP_Pickup_Cube2)
[2019.09.13-17.37.49:542][984]LogSlate: FSceneViewport::OnFocusLost() reason 0
[2019.09.13-17.42.07:595][645]LogUObjectHash: Compacting FUObjectHashTables data took   3.32ms
[2019.09.13-17.42.08:436][645]LogSavePackage: Moving '../../../../Unreal Projects/ExploreAndCollect/Saved/FirstPersonExampleMap_Auto1B1E858F2434F23F6909704B4237BBB7D.tmp' to '../../../../Unreal Projects/ExploreAndCollect/Saved/Autosaves/Game/FirstPersonCPP/Maps/FirstPersonExampleMap_Auto1.umap'
[2019.09.13-17.42.08:450][645]LogFileHelpers: Editor autosave (incl. sublevels) for '/Game/FirstPersonCPP/Maps/FirstPersonExampleMap' took 0.895
[2019.09.13-17.42.08:450][645]LogFileHelpers: Editor autosave (incl. sublevels) for all levels took 0.895
[2019.09.13-17.46.18:808][395]LogUObjectHash: Compacting FUObjectHashTables data took   3.01ms
[2019.09.13-17.46.22:353][395]LogSlate: Window 'Save Content' being destroyed
[2019.09.13-17.46.22:993][395]LogSlate: Window 'ExploreAndCollect - Unreal Editor' being destroyed
[2019.09.13-17.46.24:075][396]Cmd: QUIT_EDITOR
[2019.09.13-17.46.24:649][396]LogWindowsTextInputMethodSystem: Display: IME system now deactivated.
[2019.09.13-17.46.24:698][396]LogExit: Preparing to exit.
[2019.09.13-17.46.27:284][396]LogExit: Editor shut down
[2019.09.13-17.46.27:284][396]LogExit: Transaction tracking system shut down
[2019.09.13-17.46.33:923][396]LogExit: Object subsystem successfully closed.
[2019.09.13-17.46.34:371][396]LogShaderCompilers: Display: Shaders left to compile 0
[2019.09.13-17.46.34:467][396]LogD3D11RHI: Shutdown
[2019.09.13-17.46.34:467][396]LogD3D11RHI: CleanupD3DDevice
[2019.09.13-17.46.34:493][396]LogRendererCore: FGlobalReadBuffer::ReleaseRHI
[2019.09.13-17.46.34:493][396]LogRendererCore: FGlobalDynamicReadBuffer::Cleanup()
[2019.09.13-17.46.34:500][396]LogRendererCore: FGlobalReadBuffer::ReleaseRHI
[2019.09.13-17.46.34:500][396]LogRendererCore: FGlobalDynamicReadBuffer::Cleanup()
[2019.09.13-17.46.34:500][396]LogRendererCore: FGlobalReadBuffer::ReleaseRHI
[2019.09.13-17.46.34:500][396]LogRendererCore: FGlobalDynamicReadBuffer::Cleanup()
[2019.09.13-17.46.34:602][396]LogD3D11RHI: ~FD3D11DynamicRHI
[2019.09.13-17.46.38:372][396]LogModuleManager: Shutting down and abandoning module BlueprintGraph (646)
[2019.09.13-17.46.38:372][396]LogModuleManager: Shutting down and abandoning module HierarchicalLODOutliner (644)
[2019.09.13-17.46.38:372][396]LogModuleManager: Shutting down and abandoning module SceneOutliner (642)
[2019.09.13-17.46.38:372][396]LogModuleManager: Shutting down and abandoning module AddContentDialog (640)
[2019.09.13-17.46.38:534][396]LogModuleManager: Shutting down and abandoning module WidgetCarousel (639)
[2019.09.13-17.46.38:534][396]LogModuleManager: Shutting down and abandoning module EditorWidgets (636)
[2019.09.13-17.46.38:534][396]LogModuleManager: Shutting down and abandoning module CollectionManager (634)
[2019.09.13-17.46.38:684][396]LogModuleManager: Shutting down and abandoning module StatsViewer (632)
[2019.09.13-17.46.39:391][396]LogModuleManager: Shutting down and abandoning module FoliageEdit (630)
[2019.09.13-17.46.39:678][396]LogModuleManager: Shutting down and abandoning module LandscapeEditor (628)
[2019.09.13-17.46.40:508][396]LogModuleManager: Shutting down and abandoning module MeshPaintMode (626)
[2019.09.13-17.46.40:555][396]LogModuleManager: Shutting down and abandoning module SceneDepthPickerMode (624)
[2019.09.13-17.46.40:555][396]LogModuleManager: Shutting down and abandoning module ActorPickerMode (622)
[2019.09.13-17.46.40:555][396]LogModuleManager: Shutting down and abandoning module GeometryMode (620)
[2019.09.13-17.46.40:555][396]LogModuleManager: Shutting down and abandoning module TextureAlignMode (618)
[2019.09.13-17.46.40:555][396]LogModuleManager: Shutting down and abandoning module BspMode (616)
[2019.09.13-17.46.40:842][396]LogModuleManager: Shutting down and abandoning module PIEPreviewDeviceProfileSelector (614)
[2019.09.13-17.46.41:169][396]LogModuleManager: Shutting down and abandoning module SequenceRecorderSections (612)
[2019.09.13-17.46.41:310][396]LogModuleManager: Shutting down and abandoning module AutomationWorker (610)
[2019.09.13-17.46.41:559][396]LogModuleManager: Shutting down and abandoning module OculusMR (608)
[2019.09.13-17.46.41:559][396]LogModuleManager: Shutting down and abandoning module AudioCaptureEditor (606)
[2019.09.13-17.46.41:885][396]LogModuleManager: Shutting down and abandoning module MatineeToLevelSequence (604)
[2019.09.13-17.46.42:198][396]LogModuleManager: Shutting down and abandoning module LevelSequenceEditor (602)
[2019.09.13-17.46.42:921][396]LogModuleManager: Shutting down and abandoning module PlacementMode (601)
[2019.09.13-17.46.42:921][396]LogModuleManager: Shutting down and abandoning module MaterialEditor (600)
[2019.09.13-17.46.43:656][396]LogModuleManager: Shutting down and abandoning module ActorSequenceEditor (596)
[2019.09.13-17.46.44:116][396]LogModuleManager: Shutting down and abandoning module WmfMediaFactory (594)
[2019.09.13-17.46.44:116][396]LogModuleManager: Shutting down and abandoning module WmfMediaEditor (592)
[2019.09.13-17.46.44:116][396]LogModuleManager: Shutting down and abandoning module WebMMediaFactory (590)
[2019.09.13-17.46.44:116][396]LogModuleManager: Shutting down and abandoning module WebMMediaEditor (588)
[2019.09.13-17.46.44:116][396]LogModuleManager: Shutting down and abandoning module WebMMedia (586)
[2019.09.13-17.46.44:154][396]LogModuleManager: Shutting down and abandoning module MediaPlayerEditor (584)
[2019.09.13-17.46.44:931][396]LogModuleManager: Shutting down and abandoning module MediaCompositingEditor (582)
[2019.09.13-17.46.45:618][396]LogModuleManager: Shutting down and abandoning module SequenceRecorder (581)
[2019.09.13-17.46.45:805][396]LogModuleManager: Shutting down and abandoning module OpenExrWrapper (578)
[2019.09.13-17.46.45:805][396]LogModuleManager: Shutting down and abandoning module ImgMediaFactory (576)
[2019.09.13-17.46.45:805][396]LogModuleManager: Shutting down and abandoning module ImgMediaEditor (574)
[2019.09.13-17.46.45:805][396]LogModuleManager: Shutting down and abandoning module AvfMediaFactory (572)
[2019.09.13-17.46.45:805][396]LogModuleManager: Shutting down and abandoning module AvfMediaEditor (570)
[2019.09.13-17.46.45:805][396]LogModuleManager: Shutting down and abandoning module AndroidMediaFactory (568)
[2019.09.13-17.46.45:805][396]LogModuleManager: Shutting down and abandoning module AndroidMediaEditor (566)
[2019.09.13-17.46.45:805][396]LogModuleManager: Shutting down and abandoning module MagicLeapCameraPreviewFactory (564)
[2019.09.13-17.46.45:805][396]LogModuleManager: Shutting down and abandoning module MagicLeapMediaCodecFactory (562)
[2019.09.13-17.46.45:805][396]LogModuleManager: Shutting down and abandoning module MagicLeapMediaFactory (560)
[2019.09.13-17.46.45:805][396]LogModuleManager: Shutting down and abandoning module MagicLeapMediaEditor (558)
[2019.09.13-17.46.45:805][396]LogModuleManager: Shutting down and abandoning module CharacterAI (556)
[2019.09.13-17.46.45:805][396]LogModuleManager: Shutting down and abandoning module SmartSnapping (554)
[2019.09.13-17.46.45:805][396]LogModuleManager: Shutting down and abandoning module SessionServices (552)
[2019.09.13-17.46.45:805][396]LogModuleManager: Shutting down and abandoning module MeshPaint (550)
[2019.09.13-17.46.45:933][396]LogModuleManager: Shutting down and abandoning module ViewportSnapping (548)
[2019.09.13-17.46.45:933][396]LogModuleManager: Shutting down and abandoning module ViewportInteraction (546)
[2019.09.13-17.46.45:933][396]LogModuleManager: Shutting down and abandoning module ClothPainter (544)
[2019.09.13-17.46.46:561][396]LogModuleManager: Shutting down and abandoning module SkeletalMeshEditor (543)
[2019.09.13-17.46.46:644][396]LogModuleManager: Shutting down and abandoning module LogVisualizer (540)
[2019.09.13-17.46.47:211][396]LogModuleManager: Shutting down and abandoning module IntroTutorials (538)
[2019.09.13-17.46.48:353][396]LogModuleManager: Shutting down and abandoning module GameProjectGeneration (537)
[2019.09.13-17.46.48:578][396]LogModuleManager: Shutting down and abandoning module LuminPlatformEditor (534)
[2019.09.13-17.46.48:578][396]LogModuleManager: Shutting down and abandoning module IOSPlatformEditor (532)
[2019.09.13-17.46.48:578][396]LogModuleManager: Shutting down and abandoning module HTML5PlatformEditor (530)
[2019.09.13-17.46.48:578][396]LogModuleManager: Shutting down and abandoning module AndroidPlatformEditor (528)
[2019.09.13-17.46.48:903][396]LogModuleManager: Shutting down and abandoning module AndroidDeviceDetection (527)
[2019.09.13-17.46.49:911][396]LogModuleManager: Shutting down and abandoning module WindowsPlatformEditor (524)
[2019.09.13-17.46.49:911][396]LogModuleManager: Shutting down and abandoning module LuminRuntimeSettings (522)
[2019.09.13-17.46.49:911][396]LogModuleManager: Shutting down and abandoning module IOSRuntimeSettings (520)
[2019.09.13-17.46.49:911][396]LogModuleManager: Shutting down and abandoning module AndroidRuntimeSettings (518)
[2019.09.13-17.46.49:911][396]LogModuleManager: Shutting down and abandoning module TimeManagementEditor (516)
[2019.09.13-17.46.49:911][396]LogModuleManager: Shutting down and abandoning module InputBindingEditor (514)
[2019.09.13-17.46.50:255][396]LogModuleManager: Shutting down and abandoning module MergeActors (512)
[2019.09.13-17.46.50:859][396]LogModuleManager: Shutting down and abandoning module LocalizationDashboard (510)
[2019.09.13-17.46.51:279][396]LogModuleManager: Shutting down and abandoning module LocalizationService (509)
[2019.09.13-17.46.51:565][396]LogModuleManager: Shutting down and abandoning module HardwareTargeting (506)
[2019.09.13-17.46.51:565][396]LogModuleManager: Shutting down and abandoning module DeviceProfileEditor (504)
[2019.09.13-17.46.51:811][396]LogModuleManager: Shutting down and abandoning module UndoHistory (502)
[2019.09.13-17.46.52:084][396]LogModuleManager: Shutting down and abandoning module XmlParser (500)
[2019.09.13-17.46.52:312][396]LogModuleManager: Shutting down and abandoning module Blutility (498)
[2019.09.13-17.46.52:624][396]LogModuleManager: Shutting down and abandoning module ProjectSettingsViewer (496)
[2019.09.13-17.46.52:624][396]LogModuleManager: Shutting down and abandoning module ProjectTargetPlatformEditor (495)
[2019.09.13-17.46.52:624][396]LogModuleManager: Shutting down and abandoning module EditorSettingsViewer (492)
[2019.09.13-17.46.52:624][396]LogModuleManager: Shutting down and abandoning module SettingsEditor (490)
[2019.09.13-17.46.53:087][396]LogModuleManager: Shutting down and abandoning module ProjectLauncher (488)
[2019.09.13-17.46.53:535][396]LogModuleManager: Shutting down and abandoning module SessionFrontend (486)
[2019.09.13-17.46.53:794][396]LogModuleManager: Shutting down and abandoning module ProfilerClient (484)
[2019.09.13-17.46.54:012][396]LogModuleManager: Shutting down and abandoning module DeviceManager (482)
[2019.09.13-17.46.54:454][396]LogModuleManager: Shutting down and abandoning module TargetDeviceServices (481)
[2019.09.13-17.46.54:648][396]LogModuleManager: Shutting down and abandoning module AutomationController (478)
[2019.09.13-17.46.55:165][396]LogModuleManager: Shutting down and abandoning module AutomationWindow (476)
[2019.09.13-17.46.55:311][396]LogModuleManager: Shutting down and abandoning module Layers (474)
[2019.09.13-17.46.56:465][396]LogModuleManager: Shutting down and abandoning module ComponentVisualizers (472)
[2019.09.13-17.46.56:465][396]LogModuleManager: Shutting down and abandoning module DetailCustomizations (470)
[2019.09.13-17.46.57:100][396]LogModuleManager: Shutting down and abandoning module PackagesDialog (468)
[2019.09.13-17.46.57:100][396]LogModuleManager: Shutting down and abandoning module AnimationBlueprintEditor (466)
[2019.09.13-17.46.58:129][396]LogModuleManager: Shutting down and abandoning module Persona (464)
[2019.09.13-17.46.59:569][396]LogModuleManager: Shutting down and abandoning module AdvancedPreviewScene (463)
[2019.09.13-17.46.59:569][396]LogModuleManager: Shutting down and abandoning module AnimGraph (461)
[2019.09.13-17.46.59:569][396]LogModuleManager: Shutting down and abandoning module Kismet (458)
[2019.09.13-17.47.00:046][396]LogModuleManager: Shutting down and abandoning module GraphEditor (456)
[2019.09.13-17.47.00:386][396]LogModuleManager: Shutting down and abandoning module ClassViewer (454)
[2019.09.13-17.47.00:386][396]LogModuleManager: Shutting down and abandoning module Toolbox (452)
[2019.09.13-17.47.00:386][396]LogModuleManager: Shutting down and abandoning module DesktopPlatform (451)
[2019.09.13-17.47.00:588][396]LogModuleManager: Shutting down and abandoning module ModuleUI (448)
[2019.09.13-17.47.00:783][396]LogModuleManager: Shutting down and abandoning module MovieSceneTools (446)
[2019.09.13-17.47.01:368][396]LogModuleManager: Shutting down and abandoning module OutputLog (444)
[2019.09.13-17.47.01:368][396]LogModuleManager: Shutting down and abandoning module GammaUI (442)
[2019.09.13-17.47.01:637][396]LogModuleManager: Shutting down and abandoning module Documentation (440)
[2019.09.13-17.47.01:637][396]LogModuleManager: Shutting down and abandoning module LiveCoding (438)
[2019.09.13-17.47.02:274][396]LogModuleManager: Shutting down and abandoning module LevelSequence (436)
[2019.09.13-17.47.02:274][396]LogModuleManager: Shutting down and abandoning module MovieSceneTracks (434)
[2019.09.13-17.47.02:274][396]LogModuleManager: Shutting down and abandoning module MovieScene (432)
[2019.09.13-17.47.02:452][396]LogModuleManager: Shutting down and abandoning module StreamingPauseRendering (430)
[2019.09.13-17.47.02:626][396]LogModuleManager: Shutting down and abandoning module LauncherPlatform (428)
[2019.09.13-17.47.02:626][396]LogModuleManager: Shutting down and abandoning module AnalyticsET (426)
[2019.09.13-17.47.02:626][396]LogModuleManager: Shutting down and abandoning module PortalServices (424)
[2019.09.13-17.47.02:626][396]LogModuleManager: Shutting down and abandoning module PortalRpc (422)
[2019.09.13-17.47.02:626][396]LogModuleManager: Shutting down and abandoning module MessagingRpc (420)
[2019.09.13-17.47.02:626][396]LogModuleManager: Shutting down and abandoning module AIModule (418)
[2019.09.13-17.47.03:269][396]LogModuleManager: Shutting down and abandoning module GameplayDebugger (417)
[2019.09.13-17.47.03:353][396]LogModuleManager: Shutting down and abandoning module AITestSuite (415)
[2019.09.13-17.47.03:475][396]LogModuleManager: Shutting down and abandoning module NavigationSystem (413)
[2019.09.13-17.47.03:475][396]LogModuleManager: Shutting down and abandoning module ImageWriteQueue (410)
[2019.09.13-17.47.03:478][396]LogModuleManager: Shutting down and abandoning module ProfilerService (408)
[2019.09.13-17.47.03:866][396]LogModuleManager: Shutting down and abandoning module TaskGraph (406)
[2019.09.13-17.47.04:736][396]LogModuleManager: Shutting down and abandoning module SteamVRController (404)
[2019.09.13-17.47.04:736][396]LogModuleManager: Shutting down and abandoning module ProceduralMeshComponentEditor (402)
[2019.09.13-17.47.05:117][396]LogModuleManager: Shutting down and abandoning module ProceduralMeshComponent (400)
[2019.09.13-17.47.05:393][396]LogModuleManager: Shutting down and abandoning module OculusEditor (398)
[2019.09.13-17.47.05:773][396]LogModuleManager: Shutting down and abandoning module OculusInput (396)
[2019.09.13-17.47.05:773][396]LogModuleManager: Shutting down and abandoning module MobilePatchingUtils (394)
[2019.09.13-17.47.05:773][396]LogModuleManager: Shutting down and abandoning module EditableMesh (392)
[2019.09.13-17.47.06:120][396]LogModuleManager: Shutting down and abandoning module CustomMeshComponent (390)
[2019.09.13-17.47.06:120][396]LogModuleManager: Shutting down and abandoning module CableComponent (388)
[2019.09.13-17.47.06:341][396]LogModuleManager: Shutting down and abandoning module AudioCapture (386)
[2019.09.13-17.47.06:341][396]LogModuleManager: Shutting down and abandoning module ArchVisCharacter (384)
[2019.09.13-17.47.06:342][396]LogModuleManager: Shutting down and abandoning module AndroidPermission (382)
[2019.09.13-17.47.06:342][396]LogModuleManager: Shutting down and abandoning module NUTUnrealEngine4 (380)
[2019.09.13-17.47.06:506][396]LogModuleManager: Shutting down and abandoning module NetcodeUnitTest (378)
[2019.09.13-17.47.07:158][396]LogModuleManager: Shutting down and abandoning module MediaCompositing (376)
[2019.09.13-17.47.07:158][396]LogModuleManager: Shutting down and abandoning module LinearTimecode (374)
[2019.09.13-17.47.07:158][396]LogModuleManager: Shutting down and abandoning module ImgMedia (372)
[2019.09.13-17.47.07:332][396]LogModuleManager: Shutting down and abandoning module MagicLeapHelperVulkan (370)
[2019.09.13-17.47.07:332][396]LogModuleManager: Shutting down and abandoning module MagicLeapHelperOpenGL (368)
[2019.09.13-17.47.07:930][396]LogModuleManager: Shutting down and abandoning module MagicLeapAudio (366)
[2019.09.13-17.47.08:435][396]LogModuleManager: Shutting down and abandoning module HTML5Networking (364)
[2019.09.13-17.47.08:436][396]LogModuleManager: Shutting down and abandoning module GeometryCacheTracks (362)
[2019.09.13-17.47.08:436][396]LogModuleManager: Shutting down and abandoning module GeometryCacheSequencer (360)
[2019.09.13-17.47.08:436][396]LogModuleManager: Shutting down and abandoning module BackChannel (358)
[2019.09.13-17.47.08:644][396]LogModuleManager: Shutting down and abandoning module AppleVision (356)
[2019.09.13-17.47.08:644][396]LogModuleManager: Shutting down and abandoning module AppleImageUtilsBlueprintSupport (354)
[2019.09.13-17.47.08:644][396]LogModuleManager: Shutting down and abandoning module AppleImageUtils (352)
[2019.09.13-17.47.08:644][396]LogModuleManager: Shutting down and abandoning module AlembicImporter (350)
[2019.09.13-17.47.08:644][396]LogModuleManager: Shutting down and abandoning module AlembicLibrary (349)
[2019.09.13-17.47.08:644][396]LogModuleManager: Shutting down and abandoning module GeometryCache (348)
[2019.09.13-17.47.08:644][396]LogModuleManager: Shutting down and abandoning module GeometryCacheEd (347)
[2019.09.13-17.47.08:644][396]LogModuleManager: Shutting down and abandoning module VariantManagerContent (342)
[2019.09.13-17.47.08:789][396]LogModuleManager: Shutting down and abandoning module DatasmithContentEditor (340)
[2019.09.13-17.47.08:946][396]LogModuleManager: Shutting down and abandoning module SpeedTreeImporter (338)
[2019.09.13-17.47.08:946][396]LogModuleManager: Shutting down and abandoning module PluginBrowser (336)
[2019.09.13-17.47.09:553][396]LogModuleManager: Shutting down and abandoning module MobileLauncherProfileWizard (334)
[2019.09.13-17.47.09:828][396]LogModuleManager: Shutting down and abandoning module MaterialAnalyzer (332)
[2019.09.13-17.47.10:234][396]LogModuleManager: Shutting down and abandoning module CryptoKeysOpenSSL (330)
[2019.09.13-17.47.10:234][396]LogModuleManager: Shutting down and abandoning module CryptoKeys (328)
[2019.09.13-17.47.10:234][396]LogModuleManager: Shutting down and abandoning module VisualStudioSourceCodeAccess (326)
[2019.09.13-17.47.11:101][396]LogModuleManager: Shutting down and abandoning module VisualStudioCodeSourceCodeAccess (324)
[2019.09.13-17.47.11:101][396]LogModuleManager: Shutting down and abandoning module UObjectPlugin (322)
[2019.09.13-17.47.11:102][396]LogModuleManager: Shutting down and abandoning module SubversionSourceControl (320)
[2019.09.13-17.47.11:624][396]LogModuleManager: Shutting down and abandoning module PerforceSourceControl (318)
[2019.09.13-17.47.11:819][396]LogModuleManager: Shutting down and abandoning module GitSourceControl (316)
[2019.09.13-17.47.12:243][396]LogModuleManager: Shutting down and abandoning module SourceControl (315)
[2019.09.13-17.47.12:829][396]LogModuleManager: Shutting down and abandoning module CLionSourceCodeAccess (312)
[2019.09.13-17.47.12:829][396]LogModuleManager: Shutting down and abandoning module AnimationSharingEd (310)
[2019.09.13-17.47.12:829][396]LogModuleManager: Shutting down and abandoning module ActorLayerUtilitiesEditor (308)
[2019.09.13-17.47.12:829][396]LogModuleManager: Shutting down and abandoning module ActorLayerUtilities (306)
[2019.09.13-17.47.12:829][396]LogModuleManager: Shutting down and abandoning module LightPropagationVolumeEditor (304)
[2019.09.13-17.47.12:829][396]LogModuleManager: Shutting down and abandoning module PaperTiledImporter (302)
[2019.09.13-17.47.12:829][396]LogModuleManager: Shutting down and abandoning module PaperSpriteSheetImporter (300)
[2019.09.13-17.47.13:235][396]LogModuleManager: Shutting down and abandoning module Paper2DEditor (298)
[2019.09.13-17.47.14:087][396]LogModuleManager: Shutting down and abandoning module ExploreAndCollect (296)
[2019.09.13-17.47.14:087][396]LogModuleManager: Shutting down and abandoning module SignificanceManager (294)
[2019.09.13-17.47.14:087][396]LogModuleManager: Shutting down and abandoning module RuntimePhysXCooking (292)
[2019.09.13-17.47.14:087][396]LogModuleManager: Shutting down and abandoning module PhysXVehiclesEditor (290)
[2019.09.13-17.47.14:087][396]LogModuleManager: Shutting down and abandoning module PhysXVehicles (288)
[2019.09.13-17.47.14:087][396]LogModuleManager: Shutting down and abandoning module LocationServicesBPLibrary (286)
[2019.09.13-17.47.14:087][396]LogModuleManager: Shutting down and abandoning module ActorSequence (284)
[2019.09.13-17.47.14:087][396]LogModuleManager: Shutting down and abandoning module UdpMessaging (282)
[2019.09.13-17.47.14:189][396]LogModuleManager: Shutting down and abandoning module TcpMessaging (280)
[2019.09.13-17.47.14:485][396]LogModuleManager: Shutting down and abandoning module MagicLeapIdentity (278)
[2019.09.13-17.47.14:485][396]LogModuleManager: Shutting down and abandoning module MagicLeapSecureStorage (276)
[2019.09.13-17.47.14:485][396]LogModuleManager: Shutting down and abandoning module MagicLeapHandTracking (274)
[2019.09.13-17.47.14:776][396]LogModuleManager: Shutting down and abandoning module MagicLeapEyeTracker (272)
[2019.09.13-17.47.14:776][396]LogModuleManager: Shutting down and abandoning module MagicLeapController (270)
[2019.09.13-17.47.15:036][396]LogSlate: Slate User Destroyed.  User Index 0, Is Virtual User: 0
[2019.09.13-17.47.15:036][396]LogModuleManager: Shutting down and abandoning module MagicLeapAR (268)
[2019.09.13-17.47.15:036][396]LogModuleManager: Shutting down and abandoning module AugmentedReality (267)
[2019.09.13-17.47.15:036][396]LogModuleManager: Shutting down and abandoning module GameplayTagsEditor (264)
[2019.09.13-17.47.15:398][396]LogModuleManager: Shutting down and abandoning module FacialAnimationEditor (262)
[2019.09.13-17.47.15:625][396]LogModuleManager: Shutting down and abandoning module FacialAnimation (260)
[2019.09.13-17.47.15:625][396]LogModuleManager: Shutting down and abandoning module DataValidation (258)
[2019.09.13-17.47.15:625][396]LogModuleManager: Shutting down and abandoning module AssetManagerEditor (256)
[2019.09.13-17.47.16:299][396]LogModuleManager: Shutting down and abandoning module LevelEditor (255)
[2019.09.13-17.47.16:411][396]LogModuleManager: Shutting down and abandoning module PixelInspectorModule (254)
[2019.09.13-17.47.16:724][396]LogModuleManager: Shutting down and abandoning module CommonMenuExtensions (252)
[2019.09.13-17.47.16:724][396]LogModuleManager: Shutting down and abandoning module MainFrame (250)
[2019.09.13-17.47.16:724][396]LogModuleManager: Shutting down and abandoning module HotReload (249)
[2019.09.13-17.47.17:173][396]LogModuleManager: Shutting down and abandoning module ContentBrowser (245)
[2019.09.13-17.47.17:173][396]LogModuleManager: Shutting down and abandoning module TreeMap (243)
[2019.09.13-17.47.17:371][396]LogModuleManager: Shutting down and abandoning module AnimationSharing (240)
[2019.09.13-17.47.17:371][396]LogModuleManager: Shutting down and abandoning module LightPropagationVolumeRuntime (238)
[2019.09.13-17.47.17:371][396]LogModuleManager: Shutting down and abandoning module AISupportModule (236)
[2019.09.13-17.47.17:371][396]LogModuleManager: Shutting down and abandoning module Paper2D (234)
[2019.09.13-17.47.17:652][396]LogModuleManager: Shutting down and abandoning module WindowsMoviePlayer (232)
[2019.09.13-17.47.17:864][396]LogModuleManager: Shutting down and abandoning module WebMMoviePlayer (230)
[2019.09.13-17.47.18:105][396]LogModuleManager: Shutting down and abandoning module PacketHandler (228)
[2019.09.13-17.47.18:376][396]LogModuleManager: Shutting down and abandoning module ClothingSystemEditor (226)
[2019.09.13-17.47.18:376][396]LogModuleManager: Shutting down and abandoning module ClothingSystemRuntime (224)
[2019.09.13-17.47.18:909][396]LogModuleManager: Shutting down and abandoning module MediaAssets (222)
[2019.09.13-17.47.19:139][396]LogModuleManager: Shutting down and abandoning module Overlay (220)
[2019.09.13-17.47.19:139][396]LogModuleManager: Shutting down and abandoning module OverlayEditor (219)
[2019.09.13-17.47.19:139][396]LogModuleManager: Shutting down and abandoning module VREditor (216)
[2019.09.13-17.47.19:422][396]LogModuleManager: Shutting down and abandoning module StringTableEditor (214)
[2019.09.13-17.47.19:837][396]LogModuleManager: Shutting down and abandoning module GameplayTasksEditor (212)
[2019.09.13-17.47.19:837][396]LogModuleManager: Shutting down and abandoning module BehaviorTreeEditor (210)
[2019.09.13-17.47.20:920][396]LogModuleManager: Shutting down and abandoning module FunctionalTesting (208)
[2019.09.13-17.47.20:977][396]LogModuleManager: Shutting down and abandoning module CollisionAnalyzer (206)
[2019.09.13-17.47.21:695][396]LogModuleManager: Shutting down and abandoning module WorkspaceMenuStructure (205)
[2019.09.13-17.47.21:742][396]LogModuleManager: Shutting down and abandoning module UMG (202)
[2019.09.13-17.47.22:099][396]LogModuleManager: Shutting down and abandoning module UMGEditor (201)
[2019.09.13-17.47.22:477][396]LogModuleManager: Shutting down and abandoning module Sequencer (200)
[2019.09.13-17.47.23:716][396]LogModuleManager: Shutting down and abandoning module MessageLog (197)
[2019.09.13-17.47.23:716][396]LogModuleManager: Shutting down and abandoning module SlateReflector (192)
[2019.09.13-17.47.24:259][396]LogModuleManager: Shutting down and abandoning module Slate (190)
[2019.09.13-17.47.24:259][396]LogModuleManager: Shutting down and abandoning module EditorStyle (188)
[2019.09.13-17.47.24:260][396]LogModuleManager: Shutting down and abandoning module UnrealEd (186)
[2019.09.13-17.47.24:320][396]LogModuleManager: Shutting down and abandoning module MRMesh (184)
[2019.09.13-17.47.24:321][396]LogModuleManager: Shutting down and abandoning module SourceCodeAccess (182)
[2019.09.13-17.47.24:321][396]LogModuleManager: Shutting down and abandoning module HeadMountedDisplay (180)
[2019.09.13-17.47.24:635][396]LogModuleManager: Shutting down and abandoning module XAudio2 (178)
[2019.09.13-17.47.24:635][396]LogModuleManager: Shutting down and abandoning module Networking (176)
[2019.09.13-17.47.24:635][396]LogModuleManager: Shutting down and abandoning module Core (174)
[2019.09.13-17.47.24:635][396]LogModuleManager: Shutting down and abandoning module KismetCompiler (172)
[2019.09.13-17.47.24:635][396]LogModuleManager: Shutting down and abandoning module MeshUtilities (170)
[2019.09.13-17.47.24:635][396]LogModuleManager: Shutting down and abandoning module MeshMergeUtilities (169)
[2019.09.13-17.47.24:760][396]LogModuleManager: Shutting down and abandoning module MeshReductionInterface (168)
[2019.09.13-17.47.24:760][396]LogModuleManager: Shutting down and abandoning module SkeletalMeshReduction (167)
[2019.09.13-17.47.24:925][396]LogModuleManager: Shutting down and abandoning module ProxyLODMeshReduction (165)
[2019.09.13-17.47.25:635][396]LogModuleManager: Shutting down and abandoning module QuadricMeshReduction (163)
[2019.09.13-17.47.25:687][396]LogModuleManager: Shutting down and abandoning module MaterialBaking (159)
[2019.09.13-17.47.25:881][396]LogModuleManager: Shutting down and abandoning module DerivedDataCache (154)
[2019.09.13-17.47.25:982][396]LogDerivedDataCache: Shutdown
[2019.09.13-17.47.25:982][396]LogModuleManager: Shutting down and abandoning module XGEController (152)
[2019.09.13-17.47.26:081][396]LogModuleManager: Shutting down and abandoning module TargetPlatform (150)
[2019.09.13-17.47.26:351][396]LogModuleManager: Shutting down and abandoning module VulkanShaderFormat (149)
[2019.09.13-17.47.26:587][396]LogModuleManager: Shutting down and abandoning module ShaderFormatVectorVM (147)
[2019.09.13-17.47.26:894][396]LogModuleManager: Shutting down and abandoning module ShaderFormatOpenGL (145)
[2019.09.13-17.47.27:303][396]LogModuleManager: Shutting down and abandoning module ShaderFormatD3D (143)
[2019.09.13-17.47.27:549][396]LogModuleManager: Shutting down and abandoning module MetalShaderFormat (141)
[2019.09.13-17.47.27:667][396]LogModuleManager: Shutting down and abandoning module TextureFormatUncompressed (139)
[2019.09.13-17.47.27:667][396]LogModuleManager: Shutting down and abandoning module TextureFormatPVR (137)
[2019.09.13-17.47.27:667][396]LogModuleManager: Shutting down and abandoning module TextureFormatDXT (135)
[2019.09.13-17.47.28:123][396]LogModuleManager: Shutting down and abandoning module TextureFormatIntelISPCTexComp (133)
[2019.09.13-17.47.28:520][396]LogModuleManager: Shutting down and abandoning module TextureFormatASTC (131)
[2019.09.13-17.47.28:520][396]LogModuleManager: Shutting down and abandoning module ImageWrapper (130)
[2019.09.13-17.47.28:520][396]LogModuleManager: Shutting down and abandoning module TextureFormatAndroid (127)
[2019.09.13-17.47.28:520][396]LogModuleManager: Shutting down and abandoning module AudioFormatOpus (125)
[2019.09.13-17.47.28:712][396]LogModuleManager: Shutting down and abandoning module AudioFormatOgg (123)
[2019.09.13-17.47.28:712][396]LogModuleManager: Shutting down and abandoning module AudioFormatADPCM (121)
[2019.09.13-17.47.28:891][396]LogModuleManager: Shutting down and abandoning module LuminTargetPlatform (119)
[2019.09.13-17.47.29:090][396]LogModuleManager: Shutting down and abandoning module LinuxTargetPlatform (117)
[2019.09.13-17.47.29:090][396]LogModuleManager: Shutting down and abandoning module LinuxServerTargetPlatform (115)
[2019.09.13-17.47.29:564][396]LogModuleManager: Shutting down and abandoning module LinuxNoEditorTargetPlatform (113)
[2019.09.13-17.47.29:676][396]LogModuleManager: Shutting down and abandoning module LinuxClientTargetPlatform (111)
[2019.09.13-17.47.29:808][396]LogModuleManager: Shutting down and abandoning module TVOSTargetPlatform (109)
[2019.09.13-17.47.29:809][396]LogModuleManager: Shutting down and abandoning module Messaging (107)
[2019.09.13-17.47.29:809][396]LogModuleManager: Shutting down and abandoning module IOSTargetPlatform (105)
[2019.09.13-17.47.29:810][396]LogModuleManager: Shutting down and abandoning module HTML5TargetPlatform (103)
[2019.09.13-17.47.29:810][396]LogModuleManager: Shutting down and abandoning module AndroidTargetPlatform (101)
[2019.09.13-17.47.29:815][396]LogModuleManager: Shutting down and abandoning module WindowsTargetPlatform (99)
[2019.09.13-17.47.29:815][396]LogModuleManager: Shutting down and abandoning module WindowsServerTargetPlatform (97)
[2019.09.13-17.47.29:815][396]LogModuleManager: Shutting down and abandoning module WindowsNoEditorTargetPlatform (95)
[2019.09.13-17.47.29:815][396]LogModuleManager: Shutting down and abandoning module WindowsClientTargetPlatform (93)
[2019.09.13-17.47.29:815][396]LogModuleManager: Shutting down and abandoning module MacTargetPlatform (91)
[2019.09.13-17.47.29:815][396]LogModuleManager: Shutting down and abandoning module MacServerTargetPlatform (89)
[2019.09.13-17.47.29:815][396]LogModuleManager: Shutting down and abandoning module MacNoEditorTargetPlatform (87)
[2019.09.13-17.47.29:815][396]LogModuleManager: Shutting down and abandoning module MacClientTargetPlatform (85)
[2019.09.13-17.47.29:815][396]LogModuleManager: Shutting down and abandoning module AllDesktopTargetPlatform (83)
[2019.09.13-17.47.29:815][396]LogModuleManager: Shutting down and abandoning module InputCore (80)
[2019.09.13-17.47.29:815][396]LogModuleManager: Shutting down and abandoning module Settings (78)
[2019.09.13-17.47.29:815][396]LogModuleManager: Shutting down and abandoning module DirectoryWatcher (76)
[2019.09.13-17.47.29:820][396]LogModuleManager: Shutting down and abandoning module PhysXCooking (74)
[2019.09.13-17.47.29:820][396]LogModuleManager: Shutting down and abandoning module SteamVR (72)
[2019.09.13-17.47.30:074][396]LogHMD: Freeing OpenVRDLLHandle.
[2019.09.13-17.47.30:338][396]LogModuleManager: Shutting down and abandoning module OculusHMD (70)
[2019.09.13-17.47.30:410][396]LogModuleManager: Shutting down and abandoning module ExampleDeviceProfileSelector (68)
[2019.09.13-17.47.30:410][396]LogModuleManager: Shutting down and abandoning module LauncherChunkInstaller (66)
[2019.09.13-17.47.30:410][396]LogModuleManager: Shutting down and abandoning module OnlineBlueprintSupport (64)
[2019.09.13-17.47.30:410][396]LogModuleManager: Shutting down and abandoning module OnlineSubsystem (60)
[2019.09.13-17.47.31:581][396]LogModuleManager: Shutting down and abandoning module XMPP (55)
[2019.09.13-17.47.31:807][396]LogModuleManager: Shutting down and abandoning module WebSockets (54)
[2019.09.13-17.47.32:971][396]LogModuleManager: Shutting down and abandoning module HTTP (51)
[2019.09.13-17.47.32:971][396]LogHttp: Display: Http module shutting down, but needs to wait on 1 outstanding Http requests:
[2019.09.13-17.47.32:971][396]LogHttp: Display: 	verb=[POST] url=[https://datarouter.ol.epicgames.com/datarouter/api/v1/public/data?SessionID=%7B6391EF37-4A60-D3EC-34A1-988BDCF585D8%7D&AppID=UEEditor.Rocket.Release&AppVersion=4.22.3-7053642%2B%2B%2BUE4%2BRelease-4.22&UserID=b780a0c344a9aa3d0639d4830bea8ad9%7C0df0b30056f847ef8351907a7287021a%7C08a01f05-7e5d-4b53-9da9-6d5f4bb25f26&AppEnvironment=datacollector-binary&UploadType=eteventstream] status=Processing
[2019.09.13-17.47.32:985][396]LogModuleManager: Shutting down and abandoning module SSL (50)
[2019.09.13-17.47.32:986][396]LogModuleManager: Shutting down and abandoning module WmfMedia (46)
[2019.09.13-17.47.33:189][396]LogModuleManager: Shutting down and abandoning module Media (45)
[2019.09.13-17.47.33:195][396]LogModuleManager: Shutting down and abandoning module MagicLeap (42)
[2019.09.13-17.47.33:375][396]LogModuleManager: Shutting down and abandoning module DatasmithContent (40)
[2019.09.13-17.47.33:376][396]LogModuleManager: Shutting down and abandoning module AnimationModifiers (38)
[2019.09.13-17.47.33:721][396]LogModuleManager: Shutting down and abandoning module PropertyEditor (37)
[2019.09.13-17.47.33:834][396]LogModuleManager: Shutting down and abandoning module AudioEditor (34)
[2019.09.13-17.47.35:506][396]LogModuleManager: Shutting down and abandoning module TextureCompressor (32)
[2019.09.13-17.47.36:030][396]LogModuleManager: Shutting down and abandoning module RenderCore (30)
[2019.09.13-17.47.36:030][396]LogModuleManager: Shutting down and abandoning module Landscape (28)
[2019.09.13-17.47.36:030][396]LogModuleManager: Shutting down and abandoning module SlateRHIRenderer (26)
[2019.09.13-17.47.36:778][396]LogModuleManager: Shutting down and abandoning module OpenGLDrv (24)
[2019.09.13-17.47.37:054][396]LogModuleManager: Shutting down and abandoning module D3D11RHI (22)
[2019.09.13-17.47.37:054][396]LogModuleManager: Shutting down and abandoning module AnimGraphRuntime (20)
[2019.09.13-17.47.37:054][396]LogModuleManager: Shutting down and abandoning module Renderer (18)
[2019.09.13-17.47.37:054][396]LogModuleManager: Shutting down and abandoning module Engine (16)
[2019.09.13-17.47.37:054][396]LogModuleManager: Shutting down and abandoning module CoreUObject (14)
[2019.09.13-17.47.37:054][396]LogModuleManager: Shutting down and abandoning module NetworkFile (12)
[2019.09.13-17.47.37:104][396]LogModuleManager: Shutting down and abandoning module CookedIterativeFile (10)
[2019.09.13-17.47.37:105][396]LogModuleManager: Shutting down and abandoning module StreamingFile (8)
[2019.09.13-17.47.37:380][396]LogModuleManager: Shutting down and abandoning module SandboxFile (6)
[2019.09.13-17.47.37:380][396]LogModuleManager: Shutting down and abandoning module PakFile (4)
[2019.09.13-17.47.37:658][396]LogModuleManager: Shutting down and abandoning module RSA (3)
[2019.09.13-17.47.38:463][396]LogExit: Exiting.
[2019.09.13-17.47.38:904][396]Log file closed, 09/13/19 13:47:38
