Log file open, 09/09/19 14:23:35
LogWindows: Failed to load 'aqProf.dll' (GetLastError=126)
LogWindows: File 'aqProf.dll' does not exist
LogWindows: Failed to load 'VtuneApi.dll' (GetLastError=126)
LogWindows: File 'VtuneApi.dll' does not exist
LogWindows: Failed to load 'VtuneApi32e.dll' (GetLastError=126)
LogWindows: File 'VtuneApi32e.dll' does not exist
LogConsoleResponse: Display: Failed to find resolution value strings in scalability ini. Falling back to default.
LogInit: Display: Running engine for game: ExploreAndCollect
LogPakFile: Registered encryption key '00000000000000000000000000000000': 0 pak files mounted, 0 remain pending
LogPlatformFile: Not using cached read wrapper
LogTaskGraph: Started task graph with 5 named threads and 23 total threads with 3 sets of task threads.
LogStats: Stats thread started at 0.449708
LogD3D11RHI: Loaded GFSDK_Aftermath_Lib.x64.dll
LogICUInternationalization: ICU TimeZone Detection - Raw Offset: -5:00, Platform Override: ''
LogPluginManager: Mounting plugin Paper2D
LogPluginManager: Mounting plugin AISupport
LogPluginManager: Mounting plugin LightPropagationVolume
LogPluginManager: Mounting plugin ActorLayerUtilities
LogPluginManager: Mounting plugin AnimationSharing
LogPluginManager: Mounting plugin CLionSourceCodeAccess
LogPluginManager: Mounting plugin CodeLiteSourceCodeAccess
LogPluginManager: Mounting plugin GitSourceControl
LogPluginManager: Mounting plugin KDevelopSourceCodeAccess
LogPluginManager: Mounting plugin NullSourceCodeAccess
LogPluginManager: Mounting plugin PerforceSourceControl
LogPluginManager: Mounting plugin SubversionSourceControl
LogPluginManager: Mounting plugin UObjectPlugin
LogPluginManager: Mounting plugin VisualStudioCodeSourceCodeAccess
LogPluginManager: Mounting plugin VisualStudioSourceCodeAccess
LogPluginManager: Mounting plugin XCodeSourceCodeAccess
LogPluginManager: Mounting plugin AssetManagerEditor
LogPluginManager: Mounting plugin CryptoKeys
LogPluginManager: Mounting plugin DataValidation
LogPluginManager: Mounting plugin FacialAnimation
LogPluginManager: Mounting plugin GameplayTagsEditor
LogPluginManager: Mounting plugin MacGraphicsSwitching
LogPluginManager: Mounting plugin MaterialAnalyzer
LogPluginManager: Mounting plugin MobileLauncherProfileWizard
LogPluginManager: Mounting plugin PluginBrowser
LogPluginManager: Mounting plugin SpeedTreeImporter
LogPluginManager: Mounting plugin DatasmithContent
LogPluginManager: Mounting plugin VariantManagerContent
LogPluginManager: Mounting plugin AlembicImporter
LogPluginManager: Mounting plugin AppleImageUtils
LogPluginManager: Mounting plugin AppleVision
LogPluginManager: Mounting plugin BackChannel
LogPluginManager: Mounting plugin CharacterAI
LogPluginManager: Mounting plugin GeometryCache
LogPluginManager: Mounting plugin HTML5Networking
LogPluginManager: Mounting plugin ProxyLODPlugin
LogPluginManager: Mounting plugin SkeletalReduction
LogPluginManager: Mounting plugin MagicLeap
LogPluginManager: Mounting plugin MagicLeapMedia
LogPluginManager: Mounting plugin AndroidMedia
LogPluginManager: Mounting plugin AvfMedia
LogPluginManager: Mounting plugin ImgMedia
LogPluginManager: Mounting plugin LinearTimecode
LogPluginManager: Mounting plugin MediaCompositing
LogPluginManager: Mounting plugin MediaPlayerEditor
LogPluginManager: Mounting plugin WebMMedia
LogPluginManager: Mounting plugin WmfMedia
LogPluginManager: Mounting plugin TcpMessaging
LogPluginManager: Mounting plugin UdpMessaging
LogPluginManager: Mounting plugin ActorSequence
LogPluginManager: Mounting plugin LevelSequenceEditor
LogPluginManager: Mounting plugin MatineeToLevelSequence
LogPluginManager: Mounting plugin NetcodeUnitTest
LogPluginManager: Mounting plugin NUTUnrealEngine4
LogPluginManager: Mounting plugin OnlineSubsystemGooglePlay
LogPluginManager: Mounting plugin OnlineSubsystemIOS
LogPluginManager: Mounting plugin OnlineSubsystem
LogPluginManager: Mounting plugin OnlineSubsystemNull
LogPluginManager: Mounting plugin OnlineSubsystemUtils
LogPluginManager: Mounting plugin LauncherChunkInstaller
LogPluginManager: Mounting plugin AndroidDeviceProfileSelector
LogPluginManager: Mounting plugin AndroidMoviePlayer
LogPluginManager: Mounting plugin AndroidPermission
LogPluginManager: Mounting plugin AppleMoviePlayer
LogPluginManager: Mounting plugin ArchVisCharacter
LogPluginManager: Mounting plugin AudioCapture
LogPluginManager: Mounting plugin CableComponent
LogPluginManager: Mounting plugin CustomMeshComponent
LogPluginManager: Mounting plugin EditableMesh
LogPluginManager: Mounting plugin ExampleDeviceProfileSelector
LogPluginManager: Mounting plugin Firebase
LogPluginManager: Mounting plugin GoogleCloudMessaging
LogPluginManager: Mounting plugin IOSDeviceProfileSelector
LogPluginManager: Mounting plugin LinuxDeviceProfileSelector
LogPluginManager: Mounting plugin LocationServicesBPLibrary
LogPluginManager: Mounting plugin MobilePatchingUtils
LogPluginManager: Mounting plugin OculusVR
LogPluginManager: Mounting plugin PhysXVehicles
LogPluginManager: Mounting plugin ProceduralMeshComponent
LogPluginManager: Mounting plugin RuntimePhysXCooking
LogPluginManager: Mounting plugin SignificanceManager
LogPluginManager: Mounting plugin SteamVR
LogPluginManager: Mounting plugin WebMMoviePlayer
LogPluginManager: Mounting plugin WindowsMoviePlayer
LogInit: Using libcurl 7.55.1-DEV
LogInit:  - built for x86_64-pc-win32
LogInit:  - supports SSL with OpenSSL/1.1.1
LogInit:  - supports HTTP deflate (compression) using libz 1.2.8
LogInit:  - other features:
LogInit:      CURL_VERSION_SSL
LogInit:      CURL_VERSION_LIBZ
LogInit:      CURL_VERSION_IPV6
LogInit:      CURL_VERSION_ASYNCHDNS
LogInit:      CURL_VERSION_LARGEFILE
LogInit:      CURL_VERSION_IDN
LogInit:  CurlRequestOptions (configurable via config and command line):
LogInit:  - bVerifyPeer = true  - Libcurl will verify peer certificate
LogInit:  - bUseHttpProxy = false  - Libcurl will NOT use HTTP proxy
LogInit:  - bDontReuseConnections = false  - Libcurl will reuse connections
LogInit:  - MaxHostConnections = 16  - Libcurl will limit the number of connections to a host
LogInit:  - LocalHostAddr = Default
LogInit:  - BufferSize = 65536
LogInit: WinSock: version 1.1 (2.2), MaxSocks=32767, MaxUdp=65467
LogInit: Build: ++UE4+Release-4.22-CL-7053642
LogInit: Engine Version: 4.22.3-7053642+++UE4+Release-4.22
LogInit: Compatible Engine Version: 4.22.0-5660361+++UE4+Release-4.22
LogInit: Net CL: 5660361
LogInit: OS: Windows 10 (Release 1809) (), CPU: Intel(R) Core(TM) i7-7700HQ CPU @ 2.80GHz, GPU: NVIDIA GeForce GTX 1070
LogInit: Compiled (64-bit): Jun 18 2019 03:09:11
LogInit: Compiled with Visual C++: 19.16.27025.01
LogInit: Build Configuration: Development
LogInit: Branch Name: ++UE4+Release-4.22
LogInit: Command Line:  -skipcompile
LogInit: Base Directory: D:/UE_4.22/Engine/Binaries/Win64/
LogInit: Installed Engine Build: 1
LogDevObjectVersion: Number of dev versions registered: 23
LogDevObjectVersion:   Dev-Blueprints (B0D832E4-1F89-4F0D-ACCF-7EB736FD4AA2): 10
LogDevObjectVersion:   Dev-Build (E1C64328-A22C-4D53-A36C-8E866417BD8C): 0
LogDevObjectVersion:   Dev-Core (375EC13C-06E4-48FB-B500-84F0262A717E): 3
LogDevObjectVersion:   Dev-Editor (E4B068ED-F494-42E9-A231-DA0B2E46BB41): 30
LogDevObjectVersion:   Dev-Framework (CFFC743F-43B0-4480-9391-14DF171D2073): 35
LogDevObjectVersion:   Dev-Mobile (B02B49B5-BB20-44E9-A304-32B752E40360): 2
LogDevObjectVersion:   Dev-Networking (A4E4105C-59A1-49B5-A7C5-40C4547EDFEE): 0
LogDevObjectVersion:   Dev-Online (39C831C9-5AE6-47DC-9A44-9C173E1C8E7C): 0
LogDevObjectVersion:   Dev-Physics (78F01B33-EBEA-4F98-B9B4-84EACCB95AA2): 0
LogDevObjectVersion:   Dev-Platform (6631380F-2D4D-43E0-8009-CF276956A95A): 0
LogDevObjectVersion:   Dev-Rendering (12F88B9F-8875-4AFC-A67C-D90C383ABD29): 28
LogDevObjectVersion:   Dev-Sequencer (7B5AE74C-D270-4C10-A958-57980B212A5A): 11
LogDevObjectVersion:   Dev-VR (D7296918-1DD6-4BDD-9DE2-64A83CC13884): 2
LogDevObjectVersion:   Dev-LoadTimes (C2A15278-BFE7-4AFE-6C17-90FF531DF755): 1
LogDevObjectVersion:   Private-Geometry (6EACA3D4-40EC-4CC1-B786-8BED09428FC5): 3
LogDevObjectVersion:   Dev-AnimPhys (29E575DD-E0A3-4627-9D10-D276232CDCEA): 17
LogDevObjectVersion:   Dev-Anim (AF43A65D-7FD3-4947-9873-3E8ED9C1BB05): 2
LogDevObjectVersion:   Dev-ReflectionCapture (6B266CEC-1EC7-4B8F-A30B-E4D90942FC07): 1
LogDevObjectVersion:   Dev-Automation (0DF73D61-A23F-47EA-B727-89E90C41499A): 1
LogDevObjectVersion:   FortniteMain (601D1886-AC64-4F84-AA16-D3DE0DEAC7D6): 25
LogDevObjectVersion:   Dev-Enterprise (9DFFBCD6-494F-0158-E221-12823C92A888): 6
LogDevObjectVersion:   Dev-Niagara (F2AED0AC-9AFE-416F-8664-AA7FFA26D6FC): 1
LogDevObjectVersion:   Dev-Destruction (174F1F0B-B4C6-45A5-B13F-2EE8D0FB917D): 2
LogInit: Presizing for max 16777216 objects, including 0 objects not considered by GC, pre-allocating 0 bytes for permanent pool.
LogInit: Object subsystem initialized
LogConfig: Setting CVar [[con.DebugEarlyDefault:1]]
LogConfig: Setting CVar [[r.setres:1280x720]]
[2019.09.09-18.23.37:555][  0]LogConfig: Setting CVar [[r.VSync:0]]
[2019.09.09-18.23.37:555][  0]LogConfig: Setting CVar [[r.RHICmdBypass:0]]
[2019.09.09-18.23.37:555][  0]LogConfig: Applying CVar settings from Section [/Script/Engine.RendererSettings] File [D:/Unreal Projects/ExploreAndCollect/Saved/Config/Windows/Engine.ini]
[2019.09.09-18.23.37:555][  0]LogConfig: Setting CVar [[r.GPUCrashDebugging:0]]
[2019.09.09-18.23.37:555][  0]LogConfig: Applying CVar settings from Section [/Script/Engine.RendererOverrideSettings] File [D:/Unreal Projects/ExploreAndCollect/Saved/Config/Windows/Engine.ini]
[2019.09.09-18.23.37:555][  0]LogConfig: Applying CVar settings from Section [/Script/Engine.StreamingSettings] File [D:/Unreal Projects/ExploreAndCollect/Saved/Config/Windows/Engine.ini]
[2019.09.09-18.23.37:555][  0]LogConfig: Setting CVar [[s.MinBulkDataSizeForAsyncLoading:131072]]
[2019.09.09-18.23.37:555][  0]LogConfig: Setting CVar [[s.AsyncLoadingThreadEnabled:0]]
[2019.09.09-18.23.37:556][  0]LogConfig: Setting CVar [[s.EventDrivenLoaderEnabled:1]]
[2019.09.09-18.23.37:556][  0]LogConfig: Setting CVar [[s.WarnIfTimeLimitExceeded:0]]
[2019.09.09-18.23.37:556][  0]LogConfig: Setting CVar [[s.TimeLimitExceededMultiplier:1.5]]
[2019.09.09-18.23.37:556][  0]LogConfig: Setting CVar [[s.TimeLimitExceededMinTime:0.005]]
[2019.09.09-18.23.37:556][  0]LogConfig: Setting CVar [[s.UseBackgroundLevelStreaming:1]]
[2019.09.09-18.23.37:556][  0]LogConfig: Setting CVar [[s.PriorityAsyncLoadingExtraTime:15.0]]
[2019.09.09-18.23.37:556][  0]LogConfig: Setting CVar [[s.LevelStreamingActorsUpdateTimeLimit:5.0]]
[2019.09.09-18.23.37:556][  0]LogConfig: Setting CVar [[s.PriorityLevelStreamingActorsUpdateExtraTime:5.0]]
[2019.09.09-18.23.37:556][  0]LogConfig: Setting CVar [[s.LevelStreamingComponentsRegistrationGranularity:10]]
[2019.09.09-18.23.37:556][  0]LogConfig: Setting CVar [[s.UnregisterComponentsTimeLimit:1.0]]
[2019.09.09-18.23.37:557][  0]LogConfig: Setting CVar [[s.LevelStreamingComponentsUnregistrationGranularity:5]]
[2019.09.09-18.23.37:557][  0]LogConfig: Applying CVar settings from Section [/Script/Engine.GarbageCollectionSettings] File [D:/Unreal Projects/ExploreAndCollect/Saved/Config/Windows/Engine.ini]
[2019.09.09-18.23.37:557][  0]LogConfig: Setting CVar [[gc.MaxObjectsNotConsideredByGC:1]]
[2019.09.09-18.23.37:557][  0]LogConfig: Setting CVar [[gc.SizeOfPermanentObjectPool:0]]
[2019.09.09-18.23.37:557][  0]LogConfig: Setting CVar [[gc.FlushStreamingOnGC:0]]
[2019.09.09-18.23.37:557][  0]LogConfig: Setting CVar [[gc.NumRetriesBeforeForcingGC:10]]
[2019.09.09-18.23.37:557][  0]LogConfig: Setting CVar [[gc.AllowParallelGC:1]]
[2019.09.09-18.23.37:557][  0]LogConfig: Setting CVar [[gc.TimeBetweenPurgingPendingKillObjects:61.1]]
[2019.09.09-18.23.37:557][  0]LogConfig: Setting CVar [[gc.MaxObjectsInEditor:16777216]]
[2019.09.09-18.23.37:557][  0]LogConfig: Setting CVar [[gc.IncrementalBeginDestroyEnabled:1]]
[2019.09.09-18.23.37:557][  0]LogConfig: Setting CVar [[gc.CreateGCClusters:1]]
[2019.09.09-18.23.37:558][  0]LogConfig: Setting CVar [[gc.MinGCClusterSize:5]]
[2019.09.09-18.23.37:558][  0]LogConfig: Setting CVar [[gc.ActorClusteringEnabled:0]]
[2019.09.09-18.23.37:558][  0]LogConfig: Setting CVar [[gc.BlueprintClusteringEnabled:0]]
[2019.09.09-18.23.37:558][  0]LogConfig: Setting CVar [[gc.UseDisregardForGCOnDedicatedServers:0]]
[2019.09.09-18.23.37:558][  0]LogConfig: Applying CVar settings from Section [/Script/Engine.NetworkSettings] File [D:/Unreal Projects/ExploreAndCollect/Saved/Config/Windows/Engine.ini]
[2019.09.09-18.23.37:558][  0]LogConfig: Applying CVar settings from Section [/Script/UnrealEd.CookerSettings] File [D:/Unreal Projects/ExploreAndCollect/Saved/Config/Windows/Engine.ini]
[2019.09.09-18.23.37:574][  0]LogConfig: Applying CVar settings from Section [ViewDistanceQuality@3] File [D:/Unreal Projects/ExploreAndCollect/Saved/Config/Windows/Scalability.ini]
[2019.09.09-18.23.37:574][  0]LogConfig: Setting CVar [[r.SkeletalMeshLODBias:0]]
[2019.09.09-18.23.37:575][  0]LogConfig: Setting CVar [[r.ViewDistanceScale:1.0]]
[2019.09.09-18.23.37:575][  0]LogConfig: Applying CVar settings from Section [AntiAliasingQuality@3] File [D:/Unreal Projects/ExploreAndCollect/Saved/Config/Windows/Scalability.ini]
[2019.09.09-18.23.37:575][  0]LogConfig: Setting CVar [[r.PostProcessAAQuality:4]]
[2019.09.09-18.23.37:575][  0]LogConfig: Applying CVar settings from Section [ShadowQuality@3] File [D:/Unreal Projects/ExploreAndCollect/Saved/Config/Windows/Scalability.ini]
[2019.09.09-18.23.37:575][  0]LogConfig: Setting CVar [[r.LightFunctionQuality:1]]
[2019.09.09-18.23.37:575][  0]LogConfig: Setting CVar [[r.ShadowQuality:5]]
[2019.09.09-18.23.37:576][  0]LogConfig: Setting CVar [[r.Shadow.CSM.MaxCascades:10]]
[2019.09.09-18.23.37:576][  0]LogConfig: Setting CVar [[r.Shadow.MaxResolution:2048]]
[2019.09.09-18.23.37:576][  0]LogConfig: Setting CVar [[r.Shadow.MaxCSMResolution:2048]]
[2019.09.09-18.23.37:576][  0]LogConfig: Setting CVar [[r.Shadow.RadiusThreshold:0.01]]
[2019.09.09-18.23.37:576][  0]LogConfig: Setting CVar [[r.Shadow.DistanceScale:1.0]]
[2019.09.09-18.23.37:576][  0]LogConfig: Setting CVar [[r.Shadow.CSM.TransitionScale:1.0]]
[2019.09.09-18.23.37:576][  0]LogConfig: Setting CVar [[r.Shadow.PreShadowResolutionFactor:1.0]]
[2019.09.09-18.23.37:576][  0]LogConfig: Setting CVar [[r.DistanceFieldShadowing:1]]
[2019.09.09-18.23.37:576][  0]LogConfig: Setting CVar [[r.DistanceFieldAO:1]]
[2019.09.09-18.23.37:576][  0]LogConfig: Setting CVar [[r.AOQuality:2]]
[2019.09.09-18.23.37:577][  0]LogConfig: Setting CVar [[r.VolumetricFog:1]]
[2019.09.09-18.23.37:577][  0]LogConfig: Setting CVar [[r.VolumetricFog.GridPixelSize:8]]
[2019.09.09-18.23.37:577][  0]LogConfig: Setting CVar [[r.VolumetricFog.GridSizeZ:128]]
[2019.09.09-18.23.37:577][  0]LogConfig: Setting CVar [[r.VolumetricFog.HistoryMissSupersampleCount:4]]
[2019.09.09-18.23.37:577][  0]LogConfig: Setting CVar [[r.LightMaxDrawDistanceScale:1]]
[2019.09.09-18.23.37:577][  0]LogConfig: Setting CVar [[r.CapsuleShadows:1]]
[2019.09.09-18.23.37:577][  0]LogConfig: Applying CVar settings from Section [PostProcessQuality@3] File [D:/Unreal Projects/ExploreAndCollect/Saved/Config/Windows/Scalability.ini]
[2019.09.09-18.23.37:577][  0]LogConfig: Setting CVar [[r.MotionBlurQuality:4]]
[2019.09.09-18.23.37:577][  0]LogConfig: Setting CVar [[r.AmbientOcclusionMipLevelFactor:0.4]]
[2019.09.09-18.23.37:577][  0]LogConfig: Setting CVar [[r.AmbientOcclusionMaxQuality:100]]
[2019.09.09-18.23.37:578][  0]LogConfig: Setting CVar [[r.AmbientOcclusionLevels:-1]]
[2019.09.09-18.23.37:578][  0]LogConfig: Setting CVar [[r.AmbientOcclusionRadiusScale:1.0]]
[2019.09.09-18.23.37:578][  0]LogConfig: Setting CVar [[r.DepthOfFieldQuality:2]]
[2019.09.09-18.23.37:578][  0]LogConfig: Setting CVar [[r.RenderTargetPoolMin:400]]
[2019.09.09-18.23.37:578][  0]LogConfig: Setting CVar [[r.LensFlareQuality:2]]
[2019.09.09-18.23.37:578][  0]LogConfig: Setting CVar [[r.SceneColorFringeQuality:1]]
[2019.09.09-18.23.37:578][  0]LogConfig: Setting CVar [[r.EyeAdaptationQuality:2]]
[2019.09.09-18.23.37:578][  0]LogConfig: Setting CVar [[r.BloomQuality:5]]
[2019.09.09-18.23.37:578][  0]LogConfig: Setting CVar [[r.FastBlurThreshold:100]]
[2019.09.09-18.23.37:578][  0]LogConfig: Setting CVar [[r.Upscale.Quality:3]]
[2019.09.09-18.23.37:578][  0]LogConfig: Setting CVar [[r.Tonemapper.GrainQuantization:1]]
[2019.09.09-18.23.37:578][  0]LogConfig: Setting CVar [[r.LightShaftQuality:1]]
[2019.09.09-18.23.37:579][  0]LogConfig: Setting CVar [[r.Filter.SizeScale:1]]
[2019.09.09-18.23.37:579][  0]LogConfig: Setting CVar [[r.Tonemapper.Quality:5]]
[2019.09.09-18.23.37:579][  0]LogConfig: Setting CVar [[r.DOF.Gather.AccumulatorQuality:1        ; higher gathering accumulator quality]]
[2019.09.09-18.23.37:579][  0]LogConfig: Setting CVar [[r.DOF.Gather.PostfilterMethod:1          ; Median3x3 postfilering method]]
[2019.09.09-18.23.37:579][  0]LogConfig: Setting CVar [[r.DOF.Gather.EnableBokehSettings:0       ; no bokeh simulation when gathering]]
[2019.09.09-18.23.37:579][  0]LogConfig: Setting CVar [[r.DOF.Gather.RingCount:4                 ; medium number of samples when gathering]]
[2019.09.09-18.23.37:579][  0]LogConfig: Setting CVar [[r.DOF.Scatter.ForegroundCompositing:1    ; additive foreground scattering]]
[2019.09.09-18.23.37:579][  0]LogConfig: Setting CVar [[r.DOF.Scatter.BackgroundCompositing:2    ; additive background scattering]]
[2019.09.09-18.23.37:579][  0]LogConfig: Setting CVar [[r.DOF.Scatter.EnableBokehSettings:1      ; bokeh simulation when scattering]]
[2019.09.09-18.23.37:579][  0]LogConfig: Setting CVar [[r.DOF.Scatter.MaxSpriteRatio:0.1         ; only a maximum of 10% of scattered bokeh]]
[2019.09.09-18.23.37:579][  0]LogConfig: Setting CVar [[r.DOF.Recombine.Quality:1                ; cheap slight out of focus]]
[2019.09.09-18.23.37:579][  0]LogConfig: Setting CVar [[r.DOF.Recombine.EnableBokehSettings:0    ; no bokeh simulation on slight out of focus]]
[2019.09.09-18.23.37:579][  0]LogConfig: Setting CVar [[r.DOF.TemporalAAQuality:1                ; more stable temporal accumulation]]
[2019.09.09-18.23.37:579][  0]LogConfig: Setting CVar [[r.DOF.Kernel.MaxForegroundRadius:0.025]]
[2019.09.09-18.23.37:579][  0]LogConfig: Setting CVar [[r.DOF.Kernel.MaxBackgroundRadius:0.025]]
[2019.09.09-18.23.37:579][  0]LogConfig: Applying CVar settings from Section [TextureQuality@3] File [D:/Unreal Projects/ExploreAndCollect/Saved/Config/Windows/Scalability.ini]
[2019.09.09-18.23.37:579][  0]LogConfig: Setting CVar [[r.Streaming.MipBias:0]]
[2019.09.09-18.23.37:579][  0]LogConfig: Setting CVar [[r.Streaming.AmortizeCPUToGPUCopy:0]]
[2019.09.09-18.23.37:580][  0]LogConfig: Setting CVar [[r.Streaming.MaxNumTexturesToStreamPerFrame:0]]
[2019.09.09-18.23.37:580][  0]LogConfig: Setting CVar [[r.Streaming.Boost:1]]
[2019.09.09-18.23.37:580][  0]LogConfig: Setting CVar [[r.MaxAnisotropy:8]]
[2019.09.09-18.23.37:580][  0]LogConfig: Setting CVar [[r.Streaming.LimitPoolSizeToVRAM:0]]
[2019.09.09-18.23.37:580][  0]LogConfig: Setting CVar [[r.Streaming.PoolSize:1000]]
[2019.09.09-18.23.37:580][  0]LogConfig: Setting CVar [[r.Streaming.MaxEffectiveScreenSize:0]]
[2019.09.09-18.23.37:580][  0]LogConfig: Applying CVar settings from Section [EffectsQuality@3] File [D:/Unreal Projects/ExploreAndCollect/Saved/Config/Windows/Scalability.ini]
[2019.09.09-18.23.37:580][  0]LogConfig: Setting CVar [[r.TranslucencyLightingVolumeDim:64]]
[2019.09.09-18.23.37:580][  0]LogConfig: Setting CVar [[r.RefractionQuality:2]]
[2019.09.09-18.23.37:580][  0]LogConfig: Setting CVar [[r.SSR.Quality:3]]
[2019.09.09-18.23.37:580][  0]LogConfig: Setting CVar [[r.SceneColorFormat:4]]
[2019.09.09-18.23.37:580][  0]LogConfig: Setting CVar [[r.DetailMode:2]]
[2019.09.09-18.23.37:580][  0]LogConfig: Setting CVar [[r.TranslucencyVolumeBlur:1]]
[2019.09.09-18.23.37:580][  0]LogConfig: Setting CVar [[r.MaterialQualityLevel:1 ; High quality]]
[2019.09.09-18.23.37:580][  0]LogConfig: Setting CVar [[r.SSS.Scale:1]]
[2019.09.09-18.23.37:580][  0]LogConfig: Setting CVar [[r.SSS.SampleSet:2]]
[2019.09.09-18.23.37:580][  0]LogConfig: Setting CVar [[r.SSS.Quality:1]]
[2019.09.09-18.23.37:581][  0]LogConfig: Setting CVar [[r.SSS.HalfRes:1]]
[2019.09.09-18.23.37:581][  0]LogConfig: Setting CVar [[r.EmitterSpawnRateScale:1.0]]
[2019.09.09-18.23.37:581][  0]LogConfig: Setting CVar [[r.ParticleLightQuality:2]]
[2019.09.09-18.23.37:581][  0]LogConfig: Applying CVar settings from Section [FoliageQuality@3] File [D:/Unreal Projects/ExploreAndCollect/Saved/Config/Windows/Scalability.ini]
[2019.09.09-18.23.37:581][  0]LogConfig: Setting CVar [[foliage.DensityScale:1.0]]
[2019.09.09-18.23.37:581][  0]LogConfig: Setting CVar [[grass.DensityScale:1.0]]
[2019.09.09-18.23.37:587][  0]LogInit: Selected Device Profile: [Windows]
[2019.09.09-18.23.37:587][  0]LogInit: Applying CVar settings loaded from the selected device profile: [Windows]
[2019.09.09-18.23.37:606][  0]LogHAL: Display: Platform has ~ 16 GB [17046728704 / 17179869184 / 16], which maps to Larger [LargestMinGB=32, LargerMinGB=12, DefaultMinGB=8, SmallerMinGB=6, SmallestMinGB=0)
[2019.09.09-18.23.37:606][  0]LogConfig: Setting CVar [[r.Vulkan.UseRealUBs:0		; Required until we fix HLR fall-out]]
[2019.09.09-18.23.37:606][  0]LogInit: Going up to parent DeviceProfile []
[2019.09.09-18.23.37:606][  0]LogConfig: Applying CVar settings from Section [ViewDistanceQuality@3] File [D:/Unreal Projects/ExploreAndCollect/Saved/Config/Windows/Scalability.ini]
[2019.09.09-18.23.37:606][  0]LogConfig: Setting CVar [[r.SkeletalMeshLODBias:0]]
[2019.09.09-18.23.37:607][  0]LogConfig: Setting CVar [[r.ViewDistanceScale:1.0]]
[2019.09.09-18.23.37:607][  0]LogConfig: Applying CVar settings from Section [AntiAliasingQuality@3] File [D:/Unreal Projects/ExploreAndCollect/Saved/Config/Windows/Scalability.ini]
[2019.09.09-18.23.37:607][  0]LogConfig: Setting CVar [[r.PostProcessAAQuality:4]]
[2019.09.09-18.23.37:607][  0]LogConfig: Applying CVar settings from Section [ShadowQuality@3] File [D:/Unreal Projects/ExploreAndCollect/Saved/Config/Windows/Scalability.ini]
[2019.09.09-18.23.37:607][  0]LogConfig: Setting CVar [[r.LightFunctionQuality:1]]
[2019.09.09-18.23.37:607][  0]LogConfig: Setting CVar [[r.ShadowQuality:5]]
[2019.09.09-18.23.37:607][  0]LogConfig: Setting CVar [[r.Shadow.CSM.MaxCascades:10]]
[2019.09.09-18.23.37:608][  0]LogConfig: Setting CVar [[r.Shadow.MaxResolution:2048]]
[2019.09.09-18.23.37:608][  0]LogConfig: Setting CVar [[r.Shadow.MaxCSMResolution:2048]]
[2019.09.09-18.23.37:608][  0]LogConfig: Setting CVar [[r.Shadow.RadiusThreshold:0.01]]
[2019.09.09-18.23.37:608][  0]LogConfig: Setting CVar [[r.Shadow.DistanceScale:1.0]]
[2019.09.09-18.23.37:608][  0]LogConfig: Setting CVar [[r.Shadow.CSM.TransitionScale:1.0]]
[2019.09.09-18.23.37:608][  0]LogConfig: Setting CVar [[r.Shadow.PreShadowResolutionFactor:1.0]]
[2019.09.09-18.23.37:608][  0]LogConfig: Setting CVar [[r.DistanceFieldShadowing:1]]
[2019.09.09-18.23.37:608][  0]LogConfig: Setting CVar [[r.DistanceFieldAO:1]]
[2019.09.09-18.23.37:609][  0]LogConfig: Setting CVar [[r.AOQuality:2]]
[2019.09.09-18.23.37:609][  0]LogConfig: Setting CVar [[r.VolumetricFog:1]]
[2019.09.09-18.23.37:609][  0]LogConfig: Setting CVar [[r.VolumetricFog.GridPixelSize:8]]
[2019.09.09-18.23.37:609][  0]LogConfig: Setting CVar [[r.VolumetricFog.GridSizeZ:128]]
[2019.09.09-18.23.37:609][  0]LogConfig: Setting CVar [[r.VolumetricFog.HistoryMissSupersampleCount:4]]
[2019.09.09-18.23.37:609][  0]LogConfig: Setting CVar [[r.LightMaxDrawDistanceScale:1]]
[2019.09.09-18.23.37:609][  0]LogConfig: Setting CVar [[r.CapsuleShadows:1]]
[2019.09.09-18.23.37:609][  0]LogConfig: Applying CVar settings from Section [PostProcessQuality@3] File [D:/Unreal Projects/ExploreAndCollect/Saved/Config/Windows/Scalability.ini]
[2019.09.09-18.23.37:609][  0]LogConfig: Setting CVar [[r.MotionBlurQuality:4]]
[2019.09.09-18.23.37:609][  0]LogConfig: Setting CVar [[r.AmbientOcclusionMipLevelFactor:0.4]]
[2019.09.09-18.23.37:609][  0]LogConfig: Setting CVar [[r.AmbientOcclusionMaxQuality:100]]
[2019.09.09-18.23.37:609][  0]LogConfig: Setting CVar [[r.AmbientOcclusionLevels:-1]]
[2019.09.09-18.23.37:610][  0]LogConfig: Setting CVar [[r.AmbientOcclusionRadiusScale:1.0]]
[2019.09.09-18.23.37:610][  0]LogConfig: Setting CVar [[r.DepthOfFieldQuality:2]]
[2019.09.09-18.23.37:610][  0]LogConfig: Setting CVar [[r.RenderTargetPoolMin:400]]
[2019.09.09-18.23.37:610][  0]LogConfig: Setting CVar [[r.LensFlareQuality:2]]
[2019.09.09-18.23.37:610][  0]LogConfig: Setting CVar [[r.SceneColorFringeQuality:1]]
[2019.09.09-18.23.37:610][  0]LogConfig: Setting CVar [[r.EyeAdaptationQuality:2]]
[2019.09.09-18.23.37:610][  0]LogConfig: Setting CVar [[r.BloomQuality:5]]
[2019.09.09-18.23.37:610][  0]LogConfig: Setting CVar [[r.FastBlurThreshold:100]]
[2019.09.09-18.23.37:610][  0]LogConfig: Setting CVar [[r.Upscale.Quality:3]]
[2019.09.09-18.23.37:610][  0]LogConfig: Setting CVar [[r.Tonemapper.GrainQuantization:1]]
[2019.09.09-18.23.37:610][  0]LogConfig: Setting CVar [[r.LightShaftQuality:1]]
[2019.09.09-18.23.37:610][  0]LogConfig: Setting CVar [[r.Filter.SizeScale:1]]
[2019.09.09-18.23.37:611][  0]LogConfig: Setting CVar [[r.Tonemapper.Quality:5]]
[2019.09.09-18.23.37:611][  0]LogConfig: Setting CVar [[r.DOF.Gather.AccumulatorQuality:1        ; higher gathering accumulator quality]]
[2019.09.09-18.23.37:611][  0]LogConfig: Setting CVar [[r.DOF.Gather.PostfilterMethod:1          ; Median3x3 postfilering method]]
[2019.09.09-18.23.37:611][  0]LogConfig: Setting CVar [[r.DOF.Gather.EnableBokehSettings:0       ; no bokeh simulation when gathering]]
[2019.09.09-18.23.37:611][  0]LogConfig: Setting CVar [[r.DOF.Gather.RingCount:4                 ; medium number of samples when gathering]]
[2019.09.09-18.23.37:611][  0]LogConfig: Setting CVar [[r.DOF.Scatter.ForegroundCompositing:1    ; additive foreground scattering]]
[2019.09.09-18.23.37:611][  0]LogConfig: Setting CVar [[r.DOF.Scatter.BackgroundCompositing:2    ; additive background scattering]]
[2019.09.09-18.23.37:611][  0]LogConfig: Setting CVar [[r.DOF.Scatter.EnableBokehSettings:1      ; bokeh simulation when scattering]]
[2019.09.09-18.23.37:611][  0]LogConfig: Setting CVar [[r.DOF.Scatter.MaxSpriteRatio:0.1         ; only a maximum of 10% of scattered bokeh]]
[2019.09.09-18.23.37:611][  0]LogConfig: Setting CVar [[r.DOF.Recombine.Quality:1                ; cheap slight out of focus]]
[2019.09.09-18.23.37:611][  0]LogConfig: Setting CVar [[r.DOF.Recombine.EnableBokehSettings:0    ; no bokeh simulation on slight out of focus]]
[2019.09.09-18.23.37:612][  0]LogConfig: Setting CVar [[r.DOF.TemporalAAQuality:1                ; more stable temporal accumulation]]
[2019.09.09-18.23.37:612][  0]LogConfig: Setting CVar [[r.DOF.Kernel.MaxForegroundRadius:0.025]]
[2019.09.09-18.23.37:612][  0]LogConfig: Setting CVar [[r.DOF.Kernel.MaxBackgroundRadius:0.025]]
[2019.09.09-18.23.37:612][  0]LogConfig: Applying CVar settings from Section [TextureQuality@3] File [D:/Unreal Projects/ExploreAndCollect/Saved/Config/Windows/Scalability.ini]
[2019.09.09-18.23.37:612][  0]LogConfig: Setting CVar [[r.Streaming.MipBias:0]]
[2019.09.09-18.23.37:612][  0]LogConfig: Setting CVar [[r.Streaming.AmortizeCPUToGPUCopy:0]]
[2019.09.09-18.23.37:612][  0]LogConfig: Setting CVar [[r.Streaming.MaxNumTexturesToStreamPerFrame:0]]
[2019.09.09-18.23.37:612][  0]LogConfig: Setting CVar [[r.Streaming.Boost:1]]
[2019.09.09-18.23.37:612][  0]LogConfig: Setting CVar [[r.MaxAnisotropy:8]]
[2019.09.09-18.23.37:612][  0]LogConfig: Setting CVar [[r.Streaming.LimitPoolSizeToVRAM:0]]
[2019.09.09-18.23.37:612][  0]LogConfig: Setting CVar [[r.Streaming.PoolSize:1000]]
[2019.09.09-18.23.37:612][  0]LogConfig: Setting CVar [[r.Streaming.MaxEffectiveScreenSize:0]]
[2019.09.09-18.23.37:612][  0]LogConfig: Applying CVar settings from Section [EffectsQuality@3] File [D:/Unreal Projects/ExploreAndCollect/Saved/Config/Windows/Scalability.ini]
[2019.09.09-18.23.37:612][  0]LogConfig: Setting CVar [[r.TranslucencyLightingVolumeDim:64]]
[2019.09.09-18.23.37:613][  0]LogConfig: Setting CVar [[r.RefractionQuality:2]]
[2019.09.09-18.23.37:613][  0]LogConfig: Setting CVar [[r.SSR.Quality:3]]
[2019.09.09-18.23.37:613][  0]LogConfig: Setting CVar [[r.SceneColorFormat:4]]
[2019.09.09-18.23.37:613][  0]LogConfig: Setting CVar [[r.DetailMode:2]]
[2019.09.09-18.23.37:613][  0]LogConfig: Setting CVar [[r.TranslucencyVolumeBlur:1]]
[2019.09.09-18.23.37:613][  0]LogConfig: Setting CVar [[r.MaterialQualityLevel:1 ; High quality]]
[2019.09.09-18.23.37:613][  0]LogConfig: Setting CVar [[r.SSS.Scale:1]]
[2019.09.09-18.23.37:613][  0]LogConfig: Setting CVar [[r.SSS.SampleSet:2]]
[2019.09.09-18.23.37:613][  0]LogConfig: Setting CVar [[r.SSS.Quality:1]]
[2019.09.09-18.23.37:613][  0]LogConfig: Setting CVar [[r.SSS.HalfRes:1]]
[2019.09.09-18.23.37:613][  0]LogConfig: Setting CVar [[r.EmitterSpawnRateScale:1.0]]
[2019.09.09-18.23.37:613][  0]LogConfig: Setting CVar [[r.ParticleLightQuality:2]]
[2019.09.09-18.23.37:613][  0]LogConfig: Applying CVar settings from Section [FoliageQuality@3] File [D:/Unreal Projects/ExploreAndCollect/Saved/Config/Windows/Scalability.ini]
[2019.09.09-18.23.37:613][  0]LogConfig: Setting CVar [[foliage.DensityScale:1.0]]
[2019.09.09-18.23.37:613][  0]LogConfig: Setting CVar [[grass.DensityScale:1.0]]
[2019.09.09-18.23.37:613][  0]LogConfig: Applying CVar settings from Section [Startup] File [../../../Engine/Config/ConsoleVariables.ini]
[2019.09.09-18.23.37:614][  0]LogConfig: Setting CVar [[net.UseAdaptiveNetUpdateFrequency:0]]
[2019.09.09-18.23.37:614][  0]LogConfig: Setting CVar [[p.chaos.AllowCreatePhysxBodies:1]]
[2019.09.09-18.23.37:614][  0]LogConfig: Applying CVar settings from Section [ConsoleVariables] File [D:/Unreal Projects/ExploreAndCollect/Saved/Config/Windows/Engine.ini]
[2019.09.09-18.23.37:626][  0]LogInit: Computer: DESKTOP-5O8QQ8M
[2019.09.09-18.23.37:626][  0]LogInit: User: willi
[2019.09.09-18.23.37:626][  0]LogInit: CPU Page size=4096, Cores=4
[2019.09.09-18.23.37:626][  0]LogInit: High frequency timer resolution =10.000000 MHz
[2019.09.09-18.23.37:632][  0]LogMemory: Memory total: Physical=15.9GB (16GB approx)
[2019.09.09-18.23.37:632][  0]LogMemory: Platform Memory Stats for Windows
[2019.09.09-18.23.37:632][  0]LogMemory: Process Physical Memory: 98.83 MB used, 98.83 MB peak
[2019.09.09-18.23.37:632][  0]LogMemory: Process Virtual Memory: 89.32 MB used, 89.32 MB peak
[2019.09.09-18.23.37:633][  0]LogMemory: Physical Memory: 8590.80 MB used,  7666.23 MB free, 16257.03 MB total
[2019.09.09-18.23.37:633][  0]LogMemory: Virtual Memory: 4643.11 MB used,  134213088.00 MB free, 134217728.00 MB total
[2019.09.09-18.23.38:853][  0]LogInit: Using OS detected language (en-US).
[2019.09.09-18.23.38:853][  0]LogInit: Using OS detected locale (en-CA).
[2019.09.09-18.23.38:962][  0]LogTextLocalizationManager: No specific localization for 'en-US' exists, so the 'en' localization will be used.
[2019.09.09-18.23.39:621][  0]LogInit: Setting process to per monitor DPI aware
[2019.09.09-18.23.40:038][  0]LogSlate: New Slate User Created.  User Index 0, Is Virtual User: 0
[2019.09.09-18.23.40:039][  0]LogSlate: Slate User Registered.  User Index 0, Is Virtual User: 0
[2019.09.09-18.23.40:872][  0]LogHMD: Failed to initialize OpenVR with code 110
[2019.09.09-18.23.40:872][  0]LogD3D11RHI: D3D11 adapters:
[2019.09.09-18.23.40:981][  0]LogD3D11RHI:    0. 'NVIDIA GeForce GTX 1070' (Feature Level 11_0)
[2019.09.09-18.23.40:982][  0]LogD3D11RHI:       8081/0/8128 MB DedicatedVideo/DedicatedSystem/SharedSystem, Outputs:1, VendorId:0x10de
[2019.09.09-18.23.41:020][  0]LogD3D11RHI:    1. 'Intel(R) HD Graphics 630' (Feature Level 11_0)
[2019.09.09-18.23.41:020][  0]LogD3D11RHI:       128/0/8128 MB DedicatedVideo/DedicatedSystem/SharedSystem, Outputs:0, VendorId:0x8086
[2019.09.09-18.23.41:050][  0]LogD3D11RHI:    2. 'Microsoft Basic Render Driver' (Feature Level 11_0)
[2019.09.09-18.23.41:050][  0]LogD3D11RHI:       0/0/8128 MB DedicatedVideo/DedicatedSystem/SharedSystem, Outputs:0, VendorId:0x1414
[2019.09.09-18.23.41:051][  0]LogD3D11RHI: Chosen D3D11 Adapter: 0
[2019.09.09-18.23.41:060][  0]LogD3D11RHI: Creating new Direct3DDevice
[2019.09.09-18.23.41:061][  0]LogD3D11RHI:     GPU DeviceId: 0x1be1 (for the marketing name, search the web for "GPU Device Id")
[2019.09.09-18.23.41:061][  0]LogWindows: EnumDisplayDevices:
[2019.09.09-18.23.41:061][  0]LogWindows:    0. 'NVIDIA GeForce GTX 1070' (P:1 D:1)
[2019.09.09-18.23.41:063][  0]LogWindows:    1. 'NVIDIA GeForce GTX 1070' (P:0 D:0)
[2019.09.09-18.23.41:064][  0]LogWindows:    2. 'NVIDIA GeForce GTX 1070' (P:0 D:0)
[2019.09.09-18.23.41:065][  0]LogWindows:    3. 'NVIDIA GeForce GTX 1070' (P:0 D:0)
[2019.09.09-18.23.41:065][  0]LogWindows:    4. 'Intel(R) HD Graphics 630' (P:0 D:0)
[2019.09.09-18.23.41:066][  0]LogWindows:    5. 'Intel(R) HD Graphics 630' (P:0 D:0)
[2019.09.09-18.23.41:066][  0]LogWindows:    6. 'Intel(R) HD Graphics 630' (P:0 D:0)
[2019.09.09-18.23.41:067][  0]LogWindows: DebugString: PrimaryIsNotTheChoosenAdapter PrimaryIsNotTheChoosenAdapter PrimaryIsNotTheChoosenAdapter FoundDriverCount:4 
[2019.09.09-18.23.41:067][  0]LogD3D11RHI:     Adapter Name: NVIDIA GeForce GTX 1070
[2019.09.09-18.23.41:067][  0]LogD3D11RHI:   Driver Version: 417.71 (internal:25.21.14.1771, unified:417.71)
[2019.09.09-18.23.41:067][  0]LogD3D11RHI:      Driver Date: 1-11-2019
[2019.09.09-18.23.41:067][  0]LogRHI: Texture pool is 5656 MB (70% of 8081 MB)
[2019.09.09-18.23.41:123][  0]LogD3D11RHI: Async texture creation enabled
[2019.09.09-18.23.41:195][  0]LogRendererCore: FGlobalReadBuffer::InitRHI
[2019.09.09-18.23.41:196][  0]LogRendererCore: FGlobalReadBuffer::InitRHI
[2019.09.09-18.23.41:196][  0]LogRendererCore: FGlobalReadBuffer::InitRHI
[2019.09.09-18.23.41:211][  0]LogD3D11RHI: GPU Timing Frequency: 1000.000000 (Debug: 2 2)
[2019.09.09-18.23.41:739][  0]LogTemp: Display: Module 'AllDesktopTargetPlatform' loaded TargetPlatform 'AllDesktop'
[2019.09.09-18.23.41:775][  0]LogTemp: Display: Module 'MacClientTargetPlatform' loaded TargetPlatform 'MacClient'
[2019.09.09-18.23.41:819][  0]LogTemp: Display: Module 'MacNoEditorTargetPlatform' loaded TargetPlatform 'MacNoEditor'
[2019.09.09-18.23.41:860][  0]LogTemp: Display: Module 'MacServerTargetPlatform' loaded TargetPlatform 'MacServer'
[2019.09.09-18.23.41:890][  0]LogTemp: Display: Module 'MacTargetPlatform' loaded TargetPlatform 'Mac'
[2019.09.09-18.23.41:932][  0]LogTemp: Display: Module 'WindowsClientTargetPlatform' loaded TargetPlatform 'WindowsClient'
[2019.09.09-18.23.41:970][  0]LogTemp: Display: Module 'WindowsNoEditorTargetPlatform' loaded TargetPlatform 'WindowsNoEditor'
[2019.09.09-18.23.42:009][  0]LogTemp: Display: Module 'WindowsServerTargetPlatform' loaded TargetPlatform 'WindowsServer'
[2019.09.09-18.23.42:038][  0]LogTemp: Display: Module 'WindowsTargetPlatform' loaded TargetPlatform 'Windows'
[2019.09.09-18.23.42:178][  0]LogTemp: Display: Module 'AndroidTargetPlatform' loaded TargetPlatform 'Android'
[2019.09.09-18.23.42:178][  0]LogTemp: Display: Module 'AndroidTargetPlatform' loaded TargetPlatform 'Android_ASTC'
[2019.09.09-18.23.42:178][  0]LogTemp: Display: Module 'AndroidTargetPlatform' loaded TargetPlatform 'Android_ATC'
[2019.09.09-18.23.42:178][  0]LogTemp: Display: Module 'AndroidTargetPlatform' loaded TargetPlatform 'Android_DXT'
[2019.09.09-18.23.42:179][  0]LogTemp: Display: Module 'AndroidTargetPlatform' loaded TargetPlatform 'Android_ETC1'
[2019.09.09-18.23.42:179][  0]LogTemp: Display: Module 'AndroidTargetPlatform' loaded TargetPlatform 'Android_ETC1a'
[2019.09.09-18.23.42:179][  0]LogTemp: Display: Module 'AndroidTargetPlatform' loaded TargetPlatform 'Android_ETC2'
[2019.09.09-18.23.42:179][  0]LogTemp: Display: Module 'AndroidTargetPlatform' loaded TargetPlatform 'Android_PVRTC'
[2019.09.09-18.23.42:179][  0]LogTemp: Display: Module 'AndroidTargetPlatform' loaded TargetPlatform 'AndroidClient'
[2019.09.09-18.23.42:179][  0]LogTemp: Display: Module 'AndroidTargetPlatform' loaded TargetPlatform 'Android_ASTCClient'
[2019.09.09-18.23.42:179][  0]LogTemp: Display: Module 'AndroidTargetPlatform' loaded TargetPlatform 'Android_ATCClient'
[2019.09.09-18.23.42:180][  0]LogTemp: Display: Module 'AndroidTargetPlatform' loaded TargetPlatform 'Android_DXTClient'
[2019.09.09-18.23.42:180][  0]LogTemp: Display: Module 'AndroidTargetPlatform' loaded TargetPlatform 'Android_ETC1Client'
[2019.09.09-18.23.42:180][  0]LogTemp: Display: Module 'AndroidTargetPlatform' loaded TargetPlatform 'Android_ETC1aClient'
[2019.09.09-18.23.42:180][  0]LogTemp: Display: Module 'AndroidTargetPlatform' loaded TargetPlatform 'Android_ETC2Client'
[2019.09.09-18.23.42:180][  0]LogTemp: Display: Module 'AndroidTargetPlatform' loaded TargetPlatform 'Android_PVRTCClient'
[2019.09.09-18.23.42:180][  0]LogTemp: Display: Module 'AndroidTargetPlatform' loaded TargetPlatform 'Android_Multi'
[2019.09.09-18.23.42:180][  0]LogTemp: Display: Module 'AndroidTargetPlatform' loaded TargetPlatform 'Android_MultiClient'
[2019.09.09-18.23.42:196][  0]LogTemp: Display: Module 'HTML5TargetPlatform' loaded TargetPlatform 'HTML5'
[2019.09.09-18.23.42:293][  0]LogTemp: Display: Module 'IOSTargetPlatform' loaded TargetPlatform 'IOSClient'
[2019.09.09-18.23.42:293][  0]LogTemp: Display: Module 'IOSTargetPlatform' loaded TargetPlatform 'IOS'
[2019.09.09-18.23.42:331][  0]LogTemp: Display: Module 'TVOSTargetPlatform' loaded TargetPlatform 'TVOSClient'
[2019.09.09-18.23.42:332][  0]LogTemp: Display: Module 'TVOSTargetPlatform' loaded TargetPlatform 'TVOS'
[2019.09.09-18.23.42:357][  0]LogTemp: Display: Module 'LinuxClientTargetPlatform' loaded TargetPlatform 'LinuxClient'
[2019.09.09-18.23.42:384][  0]LogTemp: Display: Module 'LinuxNoEditorTargetPlatform' loaded TargetPlatform 'LinuxNoEditor'
[2019.09.09-18.23.42:413][  0]LogTemp: Display: Module 'LinuxServerTargetPlatform' loaded TargetPlatform 'LinuxServer'
[2019.09.09-18.23.42:438][  0]LogTemp: Display: Module 'LinuxTargetPlatform' loaded TargetPlatform 'Linux'
[2019.09.09-18.23.42:507][  0]LogTemp: Display: Module 'LuminTargetPlatform' loaded TargetPlatform 'Lumin'
[2019.09.09-18.23.42:507][  0]LogTemp: Display: Module 'LuminTargetPlatform' loaded TargetPlatform 'LuminClient'
[2019.09.09-18.23.42:507][  0]LogTargetPlatformManager: Display: Building Assets For Windows
[2019.09.09-18.23.42:642][  0]LogAudioDebug: Display: Lib vorbis DLL was dynamically loaded.
[2019.09.09-18.23.43:126][  0]LogShaderCompilers: Guid format shader working directory is 0 characters bigger than the processId version (../../../../Unreal Projects/ExploreAndCollect/Intermediate/Shaders/WorkingDirectory/10500/).
[2019.09.09-18.23.43:127][  0]LogShaderCompilers: Cleaned the shader compiler working directory 'C:/Users/willi/AppData/Local/Temp/UnrealShaderWorkingDir/FFA39C1D4C0726196F9236846C1C9B99/'.
[2019.09.09-18.23.43:138][  0]LogXGEController: Cleaning working directory: C:/Users/willi/AppData/Local/Temp/UnrealXGEWorkingDir/
[2019.09.09-18.23.43:138][  0]LogXGEController: Cannot use XGE Controller as Incredibuild is not installed on this machine.
[2019.09.09-18.23.43:139][  0]LogShaderCompilers: Cannot use XGE Shader Compiler as Incredibuild is not installed on this machine.
[2019.09.09-18.23.43:139][  0]LogShaderCompilers: Display: Using Local Shader Compiler.
[2019.09.09-18.23.46:640][  0]LogDerivedDataCache: Display: Max Cache Size: 512 MB
[2019.09.09-18.23.46:965][  0]LogDerivedDataCache: Loaded boot cache 0.32s 74MB C:/Users/willi/AppData/Local/UnrealEngine/4.22/DerivedDataCache/Boot.ddc.
[2019.09.09-18.23.46:965][  0]LogDerivedDataCache: Display: Loaded Boot cache: C:/Users/willi/AppData/Local/UnrealEngine/4.22/DerivedDataCache/Boot.ddc
[2019.09.09-18.23.46:965][  0]LogDerivedDataCache: FDerivedDataBackendGraph:  Pak pak cache file ../../../../Unreal Projects/ExploreAndCollect/DerivedDataCache/DDC.ddp not found, will not use a pak cache.
[2019.09.09-18.23.46:965][  0]LogDerivedDataCache: Unable to find inner node Pak for hierarchical cache Hierarchy.
[2019.09.09-18.23.46:966][  0]LogDerivedDataCache: FDerivedDataBackendGraph:  CompressedPak pak cache file ../../../../Unreal Projects/ExploreAndCollect/DerivedDataCache/Compressed.ddp not found, will not use a pak cache.
[2019.09.09-18.23.46:966][  0]LogDerivedDataCache: Unable to find inner node CompressedPak for hierarchical cache Hierarchy.
[2019.09.09-18.23.46:999][  0]LogDerivedDataCache: Display: Pak cache opened for reading ../../../Engine/DerivedDataCache/Compressed.ddp.
[2019.09.09-18.23.46:999][  0]LogDerivedDataCache: FDerivedDataBackendGraph:  EnterprisePak pak cache file ../../../Enterprise/DerivedDataCache/Compressed.ddp not found, will not use a pak cache.
[2019.09.09-18.23.46:999][  0]LogDerivedDataCache: Unable to find inner node EnterprisePak for hierarchical cache Hierarchy.
[2019.09.09-18.23.47:013][  0]LogDerivedDataCache: Using Local data cache path C:/Users/willi/AppData/Local/UnrealEngine/Common/DerivedDataCache: Writable
[2019.09.09-18.23.47:013][  0]LogDerivedDataCache: Shared data cache path not found in *engine.ini, will not use an Shared cache.
[2019.09.09-18.23.47:014][  0]LogDerivedDataCache: Unable to find inner node Shared for hierarchical cache Hierarchy.
[2019.09.09-18.23.47:061][  0]LogMaterial: Verifying Global Shaders for PCD3D_SM5
[2019.09.09-18.23.47:094][  0]LogSlate: Using FreeType 2.6.0
[2019.09.09-18.23.47:153][  0]LogSlate: SlateFontServices - WITH_FREETYPE: 1, WITH_HARFBUZZ: 1
[2019.09.09-18.23.48:139][  0]LogAssetRegistry: FAssetRegistry took 0.0378 seconds to start up
[2019.09.09-18.23.49:864][  0]LogInit: Selected Device Profile: [Windows]
[2019.09.09-18.23.50:695][  0]LogMeshReduction: Using QuadricMeshReduction for automatic static mesh reduction
[2019.09.09-18.23.50:695][  0]LogMeshReduction: Using SimplygonMeshReduction for automatic skeletal mesh reduction
[2019.09.09-18.23.50:695][  0]LogMeshReduction: Using ProxyLODMeshReduction for automatic mesh merging
[2019.09.09-18.23.50:695][  0]LogMeshReduction: No distributed automatic mesh merging module available
[2019.09.09-18.23.50:695][  0]LogMeshMerging: No distributed automatic mesh merging module available
[2019.09.09-18.23.50:932][  0]LogNetVersion: ExploreAndCollect 1.0.0, NetCL: 5660361, EngineNetVer: 10, GameNetVer: 0 (Checksum: 882930883)
[2019.09.09-18.23.53:166][  0]LogPackageLocalizationCache: Processed 10 localized package path(s) for 1 prioritized culture(s) in 0.069741 seconds
[2019.09.09-18.23.53:174][  0]LogUObjectArray: 42205 objects as part of root set at end of initial load.
[2019.09.09-18.23.53:174][  0]LogUObjectAllocator: 7325032 out of 0 bytes used by permanent object pool.
[2019.09.09-18.23.53:174][  0]LogUObjectArray: CloseDisregardForGC: 0/0 objects in disregard for GC pool
[2019.09.09-18.24.08:930][  0]LogTcpMessaging: Initializing TcpMessaging bridge
[2019.09.09-18.24.08:969][  0]LogUdpMessaging: Initializing bridge on interface 0.0.0.0:0 to multicast group 230.0.0.1:6666.
[2019.09.09-18.24.11:193][  0]SourceControl: Source control is disabled
[2019.09.09-18.24.11:193][  0]SourceControl: Source control is disabled
[2019.09.09-18.24.11:290][  0]SourceControl: Source control is disabled
[2019.09.09-18.24.11:308][  0]SourceControl: Source control is disabled
[2019.09.09-18.24.12:140][  0]LogAndroidPermission: UAndroidPermissionCallbackProxy::GetInstance
[2019.09.09-18.24.12:545][  0]LogOcInput: OculusInput pre-init called
[2019.09.09-18.24.14:329][  0]LogClass: Warning: ObjectProperty FInventoryItem::Thumbnail is not initialized properly
[2019.09.09-18.24.14:329][  0]LogClass: Warning: BoolProperty FInventoryItem::bCanBeUsed is not initialized properly
[2019.09.09-18.24.14:329][  0]LogClass: Display: 2 Uninitialized script stuct members found
[2019.09.09-18.24.14:344][  0]LogAutomationTest: Warning: ObjectProperty FInventoryItem::Thumbnail is not initialized properly
[2019.09.09-18.24.14:344][  0]LogAutomationTest: Warning: BoolProperty FInventoryItem::bCanBeUsed is not initialized properly
[2019.09.09-18.24.14:369][  0]LogEngine: Initializing Engine...
[2019.09.09-18.24.14:381][  0]LogHMD: Failed to initialize OpenVR with code 110
[2019.09.09-18.24.14:392][  0]LogStats: UGameplayTagsManager::InitializeManager -  0.010 s
[2019.09.09-18.24.15:005][  0]LogInit: Initializing FReadOnlyCVARCache
[2019.09.09-18.24.15:235][  0]LogAIModule: Creating AISystem for world Untitled
[2019.09.09-18.24.15:287][  0]LogInit: XAudio2 using 'Speakers / Headphones (Realtek Audio)' : 6 channels at 48 kHz using 32 bits per sample (channel mask 0x3f)
[2019.09.09-18.24.15:320][  0]LogInit: FAudioDevice initialized.
[2019.09.09-18.24.15:320][  0]LogNetVersion: Set ProjectVersion to 1.0.0.0. Version Checksum will be recalculated on next use.
[2019.09.09-18.24.15:498][  0]LogDerivedDataCache: Saved boot cache 0.18s 74MB C:/Users/willi/AppData/Local/UnrealEngine/4.22/DerivedDataCache/Boot.ddc.
[2019.09.09-18.24.15:506][  0]LogInit: Texture streaming: Enabled
[2019.09.09-18.24.15:608][  0]LogEngineSessionManager: EngineSessionManager initialized
[2019.09.09-18.24.15:746][  0]LogInit: Transaction tracking system initialized
[2019.09.09-18.24.16:001][  0]BlueprintLog: New page: Editor Load
[2019.09.09-18.24.16:786][  0]LocalizationService: Localization service is disabled
[2019.09.09-18.24.18:447][  0]LogFileCache: Scanning file cache for directory 'D:/Unreal Projects/ExploreAndCollect/Content/' took 0.02s
[2019.09.09-18.24.18:447][  0]LogCook: Display: Max memory allowance for cook 16384mb min free memory 0mb
[2019.09.09-18.24.18:447][  0]LogCook: Display: Mobile HDR setting 1
[2019.09.09-18.24.20:065][  0]SourceControl: Source control is disabled
[2019.09.09-18.24.20:078][  0]Cmd: MAP LOAD FILE="../../../../Unreal Projects/ExploreAndCollect/Content/FirstPersonCPP/Maps/FirstPersonExampleMap.umap" TEMPLATE=0 SHOWPROGRESS=1 FEATURELEVEL=3
[2019.09.09-18.24.20:135][  0]LightingResults: New page: Lighting Build
[2019.09.09-18.24.20:150][  0]MapCheck: New page: Map Check
[2019.09.09-18.24.20:150][  0]LightingResults: New page: Lighting Build
[2019.09.09-18.24.20:177][  0]LogUObjectHash: Compacting FUObjectHashTables data took   2.15ms
[2019.09.09-18.24.20:954][  0]LogAIModule: Creating AISystem for world FirstPersonExampleMap
[2019.09.09-18.24.21:243][  0]LogEditorServer: Finished looking for orphan Actors (0.000 secs)
[2019.09.09-18.24.21:276][  0]LogUObjectHash: Compacting FUObjectHashTables data took   2.02ms
[2019.09.09-18.24.21:277][  0]Cmd: MAP CHECKDEP NOCLEARLOG
[2019.09.09-18.24.21:277][  0]MapCheck: Map check complete: 0 Error(s), 0 Warning(s), took 0.173ms to complete.
[2019.09.09-18.24.21:283][  0]LogFileHelpers: Loading map 'FirstPersonExampleMap' took 1.205
[2019.09.09-18.24.21:690][  0]LogSlate: Updating window title bar state: overlay mode, drag disabled, window buttons hidden, title bar hidden
[2019.09.09-18.24.21:712][  0]LogSlate: Updating window title bar state: overlay mode, drag disabled, window buttons hidden, title bar hidden
[2019.09.09-18.24.21:720][  0]LogSlate: Updating window title bar state: overlay mode, drag disabled, window buttons hidden, title bar hidden
[2019.09.09-18.24.21:729][  0]LogSlate: Updating window title bar state: overlay mode, drag disabled, window buttons hidden, title bar hidden
[2019.09.09-18.24.21:781][  0]LogCollectionManager: Loaded 0 collections in 0.002604 seconds
[2019.09.09-18.24.21:873][  0]LogFileCache: Scanning file cache for directory 'D:/Unreal Projects/ExploreAndCollect/Saved/Collections/' took 0.01s
[2019.09.09-18.24.21:873][  0]LogFileCache: Scanning file cache for directory 'D:/Unreal Projects/ExploreAndCollect/Content/Developers/willi/Collections/' took 0.01s
[2019.09.09-18.24.21:873][  0]LogFileCache: Scanning file cache for directory 'D:/Unreal Projects/ExploreAndCollect/Content/Collections/' took 0.01s
[2019.09.09-18.24.21:874][  0]LogCollectionManager: Rebuilt the GUID cache for 0 collections in 0.000000 seconds
[2019.09.09-18.24.21:919][  0]LogContentBrowser: Native class hierarchy populated in 0.0446 seconds. Added 2742 classes and 662 folders.
[2019.09.09-18.24.21:966][  0]LogContentBrowser: Native class hierarchy updated for 'WidgetCarousel' in 0.0007 seconds. Added 0 classes and 0 folders.
[2019.09.09-18.24.22:042][  0]LogPakFile: Registered encryption key '00000000000000000000000000000000': 0 pak files mounted, 0 remain pending
[2019.09.09-18.24.22:105][  0]LogPakFile: Registered encryption key '00000000000000000000000000000000': 0 pak files mounted, 0 remain pending
[2019.09.09-18.24.22:108][  0]LogPakFile: Registered encryption key '00000000000000000000000000000000': 0 pak files mounted, 0 remain pending
[2019.09.09-18.24.22:111][  0]LogPakFile: Registered encryption key '00000000000000000000000000000000': 0 pak files mounted, 0 remain pending
[2019.09.09-18.24.22:113][  0]LogPakFile: Registered encryption key '00000000000000000000000000000000': 0 pak files mounted, 0 remain pending
[2019.09.09-18.24.22:162][  0]LogPakFile: Registered encryption key '00000000000000000000000000000000': 0 pak files mounted, 0 remain pending
[2019.09.09-18.24.22:164][  0]LogPakFile: Registered encryption key '00000000000000000000000000000000': 0 pak files mounted, 0 remain pending
[2019.09.09-18.24.22:167][  0]LogPakFile: Registered encryption key '00000000000000000000000000000000': 0 pak files mounted, 0 remain pending
[2019.09.09-18.24.22:169][  0]LogPakFile: Registered encryption key '00000000000000000000000000000000': 0 pak files mounted, 0 remain pending
[2019.09.09-18.24.22:172][  0]LogPakFile: Registered encryption key '00000000000000000000000000000000': 0 pak files mounted, 0 remain pending
[2019.09.09-18.24.22:174][  0]LogPakFile: Registered encryption key '00000000000000000000000000000000': 0 pak files mounted, 0 remain pending
[2019.09.09-18.24.22:176][  0]LogPakFile: Registered encryption key '00000000000000000000000000000000': 0 pak files mounted, 0 remain pending
[2019.09.09-18.24.22:178][  0]LogPakFile: Registered encryption key '00000000000000000000000000000000': 0 pak files mounted, 0 remain pending
[2019.09.09-18.24.22:180][  0]LogPakFile: Registered encryption key '00000000000000000000000000000000': 0 pak files mounted, 0 remain pending
[2019.09.09-18.24.22:182][  0]LogPakFile: Registered encryption key '00000000000000000000000000000000': 0 pak files mounted, 0 remain pending
[2019.09.09-18.24.22:184][  0]LogPakFile: Registered encryption key '00000000000000000000000000000000': 0 pak files mounted, 0 remain pending
[2019.09.09-18.24.22:186][  0]LogPakFile: Registered encryption key '00000000000000000000000000000000': 0 pak files mounted, 0 remain pending
[2019.09.09-18.24.22:188][  0]LogPakFile: Registered encryption key '00000000000000000000000000000000': 0 pak files mounted, 0 remain pending
[2019.09.09-18.24.22:191][  0]LogPakFile: Registered encryption key '00000000000000000000000000000000': 0 pak files mounted, 0 remain pending
[2019.09.09-18.24.22:193][  0]LogPakFile: Registered encryption key '00000000000000000000000000000000': 0 pak files mounted, 0 remain pending
[2019.09.09-18.24.22:195][  0]LogPakFile: Registered encryption key '00000000000000000000000000000000': 0 pak files mounted, 0 remain pending
[2019.09.09-18.24.22:196][  0]LogPakFile: Registered encryption key '00000000000000000000000000000000': 0 pak files mounted, 0 remain pending
[2019.09.09-18.24.22:198][  0]LogPakFile: Registered encryption key '00000000000000000000000000000000': 0 pak files mounted, 0 remain pending
[2019.09.09-18.24.22:200][  0]LogPakFile: Registered encryption key '00000000000000000000000000000000': 0 pak files mounted, 0 remain pending
[2019.09.09-18.24.22:202][  0]LogPakFile: Registered encryption key '00000000000000000000000000000000': 0 pak files mounted, 0 remain pending
[2019.09.09-18.24.22:203][  0]LogPakFile: Registered encryption key '00000000000000000000000000000000': 0 pak files mounted, 0 remain pending
[2019.09.09-18.24.23:148][  0]LogContentBrowser: Native class hierarchy updated for 'AddContentDialog' in 0.0007 seconds. Added 0 classes and 0 folders.
[2019.09.09-18.24.23:183][  0]LogContentBrowser: Native class hierarchy updated for 'SceneOutliner' in 0.0008 seconds. Added 1 classes and 2 folders.
[2019.09.09-18.24.23:798][  0]LogSlate: Took 0.013588 seconds to synchronously load lazily loaded font '../../../Engine/Content/Slate/Fonts/Roboto-Regular.ttf' (155K)
[2019.09.09-18.24.23:802][  0]LogSlate: Took 0.001230 seconds to synchronously load lazily loaded font '../../../Engine/Content/Slate/Fonts/Roboto-Bold.ttf' (160K)
[2019.09.09-18.24.23:826][  0]LogSlate: Took 0.010363 seconds to synchronously load lazily loaded font '../../../Engine/Content/Editor/Slate/Fonts/FontAwesome.ttf' (139K)
[2019.09.09-18.24.24:083][  0]LogRenderer: Reallocating scene render targets to support 884x476 Format 10 NumSamples 1 (Frame:1).
[2019.09.09-18.24.24:345][  0]LogContentBrowser: Native class hierarchy updated for 'HierarchicalLODOutliner' in 0.0006 seconds. Added 0 classes and 0 folders.
[2019.09.09-18.24.24:345][  0]LogLoad: (Engine Initialization) Total time: 54.31 seconds
[2019.09.09-18.24.24:345][  0]LogLoad: (Engine Initialization) Total Blueprint compile time: 0.00 seconds
[2019.09.09-18.24.24:367][  0]LogCollectionManager: Rebuilt the object cache for 0 collections in 0.000000 seconds (found 0 objects)
[2019.09.09-18.24.24:510][  0]LogAssetRegistry: Asset discovery search completed in 36.3958 seconds
[2019.09.09-18.24.24:512][  0]LogCollectionManager: Fixed up redirectors for 0 collections in 0.000001 seconds (updated 0 objects)
[2019.09.09-18.24.24:527][  0]LogContentStreaming: Texture pool size now 1000 MB
[2019.09.09-18.24.36:393][697]LogEditorViewport: Clicking on Actor (context menu): TextRenderActor (TemplateLabel)
[2019.09.09-18.24.36:608][697]LogSlate: FSceneViewport::OnFocusLost() reason 2
[2019.09.09-18.24.37:082][708]LogEditorViewport: Clicking on Actor (context menu): StaticMeshActor (Floor)
[2019.09.09-18.24.37:318][708]LogSlate: FSceneViewport::OnFocusLost() reason 2
[2019.09.09-18.24.38:107][753]LogEditorViewport: Clicking on Actor (LMB): StaticMeshActor (Floor)
[2019.09.09-18.24.45:676][206]LogSlate: FSceneViewport::OnFocusLost() reason 0
[2019.09.09-18.24.45:918][216]LogEditor: Attempting to add actor of class 'MissionInteractable' to level at 130.00,900.00,170.00
[2019.09.09-18.24.46:609][255]LogEditor: Attempting to add actor of class 'MissionInteractable' to level at 490.00,130.00,170.00
[2019.09.09-18.24.49:319][412]LogSlate: FSceneViewport::OnFocusLost() reason 0
[2019.09.09-18.25.08:213][539]LogSlate: FSceneViewport::OnFocusLost() reason 0
[2019.09.09-18.25.09:699][626]LogEditorViewport: Clicking on Actor (context menu): StaticMeshActor (Floor)
[2019.09.09-18.25.09:821][626]LogSlate: FSceneViewport::OnFocusLost() reason 2
[2019.09.09-18.25.22:298][372]Cmd: DELETE
[2019.09.09-18.25.22:299][372]Cmd: ACTOR DELETE
[2019.09.09-18.25.22:433][372]LogEditorActor: Deleted Actor: MissionInteractable
[2019.09.09-18.25.22:460][372]LogUObjectHash: Compacting FUObjectHashTables data took   1.18ms
[2019.09.09-18.25.22:460][372]LogEditorActor: Deleted 1 Actors (0.056 secs)
[2019.09.09-18.25.25:776][570]LogEditor: Attempting to add actor of class 'MissionManager' to level at 570.00,880.00,470.00
[2019.09.09-18.25.26:505][613]LogEditor: Attempting to add actor of class 'MissionManager' to level at 390.00,230.00,170.00
[2019.09.09-18.26.03:909][541]LogSlate: FSceneViewport::OnFocusLost() reason 0
[2019.09.09-18.26.10:311][895]LogSlate: Took 0.014440 seconds to synchronously load lazily loaded font '../../../Engine/Content/Slate/Fonts/Roboto-Light.ttf' (167K)
[2019.09.09-18.26.16:333][895]LogSlate: Window 'Pick Parent Class' being destroyed
[2019.09.09-18.26.30:447][728]LogUObjectHash: Compacting FUObjectHashTables data took   1.89ms
[2019.09.09-18.26.30:447][728]LogMetaData: Removing '/Game/Blueprints/BP_mission.BP_mission:UserConstructionScript.K2Node_FunctionEntry_0' ref from Metadata '/Game/Blueprints/NewBlueprint.PackageMetaData'
[2019.09.09-18.26.30:447][728]LogMetaData: Removing '/Game/Blueprints/BP_mission.SKEL_BP_mission_C' ref from Metadata '/Game/Blueprints/NewBlueprint.PackageMetaData'
[2019.09.09-18.26.30:448][728]LogMetaData: Removing '/Game/Blueprints/BP_mission.BP_mission_C' ref from Metadata '/Game/Blueprints/NewBlueprint.PackageMetaData'
[2019.09.09-18.26.30:448][728]LogMetaData: Removing '/Game/Blueprints/BP_mission.BP_mission:EventGraph.K2Node_Event_0' ref from Metadata '/Game/Blueprints/NewBlueprint.PackageMetaData'
[2019.09.09-18.26.30:448][728]LogMetaData: Removing '/Game/Blueprints/BP_mission.BP_mission:EventGraph.K2Node_Event_1' ref from Metadata '/Game/Blueprints/NewBlueprint.PackageMetaData'
[2019.09.09-18.26.30:448][728]LogMetaData: Removing '/Game/Blueprints/BP_mission.BP_mission:EventGraph.K2Node_Event_2' ref from Metadata '/Game/Blueprints/NewBlueprint.PackageMetaData'
[2019.09.09-18.26.30:484][728]Cmd: OBJ SAVEPACKAGE PACKAGE="/Game/Blueprints/BP_mission" FILE="../../../../Unreal Projects/ExploreAndCollect/Content/Blueprints/BP_mission.uasset" SILENT=true
[2019.09.09-18.26.30:492][728]LogSavePackage: Moving '../../../../Unreal Projects/ExploreAndCollect/Saved/BP_missionD358B9B845F17E42FFAC7499928AB469.tmp' to '../../../../Unreal Projects/ExploreAndCollect/Content/Blueprints/BP_mission.uasset'
[2019.09.09-18.26.30:651][728]LogUObjectHash: Compacting FUObjectHashTables data took   1.92ms
[2019.09.09-18.26.30:681][728]LogUObjectHash: Compacting FUObjectHashTables data took   1.43ms
[2019.09.09-18.26.30:704][728]LogUObjectHash: Compacting FUObjectHashTables data took   0.54ms
[2019.09.09-18.26.34:309][931]LogSlate: FSceneViewport::OnFocusLost() reason 0
[2019.09.09-18.26.38:259][167]LogAssetEditorManager: Opening Asset editor for Blueprint /Game/Blueprints/BP_mission.BP_mission
[2019.09.09-18.26.39:096][167]LogContentBrowser: Native class hierarchy updated for 'BlueprintGraph' in 0.0014 seconds. Added 121 classes and 0 folders.
[2019.09.09-18.26.40:933][168]LogRenderer: Reallocating scene render targets to support 884x540 Format 10 NumSamples 1 (Frame:1).
[2019.09.09-18.26.42:384][246]LogRenderer: Reallocating scene render targets to support 884x616 Format 10 NumSamples 1 (Frame:66).
[2019.09.09-18.26.42:586][258]LogSlate: Window 'BP_mission' being destroyed
[2019.09.09-18.26.59:410][763]Candidate modules for hot reload:
[2019.09.09-18.26.59:411][763]  ExploreAndCollect
[2019.09.09-18.26.59:411][763]Launching UnrealBuildTool... [D:/UE_4.22/Engine/Binaries/DotNET/UnrealBuildTool.exe  -ModuleWithSuffix=ExploreAndCollect,4672 Win64 Development -TargetType=Editor -Project="D:/Unreal Projects/ExploreAndCollect/ExploreAndCollect.uproject" "D:/Unreal Projects/ExploreAndCollect/ExploreAndCollect.uproject"  -IgnoreJunk]
[2019.09.09-18.26.59:421][763]Warning: Starting HotReload took  0.1s.
[2019.09.09-18.27.17:210][810]CompilerResultsLog: New page: Compilation - Sep 9, 2019, 10:27:17 AM
[2019.09.09-18.27.17:210][810]CompilerResultsLog: Creating makefile for ExploreAndCollectEditor (ini files are newer than makefile)
[2019.09.09-18.27.17:210][810]CompilerResultsLog: Parsing headers for ExploreAndCollectEditor
[2019.09.09-18.27.17:210][810]CompilerResultsLog:   Running UnrealHeaderTool "D:\Unreal Projects\ExploreAndCollect\ExploreAndCollect.uproject" "D:\Unreal Projects\ExploreAndCollect\Intermediate\Build\Win64\ExploreAndCollectEditor\Development\ExploreAndCollectEditor.uhtmanifest" -LogCmds="loginit warning, logexit warning, logdatabase error" -Unattended -WarningsAsErrors -installed
[2019.09.09-18.27.17:210][810]CompilerResultsLog: Reflection code generated for ExploreAndCollectEditor in 9.63081 seconds
[2019.09.09-18.27.17:210][810]CompilerResultsLog: Failed to delete file 'D:\Unreal Projects\ExploreAndCollect\Binaries\Win64\UE4Editor-ExploreAndCollect.pdb'
[2019.09.09-18.27.17:210][810]CompilerResultsLog:     Exception: Access to the path 'D:\Unreal Projects\ExploreAndCollect\Binaries\Win64\UE4Editor-ExploreAndCollect.pdb' is denied.
[2019.09.09-18.27.17:210][810]CompilerResultsLog: Attempting to retry...
[2019.09.09-18.27.17:210][810]CompilerResultsLog: Failed to delete file 'D:\Unreal Projects\ExploreAndCollect\Binaries\Win64\UE4Editor-ExploreAndCollect.pdb'
[2019.09.09-18.27.17:210][810]CompilerResultsLog:     Exception: Access to the path 'D:\Unreal Projects\ExploreAndCollect\Binaries\Win64\UE4Editor-ExploreAndCollect.pdb' is denied.
[2019.09.09-18.27.17:210][810]CompilerResultsLog: Attempting to retry...
[2019.09.09-18.27.17:211][810]CompilerResultsLog: Failed to delete file 'D:\Unreal Projects\ExploreAndCollect\Binaries\Win64\UE4Editor-ExploreAndCollect.pdb'
[2019.09.09-18.27.17:211][810]CompilerResultsLog:     Exception: Access to the path 'D:\Unreal Projects\ExploreAndCollect\Binaries\Win64\UE4Editor-ExploreAndCollect.pdb' is denied.
[2019.09.09-18.27.17:211][810]CompilerResultsLog: ERROR: Exhausted all retries!
[2019.09.09-18.27.17:211][810]CompilerResultsLog: Using Visual Studio 2017 14.16.27023 toolchain (D:\ProgramData\Microsoft\Visual Studios Itself\VC\Tools\MSVC\14.16.27023) and Windows 10.0.17763.0 SDK (C:\Program Files (x86)\Windows Kits\10).
[2019.09.09-18.27.17:211][810]CompilerResultsLog: Building 6 actions with 8 processes...
[2019.09.09-18.27.17:211][810]CompilerResultsLog:   [1/6] ExploreAndCollect.init.gen.cpp
[2019.09.09-18.27.17:211][810]CompilerResultsLog:   [2/6] MissionManager.cpp
[2019.09.09-18.27.17:211][810]CompilerResultsLog:   [3/6] MissionManager.gen.cpp
[2019.09.09-18.27.17:211][810]CompilerResultsLog:   [4/6] UE4Editor-ExploreAndCollect-4672.lib
[2019.09.09-18.27.17:211][810]CompilerResultsLog:      Creating library D:\Unreal Projects\ExploreAndCollect\Intermediate\Build\Win64\UE4Editor\Development\ExploreAndCollect\UE4Editor-ExploreAndCollect-4672.lib and object D:\Unreal Projects\ExploreAndCollect\Intermediate\Build\Win64\UE4Editor\Development\ExploreAndCollect\UE4Editor-ExploreAndCollect-4672.exp
[2019.09.09-18.27.17:211][810]CompilerResultsLog:   [5/6] UE4Editor-ExploreAndCollect-4672.dll
[2019.09.09-18.27.17:211][810]CompilerResultsLog:      Creating library D:\Unreal Projects\ExploreAndCollect\Intermediate\Build\Win64\UE4Editor\Development\ExploreAndCollect\UE4Editor-ExploreAndCollect-4672.suppressed.lib and object D:\Unreal Projects\ExploreAndCollect\Intermediate\Build\Win64\UE4Editor\Development\ExploreAndCollect\UE4Editor-ExploreAndCollect-4672.suppressed.exp
[2019.09.09-18.27.17:211][810]CompilerResultsLog:   [6/6] ExploreAndCollectEditor.target
[2019.09.09-18.27.17:212][810]CompilerResultsLog: Total time in Parallel executor: 3.09 seconds
[2019.09.09-18.27.17:212][810]CompilerResultsLog: Total execution time: 17.58 seconds
[2019.09.09-18.27.17:212][810]LogMainFrame: MainFrame: Module compiling took 17.807 seconds
[2019.09.09-18.27.17:250][810]LogUObjectHash: Compacting FUObjectHashTables data took   2.99ms
[2019.09.09-18.27.17:250][810]LogBlueprintActionDatabase: Requesting refresh due to module change: ExploreAndCollect (unloaded)
[2019.09.09-18.27.17:530][810]LogClass: Could not find existing class MissionManager in package /Script/ExploreAndCollect for HotReload, assuming new class
[2019.09.09-18.27.17:533][810]LogClass: InventoryItem HotReload.
[2019.09.09-18.27.17:533][810]LogClass: MissionInteractable2 HotReload.
[2019.09.09-18.27.17:533][810]LogClass: CraftingInfo HotReload.
[2019.09.09-18.27.17:548][810]LogHotReload: Re-instancing MissionManager after hot-reload.
[2019.09.09-18.27.17:818][810]LogBlueprintActionDatabase: Requesting refresh due to module change: ExploreAndCollect (loaded)
[2019.09.09-18.27.17:819][810]LogContentBrowser: Native class hierarchy updated for 'ExploreAndCollect' in 0.0010 seconds. Added 10 classes and 3 folders.
[2019.09.09-18.27.17:823][810]Display: HotReload successful (4 functions remapped  3 scriptstructs remapped)
[2019.09.09-18.27.17:976][810]LogUObjectHash: Compacting FUObjectHashTables data took   2.95ms
[2019.09.09-18.27.17:976][810]LogBlueprintActionDatabase: Requesting refresh due to hot reload
[2019.09.09-18.27.17:996][810]LogContentBrowser: Native class hierarchy populated in 0.0109 seconds. Added 2743 classes and 664 folders.
[2019.09.09-18.27.18:018][810]Display: HotReload took 18.7s.
[2019.09.09-18.28.01:424][814]LogSlate: FSceneViewport::OnFocusLost() reason 0
[2019.09.09-18.28.01:505][818]Candidate modules for hot reload:
[2019.09.09-18.28.01:505][818]  ExploreAndCollect
[2019.09.09-18.28.01:505][818]Launching UnrealBuildTool... [D:/UE_4.22/Engine/Binaries/DotNET/UnrealBuildTool.exe  -ModuleWithSuffix=ExploreAndCollect,3535 Win64 Development -TargetType=Editor -Project="D:/Unreal Projects/ExploreAndCollect/ExploreAndCollect.uproject" "D:/Unreal Projects/ExploreAndCollect/ExploreAndCollect.uproject"  -IgnoreJunk]
[2019.09.09-18.28.01:514][818]Warning: Starting HotReload took  0.0s.
[2019.09.09-18.28.18:460][724]CompilerResultsLog: New page: Compilation - Sep 9, 2019, 10:28:18 AM
[2019.09.09-18.28.18:460][724]CompilerResultsLog: Parsing headers for ExploreAndCollectEditor
[2019.09.09-18.28.18:460][724]CompilerResultsLog:   Running UnrealHeaderTool "D:\Unreal Projects\ExploreAndCollect\ExploreAndCollect.uproject" "D:\Unreal Projects\ExploreAndCollect\Intermediate\Build\Win64\ExploreAndCollectEditor\Development\ExploreAndCollectEditor.uhtmanifest" -LogCmds="loginit warning, logexit warning, logdatabase error" -Unattended -WarningsAsErrors -installed
[2019.09.09-18.28.18:460][724]CompilerResultsLog: Reflection code generated for ExploreAndCollectEditor in 9.8080185 seconds
[2019.09.09-18.28.18:460][724]CompilerResultsLog: Failed to delete file 'D:\Unreal Projects\ExploreAndCollect\Binaries\Win64\UE4Editor-ExploreAndCollect.pdb'
[2019.09.09-18.28.18:460][724]CompilerResultsLog:     Exception: Access to the path 'D:\Unreal Projects\ExploreAndCollect\Binaries\Win64\UE4Editor-ExploreAndCollect.pdb' is denied.
[2019.09.09-18.28.18:461][724]CompilerResultsLog: Attempting to retry...
[2019.09.09-18.28.18:461][724]CompilerResultsLog: Failed to delete file 'D:\Unreal Projects\ExploreAndCollect\Binaries\Win64\UE4Editor-ExploreAndCollect.pdb'
[2019.09.09-18.28.18:461][724]CompilerResultsLog:     Exception: Access to the path 'D:\Unreal Projects\ExploreAndCollect\Binaries\Win64\UE4Editor-ExploreAndCollect.pdb' is denied.
[2019.09.09-18.28.18:461][724]CompilerResultsLog: Attempting to retry...
[2019.09.09-18.28.18:461][724]CompilerResultsLog: Failed to delete file 'D:\Unreal Projects\ExploreAndCollect\Binaries\Win64\UE4Editor-ExploreAndCollect.pdb'
[2019.09.09-18.28.18:461][724]CompilerResultsLog:     Exception: Access to the path 'D:\Unreal Projects\ExploreAndCollect\Binaries\Win64\UE4Editor-ExploreAndCollect.pdb' is denied.
[2019.09.09-18.28.18:461][724]CompilerResultsLog: ERROR: Exhausted all retries!
[2019.09.09-18.28.18:461][724]CompilerResultsLog: Using Visual Studio 2017 14.16.27023 toolchain (D:\ProgramData\Microsoft\Visual Studios Itself\VC\Tools\MSVC\14.16.27023) and Windows 10.0.17763.0 SDK (C:\Program Files (x86)\Windows Kits\10).
[2019.09.09-18.28.18:461][724]CompilerResultsLog: Building 6 actions with 8 processes...
[2019.09.09-18.28.18:462][724]CompilerResultsLog:   [1/6] ExploreAndCollect.init.gen.cpp
[2019.09.09-18.28.18:462][724]CompilerResultsLog:   [2/6] MissionManager.cpp
[2019.09.09-18.28.18:462][724]CompilerResultsLog:   [3/6] MissionManager.gen.cpp
[2019.09.09-18.28.18:462][724]CompilerResultsLog:   [4/6] UE4Editor-ExploreAndCollect-3535.lib
[2019.09.09-18.28.18:462][724]CompilerResultsLog:      Creating library D:\Unreal Projects\ExploreAndCollect\Intermediate\Build\Win64\UE4Editor\Development\ExploreAndCollect\UE4Editor-ExploreAndCollect-3535.lib and object D:\Unreal Projects\ExploreAndCollect\Intermediate\Build\Win64\UE4Editor\Development\ExploreAndCollect\UE4Editor-ExploreAndCollect-3535.exp
[2019.09.09-18.28.18:462][724]CompilerResultsLog:   [5/6] UE4Editor-ExploreAndCollect-3535.dll
[2019.09.09-18.28.18:462][724]CompilerResultsLog:      Creating library D:\Unreal Projects\ExploreAndCollect\Intermediate\Build\Win64\UE4Editor\Development\ExploreAndCollect\UE4Editor-ExploreAndCollect-3535.suppressed.lib and object D:\Unreal Projects\ExploreAndCollect\Intermediate\Build\Win64\UE4Editor\Development\ExploreAndCollect\UE4Editor-ExploreAndCollect-3535.suppressed.exp
[2019.09.09-18.28.18:462][724]CompilerResultsLog:   [6/6] ExploreAndCollectEditor.target
[2019.09.09-18.28.18:462][724]CompilerResultsLog: Total time in Parallel executor: 3.32 seconds
[2019.09.09-18.28.18:462][724]CompilerResultsLog: Total execution time: 16.70 seconds
[2019.09.09-18.28.18:463][724]LogMainFrame: MainFrame: Module compiling took 16.963 seconds
[2019.09.09-18.28.18:528][724]LogUObjectHash: Compacting FUObjectHashTables data took   4.37ms
[2019.09.09-18.28.18:529][724]LogBlueprintActionDatabase: Requesting refresh due to module change: ExploreAndCollect (unloaded)
[2019.09.09-18.28.18:830][724]LogClass: Could not find existing class MissionManager in package /Script/ExploreAndCollect for HotReload, assuming new class
[2019.09.09-18.28.18:833][724]LogClass: InventoryItem HotReload.
[2019.09.09-18.28.18:834][724]LogClass: MissionInteractable2 HotReload.
[2019.09.09-18.28.18:834][724]LogClass: CraftingInfo HotReload.
[2019.09.09-18.28.18:849][724]LogHotReload: Re-instancing MissionManager after hot-reload.
[2019.09.09-18.28.19:198][724]LogBlueprintActionDatabase: Requesting refresh due to module change: ExploreAndCollect (loaded)
[2019.09.09-18.28.19:200][724]LogContentBrowser: Native class hierarchy updated for 'ExploreAndCollect' in 0.0011 seconds. Added 10 classes and 3 folders.
[2019.09.09-18.28.19:205][724]Display: HotReload successful (4 functions remapped  3 scriptstructs remapped)
[2019.09.09-18.28.19:304][724]LogUObjectHash: Compacting FUObjectHashTables data took   5.22ms
[2019.09.09-18.28.19:304][724]LogBlueprintActionDatabase: Requesting refresh due to hot reload
[2019.09.09-18.28.19:321][724]LogContentBrowser: Native class hierarchy populated in 0.0097 seconds. Added 2743 classes and 664 folders.
[2019.09.09-18.28.19:321][724]Display: HotReload took 17.8s.
[2019.09.09-18.28.29:871][802]Candidate modules for hot reload:
[2019.09.09-18.28.29:871][802]  ExploreAndCollect
[2019.09.09-18.28.29:871][802]Launching UnrealBuildTool... [D:/UE_4.22/Engine/Binaries/DotNET/UnrealBuildTool.exe  -ModuleWithSuffix=ExploreAndCollect,8190 Win64 Development -TargetType=Editor -Project="D:/Unreal Projects/ExploreAndCollect/ExploreAndCollect.uproject" "D:/Unreal Projects/ExploreAndCollect/ExploreAndCollect.uproject"  -IgnoreJunk]
[2019.09.09-18.28.29:881][802]Warning: Starting HotReload took  0.0s.
[2019.09.09-18.28.30:212][818]LogSlate: Took 0.000354 seconds to synchronously load lazily loaded font '../../../Engine/Content/Slate/Fonts/Roboto-Italic.ttf' (157K)
[2019.09.09-18.28.46:526][781]CompilerResultsLog: New page: Compilation - Sep 9, 2019, 10:28:46 AM
[2019.09.09-18.28.46:526][781]CompilerResultsLog: Parsing headers for ExploreAndCollectEditor
[2019.09.09-18.28.46:526][781]CompilerResultsLog:   Running UnrealHeaderTool "D:\Unreal Projects\ExploreAndCollect\ExploreAndCollect.uproject" "D:\Unreal Projects\ExploreAndCollect\Intermediate\Build\Win64\ExploreAndCollectEditor\Development\ExploreAndCollectEditor.uhtmanifest" -LogCmds="loginit warning, logexit warning, logdatabase error" -Unattended -WarningsAsErrors -installed
[2019.09.09-18.28.46:526][781]CompilerResultsLog: Reflection code generated for ExploreAndCollectEditor in 9.8234183 seconds
[2019.09.09-18.28.46:526][781]CompilerResultsLog: Failed to delete file 'D:\Unreal Projects\ExploreAndCollect\Binaries\Win64\UE4Editor-ExploreAndCollect.pdb'
[2019.09.09-18.28.46:526][781]CompilerResultsLog:     Exception: Access to the path 'D:\Unreal Projects\ExploreAndCollect\Binaries\Win64\UE4Editor-ExploreAndCollect.pdb' is denied.
[2019.09.09-18.28.46:527][781]CompilerResultsLog: Attempting to retry...
[2019.09.09-18.28.46:527][781]CompilerResultsLog: Failed to delete file 'D:\Unreal Projects\ExploreAndCollect\Binaries\Win64\UE4Editor-ExploreAndCollect.pdb'
[2019.09.09-18.28.46:527][781]CompilerResultsLog:     Exception: Access to the path 'D:\Unreal Projects\ExploreAndCollect\Binaries\Win64\UE4Editor-ExploreAndCollect.pdb' is denied.
[2019.09.09-18.28.46:527][781]CompilerResultsLog: Attempting to retry...
[2019.09.09-18.28.46:527][781]CompilerResultsLog: Failed to delete file 'D:\Unreal Projects\ExploreAndCollect\Binaries\Win64\UE4Editor-ExploreAndCollect.pdb'
[2019.09.09-18.28.46:527][781]CompilerResultsLog:     Exception: Access to the path 'D:\Unreal Projects\ExploreAndCollect\Binaries\Win64\UE4Editor-ExploreAndCollect.pdb' is denied.
[2019.09.09-18.28.46:528][781]CompilerResultsLog: ERROR: Exhausted all retries!
[2019.09.09-18.28.46:528][781]CompilerResultsLog: Using Visual Studio 2017 14.16.27023 toolchain (D:\ProgramData\Microsoft\Visual Studios Itself\VC\Tools\MSVC\14.16.27023) and Windows 10.0.17763.0 SDK (C:\Program Files (x86)\Windows Kits\10).
[2019.09.09-18.28.46:528][781]CompilerResultsLog: Building 6 actions with 8 processes...
[2019.09.09-18.28.46:528][781]CompilerResultsLog:   [1/6] ExploreAndCollect.init.gen.cpp
[2019.09.09-18.28.46:528][781]CompilerResultsLog:   [2/6] MissionManager.cpp
[2019.09.09-18.28.46:528][781]CompilerResultsLog:   [3/6] MissionManager.gen.cpp
[2019.09.09-18.28.46:528][781]CompilerResultsLog:   [4/6] UE4Editor-ExploreAndCollect-8190.lib
[2019.09.09-18.28.46:528][781]CompilerResultsLog:      Creating library D:\Unreal Projects\ExploreAndCollect\Intermediate\Build\Win64\UE4Editor\Development\ExploreAndCollect\UE4Editor-ExploreAndCollect-8190.lib and object D:\Unreal Projects\ExploreAndCollect\Intermediate\Build\Win64\UE4Editor\Development\ExploreAndCollect\UE4Editor-ExploreAndCollect-8190.exp
[2019.09.09-18.28.46:528][781]CompilerResultsLog:   [5/6] UE4Editor-ExploreAndCollect-8190.dll
[2019.09.09-18.28.46:528][781]CompilerResultsLog:      Creating library D:\Unreal Projects\ExploreAndCollect\Intermediate\Build\Win64\UE4Editor\Development\ExploreAndCollect\UE4Editor-ExploreAndCollect-8190.suppressed.lib and object D:\Unreal Projects\ExploreAndCollect\Intermediate\Build\Win64\UE4Editor\Development\ExploreAndCollect\UE4Editor-ExploreAndCollect-8190.suppressed.exp
[2019.09.09-18.28.46:529][781]CompilerResultsLog:   [6/6] ExploreAndCollectEditor.target
[2019.09.09-18.28.46:529][781]CompilerResultsLog: Total time in Parallel executor: 3.03 seconds
[2019.09.09-18.28.46:529][781]CompilerResultsLog: Total execution time: 16.50 seconds
[2019.09.09-18.28.46:529][781]LogMainFrame: MainFrame: Module compiling took 16.663 seconds
[2019.09.09-18.28.46:599][781]LogUObjectHash: Compacting FUObjectHashTables data took   4.66ms
[2019.09.09-18.28.46:599][781]LogBlueprintActionDatabase: Requesting refresh due to module change: ExploreAndCollect (unloaded)
[2019.09.09-18.28.46:897][781]LogClass: Could not find existing class MissionManager in package /Script/ExploreAndCollect for HotReload, assuming new class
[2019.09.09-18.28.46:900][781]LogClass: InventoryItem HotReload.
[2019.09.09-18.28.46:900][781]LogClass: MissionInteractable2 HotReload.
[2019.09.09-18.28.46:900][781]LogClass: CraftingInfo HotReload.
[2019.09.09-18.28.46:916][781]LogHotReload: Re-instancing MissionManager after hot-reload.
[2019.09.09-18.28.47:287][781]LogBlueprintActionDatabase: Requesting refresh due to module change: ExploreAndCollect (loaded)
[2019.09.09-18.28.47:288][781]LogContentBrowser: Native class hierarchy updated for 'ExploreAndCollect' in 0.0009 seconds. Added 10 classes and 3 folders.
[2019.09.09-18.28.47:293][781]Display: HotReload successful (4 functions remapped  3 scriptstructs remapped)
[2019.09.09-18.28.47:395][781]LogUObjectHash: Compacting FUObjectHashTables data took   4.46ms
[2019.09.09-18.28.47:395][781]LogBlueprintActionDatabase: Requesting refresh due to hot reload
[2019.09.09-18.28.47:411][781]LogContentBrowser: Native class hierarchy populated in 0.0089 seconds. Added 2743 classes and 664 folders.
[2019.09.09-18.28.47:411][781]Display: HotReload took 17.6s.
[2019.09.09-18.28.52:882][ 89]LogConsoleManager: Warning: Console object named 'ActorComponents.Enable' already exists but is being registered again, but we weren't expected it to be! (FConsoleManager::AddConsoleObject)
[2019.09.09-18.28.56:515][305]LogSlate: FSceneViewport::OnFocusLost() reason 0
[2019.09.09-18.29.07:282][575]LogSlate: Window 'Pick Parent Class' being destroyed
[2019.09.09-18.29.38:734][454]LogEditorViewport: Clicking on Actor (LMB): BP_mission_C (BP_mission)
[2019.09.09-18.29.41:021][589]LogSlate: FSceneViewport::OnFocusLost() reason 2
[2019.09.09-18.29.43:921][763]LogSlate: FSceneViewport::OnFocusLost() reason 0
[2019.09.09-18.34.24:757][708]LogUObjectHash: Compacting FUObjectHashTables data took   5.16ms
[2019.09.09-18.34.25:330][708]LogSavePackage: Moving '../../../../Unreal Projects/ExploreAndCollect/Saved/FirstPersonExampleMap_Auto1878CB974417C72AF6145FD808DCD195C.tmp' to '../../../../Unreal Projects/ExploreAndCollect/Saved/Autosaves/Game/FirstPersonCPP/Maps/FirstPersonExampleMap_Auto1.umap'
[2019.09.09-18.34.25:384][708]LogFileHelpers: Editor autosave (incl. sublevels) for '/Game/FirstPersonCPP/Maps/FirstPersonExampleMap' took 0.713
[2019.09.09-18.34.25:385][708]LogFileHelpers: Editor autosave (incl. sublevels) for all levels took 0.713
[2019.09.09-18.34.25:388][708]OBJ SavePackage: Generating thumbnails for [0] asset(s) in package [/Game/Blueprints/BP_MissionInteractable] ([1] browsable assets)...
[2019.09.09-18.34.25:388][708]OBJ SavePackage: Finished generating thumbnails for package [/Game/Blueprints/BP_MissionInteractable]
[2019.09.09-18.34.25:396][708]LogSavePackage: Moving '../../../../Unreal Projects/ExploreAndCollect/Saved/BP_MissionInteractable_Auto1AA3A98E9410D1A052571058FDA18672A.tmp' to '../../../../Unreal Projects/ExploreAndCollect/Saved/Autosaves/Game/Blueprints/BP_MissionInteractable_Auto1.uasset'
[2019.09.09-18.34.25:398][708]LogFileHelpers: Auto-saving content packages took 0.012
[2019.09.09-19.23.47:069][559]LogHttp: Warning: 000002B3FF956200: request failed, libcurl error: 35 (SSL connect error)
[2019.09.09-19.23.47:070][559]LogHttp: Warning: 000002B3FF956200: libcurl info message cache 0 (Connection 29 seems to be dead!)
[2019.09.09-19.23.47:070][559]LogHttp: Warning: 000002B3FF956200: libcurl info message cache 1 (Closing connection 29)
[2019.09.09-19.23.47:070][559]LogHttp: Warning: 000002B3FF956200: libcurl info message cache 2 (TLSv1.2 (OUT), TLS alert, Client hello (1):)
[2019.09.09-19.23.47:070][559]LogHttp: Warning: 000002B3FF956200: libcurl info message cache 3 (  Trying 100.24.251.232...)
[2019.09.09-19.23.47:070][559]LogHttp: Warning: 000002B3FF956200: libcurl info message cache 4 (TCP_NODELAY set)
[2019.09.09-19.23.47:070][559]LogHttp: Warning: 000002B3FF956200: libcurl info message cache 5 (Connected to datarouter.ol.epicgames.com (100.24.251.232) port 443 (#30))
[2019.09.09-19.23.47:070][559]LogHttp: Warning: 000002B3FF956200: libcurl info message cache 6 (ALPN, offering http/1.1)
[2019.09.09-19.23.47:070][559]LogHttp: Warning: 000002B3FF956200: libcurl info message cache 7 (Cipher selection: ALL:!EXPORT:!EXPORT40:!EXPORT56:!aNULL:!LOW:!RC4:@STRENGTH)
[2019.09.09-19.23.47:070][559]LogHttp: Warning: 000002B3FF956200: libcurl info message cache 8 (SSL re-using session ID)
[2019.09.09-19.23.47:071][559]LogHttp: Warning: 000002B3FF956200: libcurl info message cache 9 (TLSv1.3 (OUT), TLS handshake, Client hello (1):)
[2019.09.09-19.23.47:071][559]LogHttp: Warning: 000002B3FF956200: libcurl info message cache 10 (OpenSSL SSL_connect: SSL_ERROR_SYSCALL in connection to datarouter.ol.epicgames.com:443 )
[2019.09.09-19.23.47:071][559]LogHttp: Warning: 000002B3FF956200: libcurl info message cache 11 (Closing connection 30)
[2019.09.09-19.23.47:404][560]LogHttp: Warning: Retry exhausted on https://datarouter.ol.epicgames.com/datarouter/api/v1/public/data?SessionID=%7B68318CB7-4AA6-64E2-DB45-93B7A2D8002E%7D&AppID=UEEditor.Rocket.Release&AppVersion=4.22.3-7053642%2B%2B%2BUE4%2BRelease-4.22&UserID=b780a0c344a9aa3d0639d4830bea8ad9%7C0df0b30056f847ef8351907a7287021a%7C08a01f05-7e5d-4b53-9da9-6d5f4bb25f26&AppEnvironment=datacollector-binary&UploadType=eteventstream
