Log file open, 09/10/19 12:52:30
LogWindows: Failed to load 'aqProf.dll' (GetLastError=126)
LogWindows: File 'aqProf.dll' does not exist
LogWindows: Failed to load 'VtuneApi.dll' (GetLastError=126)
LogWindows: File 'VtuneApi.dll' does not exist
LogWindows: Failed to load 'VtuneApi32e.dll' (GetLastError=126)
LogWindows: File 'VtuneApi32e.dll' does not exist
LogConsoleResponse: Display: Failed to find resolution value strings in scalability ini. Falling back to default.
LogInit: Display: Running engine for game: ExploreAndCollect
LogPakFile: Registered encryption key '00000000000000000000000000000000': 0 pak files mounted, 0 remain pending
LogPlatformFile: Not using cached read wrapper
LogTaskGraph: Started task graph with 5 named threads and 23 total threads with 3 sets of task threads.
LogStats: Stats thread started at 0.616657
LogD3D11RHI: Loaded GFSDK_Aftermath_Lib.x64.dll
LogICUInternationalization: ICU TimeZone Detection - Raw Offset: -5:00, Platform Override: ''
LogPluginManager: Mounting plugin Paper2D
LogPluginManager: Mounting plugin AISupport
LogPluginManager: Mounting plugin LightPropagationVolume
LogPluginManager: Mounting plugin ActorLayerUtilities
LogPluginManager: Mounting plugin AnimationSharing
LogPluginManager: Mounting plugin CLionSourceCodeAccess
LogPluginManager: Mounting plugin CodeLiteSourceCodeAccess
LogPluginManager: Mounting plugin GitSourceControl
LogPluginManager: Mounting plugin KDevelopSourceCodeAccess
LogPluginManager: Mounting plugin NullSourceCodeAccess
LogPluginManager: Mounting plugin PerforceSourceControl
LogPluginManager: Mounting plugin SubversionSourceControl
LogPluginManager: Mounting plugin UObjectPlugin
LogPluginManager: Mounting plugin VisualStudioCodeSourceCodeAccess
LogPluginManager: Mounting plugin VisualStudioSourceCodeAccess
LogPluginManager: Mounting plugin XCodeSourceCodeAccess
LogPluginManager: Mounting plugin AssetManagerEditor
LogPluginManager: Mounting plugin CryptoKeys
LogPluginManager: Mounting plugin DataValidation
LogPluginManager: Mounting plugin FacialAnimation
LogPluginManager: Mounting plugin GameplayTagsEditor
LogPluginManager: Mounting plugin MacGraphicsSwitching
LogPluginManager: Mounting plugin MaterialAnalyzer
LogPluginManager: Mounting plugin MobileLauncherProfileWizard
LogPluginManager: Mounting plugin PluginBrowser
LogPluginManager: Mounting plugin SpeedTreeImporter
LogPluginManager: Mounting plugin DatasmithContent
LogPluginManager: Mounting plugin VariantManagerContent
LogPluginManager: Mounting plugin AlembicImporter
LogPluginManager: Mounting plugin AppleImageUtils
LogPluginManager: Mounting plugin AppleVision
LogPluginManager: Mounting plugin BackChannel
LogPluginManager: Mounting plugin CharacterAI
LogPluginManager: Mounting plugin GeometryCache
LogPluginManager: Mounting plugin HTML5Networking
LogPluginManager: Mounting plugin ProxyLODPlugin
LogPluginManager: Mounting plugin SkeletalReduction
LogPluginManager: Mounting plugin MagicLeap
LogPluginManager: Mounting plugin MagicLeapMedia
LogPluginManager: Mounting plugin AndroidMedia
LogPluginManager: Mounting plugin AvfMedia
LogPluginManager: Mounting plugin ImgMedia
LogPluginManager: Mounting plugin LinearTimecode
LogPluginManager: Mounting plugin MediaCompositing
LogPluginManager: Mounting plugin MediaPlayerEditor
LogPluginManager: Mounting plugin WebMMedia
LogPluginManager: Mounting plugin WmfMedia
LogPluginManager: Mounting plugin TcpMessaging
LogPluginManager: Mounting plugin UdpMessaging
LogPluginManager: Mounting plugin ActorSequence
LogPluginManager: Mounting plugin LevelSequenceEditor
LogPluginManager: Mounting plugin MatineeToLevelSequence
LogPluginManager: Mounting plugin NetcodeUnitTest
LogPluginManager: Mounting plugin NUTUnrealEngine4
LogPluginManager: Mounting plugin OnlineSubsystemGooglePlay
LogPluginManager: Mounting plugin OnlineSubsystemIOS
LogPluginManager: Mounting plugin OnlineSubsystem
LogPluginManager: Mounting plugin OnlineSubsystemNull
LogPluginManager: Mounting plugin OnlineSubsystemUtils
LogPluginManager: Mounting plugin LauncherChunkInstaller
LogPluginManager: Mounting plugin AndroidDeviceProfileSelector
LogPluginManager: Mounting plugin AndroidMoviePlayer
LogPluginManager: Mounting plugin AndroidPermission
LogPluginManager: Mounting plugin AppleMoviePlayer
LogPluginManager: Mounting plugin ArchVisCharacter
LogPluginManager: Mounting plugin AudioCapture
LogPluginManager: Mounting plugin CableComponent
LogPluginManager: Mounting plugin CustomMeshComponent
LogPluginManager: Mounting plugin EditableMesh
LogPluginManager: Mounting plugin ExampleDeviceProfileSelector
LogPluginManager: Mounting plugin Firebase
LogPluginManager: Mounting plugin GoogleCloudMessaging
LogPluginManager: Mounting plugin IOSDeviceProfileSelector
LogPluginManager: Mounting plugin LinuxDeviceProfileSelector
LogPluginManager: Mounting plugin LocationServicesBPLibrary
LogPluginManager: Mounting plugin MobilePatchingUtils
LogPluginManager: Mounting plugin OculusVR
LogPluginManager: Mounting plugin PhysXVehicles
LogPluginManager: Mounting plugin ProceduralMeshComponent
LogPluginManager: Mounting plugin RuntimePhysXCooking
LogPluginManager: Mounting plugin SignificanceManager
LogPluginManager: Mounting plugin SteamVR
LogPluginManager: Mounting plugin WebMMoviePlayer
LogPluginManager: Mounting plugin WindowsMoviePlayer
LogInit: Using libcurl 7.55.1-DEV
LogInit:  - built for x86_64-pc-win32
LogInit:  - supports SSL with OpenSSL/1.1.1
LogInit:  - supports HTTP deflate (compression) using libz 1.2.8
LogInit:  - other features:
LogInit:      CURL_VERSION_SSL
LogInit:      CURL_VERSION_LIBZ
LogInit:      CURL_VERSION_IPV6
LogInit:      CURL_VERSION_ASYNCHDNS
LogInit:      CURL_VERSION_LARGEFILE
LogInit:      CURL_VERSION_IDN
LogInit:  CurlRequestOptions (configurable via config and command line):
LogInit:  - bVerifyPeer = true  - Libcurl will verify peer certificate
LogInit:  - bUseHttpProxy = false  - Libcurl will NOT use HTTP proxy
LogInit:  - bDontReuseConnections = false  - Libcurl will reuse connections
LogInit:  - MaxHostConnections = 16  - Libcurl will limit the number of connections to a host
LogInit:  - LocalHostAddr = Default
LogInit:  - BufferSize = 65536
LogInit: WinSock: version 1.1 (2.2), MaxSocks=32767, MaxUdp=65467
LogInit: Build: ++UE4+Release-4.22-CL-7053642
LogInit: Engine Version: 4.22.3-7053642+++UE4+Release-4.22
LogInit: Compatible Engine Version: 4.22.0-5660361+++UE4+Release-4.22
LogInit: Net CL: 5660361
LogInit: OS: Windows 10 (Release 1809) (), CPU: Intel(R) Core(TM) i7-7700HQ CPU @ 2.80GHz, GPU: NVIDIA GeForce GTX 1070
LogInit: Compiled (64-bit): Jun 18 2019 03:09:11
LogInit: Compiled with Visual C++: 19.16.27025.01
LogInit: Build Configuration: Development
LogInit: Branch Name: ++UE4+Release-4.22
LogInit: Command Line:  -skipcompile
LogInit: Base Directory: D:/UE_4.22/Engine/Binaries/Win64/
LogInit: Installed Engine Build: 1
LogDevObjectVersion: Number of dev versions registered: 23
LogDevObjectVersion:   Dev-Blueprints (B0D832E4-1F89-4F0D-ACCF-7EB736FD4AA2): 10
LogDevObjectVersion:   Dev-Build (E1C64328-A22C-4D53-A36C-8E866417BD8C): 0
LogDevObjectVersion:   Dev-Core (375EC13C-06E4-48FB-B500-84F0262A717E): 3
LogDevObjectVersion:   Dev-Editor (E4B068ED-F494-42E9-A231-DA0B2E46BB41): 30
LogDevObjectVersion:   Dev-Framework (CFFC743F-43B0-4480-9391-14DF171D2073): 35
LogDevObjectVersion:   Dev-Mobile (B02B49B5-BB20-44E9-A304-32B752E40360): 2
LogDevObjectVersion:   Dev-Networking (A4E4105C-59A1-49B5-A7C5-40C4547EDFEE): 0
LogDevObjectVersion:   Dev-Online (39C831C9-5AE6-47DC-9A44-9C173E1C8E7C): 0
LogDevObjectVersion:   Dev-Physics (78F01B33-EBEA-4F98-B9B4-84EACCB95AA2): 0
LogDevObjectVersion:   Dev-Platform (6631380F-2D4D-43E0-8009-CF276956A95A): 0
LogDevObjectVersion:   Dev-Rendering (12F88B9F-8875-4AFC-A67C-D90C383ABD29): 28
LogDevObjectVersion:   Dev-Sequencer (7B5AE74C-D270-4C10-A958-57980B212A5A): 11
LogDevObjectVersion:   Dev-VR (D7296918-1DD6-4BDD-9DE2-64A83CC13884): 2
LogDevObjectVersion:   Dev-LoadTimes (C2A15278-BFE7-4AFE-6C17-90FF531DF755): 1
LogDevObjectVersion:   Private-Geometry (6EACA3D4-40EC-4CC1-B786-8BED09428FC5): 3
LogDevObjectVersion:   Dev-AnimPhys (29E575DD-E0A3-4627-9D10-D276232CDCEA): 17
LogDevObjectVersion:   Dev-Anim (AF43A65D-7FD3-4947-9873-3E8ED9C1BB05): 2
LogDevObjectVersion:   Dev-ReflectionCapture (6B266CEC-1EC7-4B8F-A30B-E4D90942FC07): 1
LogDevObjectVersion:   Dev-Automation (0DF73D61-A23F-47EA-B727-89E90C41499A): 1
LogDevObjectVersion:   FortniteMain (601D1886-AC64-4F84-AA16-D3DE0DEAC7D6): 25
LogDevObjectVersion:   Dev-Enterprise (9DFFBCD6-494F-0158-E221-12823C92A888): 6
LogDevObjectVersion:   Dev-Niagara (F2AED0AC-9AFE-416F-8664-AA7FFA26D6FC): 1
LogDevObjectVersion:   Dev-Destruction (174F1F0B-B4C6-45A5-B13F-2EE8D0FB917D): 2
LogInit: Presizing for max 16777216 objects, including 0 objects not considered by GC, pre-allocating 0 bytes for permanent pool.
LogInit: Object subsystem initialized
LogConfig: Setting CVar [[con.DebugEarlyDefault:1]]
LogConfig: Setting CVar [[r.setres:1280x720]]
[2019.09.10-16.52.31:117][  0]LogConfig: Setting CVar [[r.VSync:0]]
[2019.09.10-16.52.31:117][  0]LogConfig: Setting CVar [[r.RHICmdBypass:0]]
[2019.09.10-16.52.31:117][  0]LogConfig: Applying CVar settings from Section [/Script/Engine.RendererSettings] File [D:/Unreal Projects/ExploreAndCollect/Saved/Config/Windows/Engine.ini]
[2019.09.10-16.52.31:117][  0]LogConfig: Setting CVar [[r.GPUCrashDebugging:0]]
[2019.09.10-16.52.31:117][  0]LogConfig: Applying CVar settings from Section [/Script/Engine.RendererOverrideSettings] File [D:/Unreal Projects/ExploreAndCollect/Saved/Config/Windows/Engine.ini]
[2019.09.10-16.52.31:117][  0]LogConfig: Applying CVar settings from Section [/Script/Engine.StreamingSettings] File [D:/Unreal Projects/ExploreAndCollect/Saved/Config/Windows/Engine.ini]
[2019.09.10-16.52.31:117][  0]LogConfig: Setting CVar [[s.MinBulkDataSizeForAsyncLoading:131072]]
[2019.09.10-16.52.31:118][  0]LogConfig: Setting CVar [[s.AsyncLoadingThreadEnabled:0]]
[2019.09.10-16.52.31:118][  0]LogConfig: Setting CVar [[s.EventDrivenLoaderEnabled:1]]
[2019.09.10-16.52.31:118][  0]LogConfig: Setting CVar [[s.WarnIfTimeLimitExceeded:0]]
[2019.09.10-16.52.31:118][  0]LogConfig: Setting CVar [[s.TimeLimitExceededMultiplier:1.5]]
[2019.09.10-16.52.31:118][  0]LogConfig: Setting CVar [[s.TimeLimitExceededMinTime:0.005]]
[2019.09.10-16.52.31:118][  0]LogConfig: Setting CVar [[s.UseBackgroundLevelStreaming:1]]
[2019.09.10-16.52.31:118][  0]LogConfig: Setting CVar [[s.PriorityAsyncLoadingExtraTime:15.0]]
[2019.09.10-16.52.31:118][  0]LogConfig: Setting CVar [[s.LevelStreamingActorsUpdateTimeLimit:5.0]]
[2019.09.10-16.52.31:118][  0]LogConfig: Setting CVar [[s.PriorityLevelStreamingActorsUpdateExtraTime:5.0]]
[2019.09.10-16.52.31:118][  0]LogConfig: Setting CVar [[s.LevelStreamingComponentsRegistrationGranularity:10]]
[2019.09.10-16.52.31:118][  0]LogConfig: Setting CVar [[s.UnregisterComponentsTimeLimit:1.0]]
[2019.09.10-16.52.31:118][  0]LogConfig: Setting CVar [[s.LevelStreamingComponentsUnregistrationGranularity:5]]
[2019.09.10-16.52.31:118][  0]LogConfig: Applying CVar settings from Section [/Script/Engine.GarbageCollectionSettings] File [D:/Unreal Projects/ExploreAndCollect/Saved/Config/Windows/Engine.ini]
[2019.09.10-16.52.31:118][  0]LogConfig: Setting CVar [[gc.MaxObjectsNotConsideredByGC:1]]
[2019.09.10-16.52.31:118][  0]LogConfig: Setting CVar [[gc.SizeOfPermanentObjectPool:0]]
[2019.09.10-16.52.31:119][  0]LogConfig: Setting CVar [[gc.FlushStreamingOnGC:0]]
[2019.09.10-16.52.31:119][  0]LogConfig: Setting CVar [[gc.NumRetriesBeforeForcingGC:10]]
[2019.09.10-16.52.31:119][  0]LogConfig: Setting CVar [[gc.AllowParallelGC:1]]
[2019.09.10-16.52.31:119][  0]LogConfig: Setting CVar [[gc.TimeBetweenPurgingPendingKillObjects:61.1]]
[2019.09.10-16.52.31:119][  0]LogConfig: Setting CVar [[gc.MaxObjectsInEditor:16777216]]
[2019.09.10-16.52.31:119][  0]LogConfig: Setting CVar [[gc.IncrementalBeginDestroyEnabled:1]]
[2019.09.10-16.52.31:119][  0]LogConfig: Setting CVar [[gc.CreateGCClusters:1]]
[2019.09.10-16.52.31:119][  0]LogConfig: Setting CVar [[gc.MinGCClusterSize:5]]
[2019.09.10-16.52.31:119][  0]LogConfig: Setting CVar [[gc.ActorClusteringEnabled:0]]
[2019.09.10-16.52.31:119][  0]LogConfig: Setting CVar [[gc.BlueprintClusteringEnabled:0]]
[2019.09.10-16.52.31:119][  0]LogConfig: Setting CVar [[gc.UseDisregardForGCOnDedicatedServers:0]]
[2019.09.10-16.52.31:119][  0]LogConfig: Applying CVar settings from Section [/Script/Engine.NetworkSettings] File [D:/Unreal Projects/ExploreAndCollect/Saved/Config/Windows/Engine.ini]
[2019.09.10-16.52.31:120][  0]LogConfig: Applying CVar settings from Section [/Script/UnrealEd.CookerSettings] File [D:/Unreal Projects/ExploreAndCollect/Saved/Config/Windows/Engine.ini]
[2019.09.10-16.52.31:133][  0]LogConfig: Applying CVar settings from Section [ViewDistanceQuality@3] File [D:/Unreal Projects/ExploreAndCollect/Saved/Config/Windows/Scalability.ini]
[2019.09.10-16.52.31:133][  0]LogConfig: Setting CVar [[r.SkeletalMeshLODBias:0]]
[2019.09.10-16.52.31:133][  0]LogConfig: Setting CVar [[r.ViewDistanceScale:1.0]]
[2019.09.10-16.52.31:133][  0]LogConfig: Applying CVar settings from Section [AntiAliasingQuality@3] File [D:/Unreal Projects/ExploreAndCollect/Saved/Config/Windows/Scalability.ini]
[2019.09.10-16.52.31:133][  0]LogConfig: Setting CVar [[r.PostProcessAAQuality:4]]
[2019.09.10-16.52.31:133][  0]LogConfig: Applying CVar settings from Section [ShadowQuality@3] File [D:/Unreal Projects/ExploreAndCollect/Saved/Config/Windows/Scalability.ini]
[2019.09.10-16.52.31:133][  0]LogConfig: Setting CVar [[r.LightFunctionQuality:1]]
[2019.09.10-16.52.31:133][  0]LogConfig: Setting CVar [[r.ShadowQuality:5]]
[2019.09.10-16.52.31:133][  0]LogConfig: Setting CVar [[r.Shadow.CSM.MaxCascades:10]]
[2019.09.10-16.52.31:134][  0]LogConfig: Setting CVar [[r.Shadow.MaxResolution:2048]]
[2019.09.10-16.52.31:134][  0]LogConfig: Setting CVar [[r.Shadow.MaxCSMResolution:2048]]
[2019.09.10-16.52.31:134][  0]LogConfig: Setting CVar [[r.Shadow.RadiusThreshold:0.01]]
[2019.09.10-16.52.31:134][  0]LogConfig: Setting CVar [[r.Shadow.DistanceScale:1.0]]
[2019.09.10-16.52.31:134][  0]LogConfig: Setting CVar [[r.Shadow.CSM.TransitionScale:1.0]]
[2019.09.10-16.52.31:134][  0]LogConfig: Setting CVar [[r.Shadow.PreShadowResolutionFactor:1.0]]
[2019.09.10-16.52.31:134][  0]LogConfig: Setting CVar [[r.DistanceFieldShadowing:1]]
[2019.09.10-16.52.31:134][  0]LogConfig: Setting CVar [[r.DistanceFieldAO:1]]
[2019.09.10-16.52.31:134][  0]LogConfig: Setting CVar [[r.AOQuality:2]]
[2019.09.10-16.52.31:134][  0]LogConfig: Setting CVar [[r.VolumetricFog:1]]
[2019.09.10-16.52.31:134][  0]LogConfig: Setting CVar [[r.VolumetricFog.GridPixelSize:8]]
[2019.09.10-16.52.31:134][  0]LogConfig: Setting CVar [[r.VolumetricFog.GridSizeZ:128]]
[2019.09.10-16.52.31:134][  0]LogConfig: Setting CVar [[r.VolumetricFog.HistoryMissSupersampleCount:4]]
[2019.09.10-16.52.31:134][  0]LogConfig: Setting CVar [[r.LightMaxDrawDistanceScale:1]]
[2019.09.10-16.52.31:134][  0]LogConfig: Setting CVar [[r.CapsuleShadows:1]]
[2019.09.10-16.52.31:134][  0]LogConfig: Applying CVar settings from Section [PostProcessQuality@3] File [D:/Unreal Projects/ExploreAndCollect/Saved/Config/Windows/Scalability.ini]
[2019.09.10-16.52.31:134][  0]LogConfig: Setting CVar [[r.MotionBlurQuality:4]]
[2019.09.10-16.52.31:135][  0]LogConfig: Setting CVar [[r.AmbientOcclusionMipLevelFactor:0.4]]
[2019.09.10-16.52.31:135][  0]LogConfig: Setting CVar [[r.AmbientOcclusionMaxQuality:100]]
[2019.09.10-16.52.31:135][  0]LogConfig: Setting CVar [[r.AmbientOcclusionLevels:-1]]
[2019.09.10-16.52.31:135][  0]LogConfig: Setting CVar [[r.AmbientOcclusionRadiusScale:1.0]]
[2019.09.10-16.52.31:135][  0]LogConfig: Setting CVar [[r.DepthOfFieldQuality:2]]
[2019.09.10-16.52.31:135][  0]LogConfig: Setting CVar [[r.RenderTargetPoolMin:400]]
[2019.09.10-16.52.31:135][  0]LogConfig: Setting CVar [[r.LensFlareQuality:2]]
[2019.09.10-16.52.31:135][  0]LogConfig: Setting CVar [[r.SceneColorFringeQuality:1]]
[2019.09.10-16.52.31:135][  0]LogConfig: Setting CVar [[r.EyeAdaptationQuality:2]]
[2019.09.10-16.52.31:135][  0]LogConfig: Setting CVar [[r.BloomQuality:5]]
[2019.09.10-16.52.31:135][  0]LogConfig: Setting CVar [[r.FastBlurThreshold:100]]
[2019.09.10-16.52.31:135][  0]LogConfig: Setting CVar [[r.Upscale.Quality:3]]
[2019.09.10-16.52.31:135][  0]LogConfig: Setting CVar [[r.Tonemapper.GrainQuantization:1]]
[2019.09.10-16.52.31:135][  0]LogConfig: Setting CVar [[r.LightShaftQuality:1]]
[2019.09.10-16.52.31:135][  0]LogConfig: Setting CVar [[r.Filter.SizeScale:1]]
[2019.09.10-16.52.31:135][  0]LogConfig: Setting CVar [[r.Tonemapper.Quality:5]]
[2019.09.10-16.52.31:135][  0]LogConfig: Setting CVar [[r.DOF.Gather.AccumulatorQuality:1        ; higher gathering accumulator quality]]
[2019.09.10-16.52.31:136][  0]LogConfig: Setting CVar [[r.DOF.Gather.PostfilterMethod:1          ; Median3x3 postfilering method]]
[2019.09.10-16.52.31:136][  0]LogConfig: Setting CVar [[r.DOF.Gather.EnableBokehSettings:0       ; no bokeh simulation when gathering]]
[2019.09.10-16.52.31:136][  0]LogConfig: Setting CVar [[r.DOF.Gather.RingCount:4                 ; medium number of samples when gathering]]
[2019.09.10-16.52.31:136][  0]LogConfig: Setting CVar [[r.DOF.Scatter.ForegroundCompositing:1    ; additive foreground scattering]]
[2019.09.10-16.52.31:136][  0]LogConfig: Setting CVar [[r.DOF.Scatter.BackgroundCompositing:2    ; additive background scattering]]
[2019.09.10-16.52.31:136][  0]LogConfig: Setting CVar [[r.DOF.Scatter.EnableBokehSettings:1      ; bokeh simulation when scattering]]
[2019.09.10-16.52.31:136][  0]LogConfig: Setting CVar [[r.DOF.Scatter.MaxSpriteRatio:0.1         ; only a maximum of 10% of scattered bokeh]]
[2019.09.10-16.52.31:136][  0]LogConfig: Setting CVar [[r.DOF.Recombine.Quality:1                ; cheap slight out of focus]]
[2019.09.10-16.52.31:136][  0]LogConfig: Setting CVar [[r.DOF.Recombine.EnableBokehSettings:0    ; no bokeh simulation on slight out of focus]]
[2019.09.10-16.52.31:136][  0]LogConfig: Setting CVar [[r.DOF.TemporalAAQuality:1                ; more stable temporal accumulation]]
[2019.09.10-16.52.31:136][  0]LogConfig: Setting CVar [[r.DOF.Kernel.MaxForegroundRadius:0.025]]
[2019.09.10-16.52.31:136][  0]LogConfig: Setting CVar [[r.DOF.Kernel.MaxBackgroundRadius:0.025]]
[2019.09.10-16.52.31:136][  0]LogConfig: Applying CVar settings from Section [TextureQuality@3] File [D:/Unreal Projects/ExploreAndCollect/Saved/Config/Windows/Scalability.ini]
[2019.09.10-16.52.31:136][  0]LogConfig: Setting CVar [[r.Streaming.MipBias:0]]
[2019.09.10-16.52.31:136][  0]LogConfig: Setting CVar [[r.Streaming.AmortizeCPUToGPUCopy:0]]
[2019.09.10-16.52.31:136][  0]LogConfig: Setting CVar [[r.Streaming.MaxNumTexturesToStreamPerFrame:0]]
[2019.09.10-16.52.31:136][  0]LogConfig: Setting CVar [[r.Streaming.Boost:1]]
[2019.09.10-16.52.31:137][  0]LogConfig: Setting CVar [[r.MaxAnisotropy:8]]
[2019.09.10-16.52.31:137][  0]LogConfig: Setting CVar [[r.Streaming.LimitPoolSizeToVRAM:0]]
[2019.09.10-16.52.31:137][  0]LogConfig: Setting CVar [[r.Streaming.PoolSize:1000]]
[2019.09.10-16.52.31:137][  0]LogConfig: Setting CVar [[r.Streaming.MaxEffectiveScreenSize:0]]
[2019.09.10-16.52.31:137][  0]LogConfig: Applying CVar settings from Section [EffectsQuality@3] File [D:/Unreal Projects/ExploreAndCollect/Saved/Config/Windows/Scalability.ini]
[2019.09.10-16.52.31:137][  0]LogConfig: Setting CVar [[r.TranslucencyLightingVolumeDim:64]]
[2019.09.10-16.52.31:137][  0]LogConfig: Setting CVar [[r.RefractionQuality:2]]
[2019.09.10-16.52.31:137][  0]LogConfig: Setting CVar [[r.SSR.Quality:3]]
[2019.09.10-16.52.31:137][  0]LogConfig: Setting CVar [[r.SceneColorFormat:4]]
[2019.09.10-16.52.31:137][  0]LogConfig: Setting CVar [[r.DetailMode:2]]
[2019.09.10-16.52.31:137][  0]LogConfig: Setting CVar [[r.TranslucencyVolumeBlur:1]]
[2019.09.10-16.52.31:137][  0]LogConfig: Setting CVar [[r.MaterialQualityLevel:1 ; High quality]]
[2019.09.10-16.52.31:137][  0]LogConfig: Setting CVar [[r.SSS.Scale:1]]
[2019.09.10-16.52.31:137][  0]LogConfig: Setting CVar [[r.SSS.SampleSet:2]]
[2019.09.10-16.52.31:137][  0]LogConfig: Setting CVar [[r.SSS.Quality:1]]
[2019.09.10-16.52.31:138][  0]LogConfig: Setting CVar [[r.SSS.HalfRes:1]]
[2019.09.10-16.52.31:138][  0]LogConfig: Setting CVar [[r.EmitterSpawnRateScale:1.0]]
[2019.09.10-16.52.31:138][  0]LogConfig: Setting CVar [[r.ParticleLightQuality:2]]
[2019.09.10-16.52.31:138][  0]LogConfig: Applying CVar settings from Section [FoliageQuality@3] File [D:/Unreal Projects/ExploreAndCollect/Saved/Config/Windows/Scalability.ini]
[2019.09.10-16.52.31:138][  0]LogConfig: Setting CVar [[foliage.DensityScale:1.0]]
[2019.09.10-16.52.31:138][  0]LogConfig: Setting CVar [[grass.DensityScale:1.0]]
[2019.09.10-16.52.31:138][  0]LogInit: Selected Device Profile: [Windows]
[2019.09.10-16.52.31:138][  0]LogInit: Applying CVar settings loaded from the selected device profile: [Windows]
[2019.09.10-16.52.31:154][  0]LogHAL: Display: Platform has ~ 16 GB [17046728704 / 17179869184 / 16], which maps to Larger [LargestMinGB=32, LargerMinGB=12, DefaultMinGB=8, SmallerMinGB=6, SmallestMinGB=0)
[2019.09.10-16.52.31:154][  0]LogConfig: Setting CVar [[r.Vulkan.UseRealUBs:0		; Required until we fix HLR fall-out]]
[2019.09.10-16.52.31:154][  0]LogInit: Going up to parent DeviceProfile []
[2019.09.10-16.52.31:154][  0]LogConfig: Applying CVar settings from Section [ViewDistanceQuality@3] File [D:/Unreal Projects/ExploreAndCollect/Saved/Config/Windows/Scalability.ini]
[2019.09.10-16.52.31:154][  0]LogConfig: Setting CVar [[r.SkeletalMeshLODBias:0]]
[2019.09.10-16.52.31:154][  0]LogConfig: Setting CVar [[r.ViewDistanceScale:1.0]]
[2019.09.10-16.52.31:154][  0]LogConfig: Applying CVar settings from Section [AntiAliasingQuality@3] File [D:/Unreal Projects/ExploreAndCollect/Saved/Config/Windows/Scalability.ini]
[2019.09.10-16.52.31:154][  0]LogConfig: Setting CVar [[r.PostProcessAAQuality:4]]
[2019.09.10-16.52.31:154][  0]LogConfig: Applying CVar settings from Section [ShadowQuality@3] File [D:/Unreal Projects/ExploreAndCollect/Saved/Config/Windows/Scalability.ini]
[2019.09.10-16.52.31:154][  0]LogConfig: Setting CVar [[r.LightFunctionQuality:1]]
[2019.09.10-16.52.31:154][  0]LogConfig: Setting CVar [[r.ShadowQuality:5]]
[2019.09.10-16.52.31:155][  0]LogConfig: Setting CVar [[r.Shadow.CSM.MaxCascades:10]]
[2019.09.10-16.52.31:155][  0]LogConfig: Setting CVar [[r.Shadow.MaxResolution:2048]]
[2019.09.10-16.52.31:155][  0]LogConfig: Setting CVar [[r.Shadow.MaxCSMResolution:2048]]
[2019.09.10-16.52.31:155][  0]LogConfig: Setting CVar [[r.Shadow.RadiusThreshold:0.01]]
[2019.09.10-16.52.31:155][  0]LogConfig: Setting CVar [[r.Shadow.DistanceScale:1.0]]
[2019.09.10-16.52.31:155][  0]LogConfig: Setting CVar [[r.Shadow.CSM.TransitionScale:1.0]]
[2019.09.10-16.52.31:155][  0]LogConfig: Setting CVar [[r.Shadow.PreShadowResolutionFactor:1.0]]
[2019.09.10-16.52.31:155][  0]LogConfig: Setting CVar [[r.DistanceFieldShadowing:1]]
[2019.09.10-16.52.31:155][  0]LogConfig: Setting CVar [[r.DistanceFieldAO:1]]
[2019.09.10-16.52.31:155][  0]LogConfig: Setting CVar [[r.AOQuality:2]]
[2019.09.10-16.52.31:155][  0]LogConfig: Setting CVar [[r.VolumetricFog:1]]
[2019.09.10-16.52.31:155][  0]LogConfig: Setting CVar [[r.VolumetricFog.GridPixelSize:8]]
[2019.09.10-16.52.31:155][  0]LogConfig: Setting CVar [[r.VolumetricFog.GridSizeZ:128]]
[2019.09.10-16.52.31:155][  0]LogConfig: Setting CVar [[r.VolumetricFog.HistoryMissSupersampleCount:4]]
[2019.09.10-16.52.31:156][  0]LogConfig: Setting CVar [[r.LightMaxDrawDistanceScale:1]]
[2019.09.10-16.52.31:156][  0]LogConfig: Setting CVar [[r.CapsuleShadows:1]]
[2019.09.10-16.52.31:156][  0]LogConfig: Applying CVar settings from Section [PostProcessQuality@3] File [D:/Unreal Projects/ExploreAndCollect/Saved/Config/Windows/Scalability.ini]
[2019.09.10-16.52.31:156][  0]LogConfig: Setting CVar [[r.MotionBlurQuality:4]]
[2019.09.10-16.52.31:156][  0]LogConfig: Setting CVar [[r.AmbientOcclusionMipLevelFactor:0.4]]
[2019.09.10-16.52.31:156][  0]LogConfig: Setting CVar [[r.AmbientOcclusionMaxQuality:100]]
[2019.09.10-16.52.31:156][  0]LogConfig: Setting CVar [[r.AmbientOcclusionLevels:-1]]
[2019.09.10-16.52.31:156][  0]LogConfig: Setting CVar [[r.AmbientOcclusionRadiusScale:1.0]]
[2019.09.10-16.52.31:156][  0]LogConfig: Setting CVar [[r.DepthOfFieldQuality:2]]
[2019.09.10-16.52.31:156][  0]LogConfig: Setting CVar [[r.RenderTargetPoolMin:400]]
[2019.09.10-16.52.31:156][  0]LogConfig: Setting CVar [[r.LensFlareQuality:2]]
[2019.09.10-16.52.31:156][  0]LogConfig: Setting CVar [[r.SceneColorFringeQuality:1]]
[2019.09.10-16.52.31:157][  0]LogConfig: Setting CVar [[r.EyeAdaptationQuality:2]]
[2019.09.10-16.52.31:157][  0]LogConfig: Setting CVar [[r.BloomQuality:5]]
[2019.09.10-16.52.31:157][  0]LogConfig: Setting CVar [[r.FastBlurThreshold:100]]
[2019.09.10-16.52.31:157][  0]LogConfig: Setting CVar [[r.Upscale.Quality:3]]
[2019.09.10-16.52.31:157][  0]LogConfig: Setting CVar [[r.Tonemapper.GrainQuantization:1]]
[2019.09.10-16.52.31:157][  0]LogConfig: Setting CVar [[r.LightShaftQuality:1]]
[2019.09.10-16.52.31:157][  0]LogConfig: Setting CVar [[r.Filter.SizeScale:1]]
[2019.09.10-16.52.31:157][  0]LogConfig: Setting CVar [[r.Tonemapper.Quality:5]]
[2019.09.10-16.52.31:157][  0]LogConfig: Setting CVar [[r.DOF.Gather.AccumulatorQuality:1        ; higher gathering accumulator quality]]
[2019.09.10-16.52.31:157][  0]LogConfig: Setting CVar [[r.DOF.Gather.PostfilterMethod:1          ; Median3x3 postfilering method]]
[2019.09.10-16.52.31:157][  0]LogConfig: Setting CVar [[r.DOF.Gather.EnableBokehSettings:0       ; no bokeh simulation when gathering]]
[2019.09.10-16.52.31:157][  0]LogConfig: Setting CVar [[r.DOF.Gather.RingCount:4                 ; medium number of samples when gathering]]
[2019.09.10-16.52.31:157][  0]LogConfig: Setting CVar [[r.DOF.Scatter.ForegroundCompositing:1    ; additive foreground scattering]]
[2019.09.10-16.52.31:157][  0]LogConfig: Setting CVar [[r.DOF.Scatter.BackgroundCompositing:2    ; additive background scattering]]
[2019.09.10-16.52.31:158][  0]LogConfig: Setting CVar [[r.DOF.Scatter.EnableBokehSettings:1      ; bokeh simulation when scattering]]
[2019.09.10-16.52.31:158][  0]LogConfig: Setting CVar [[r.DOF.Scatter.MaxSpriteRatio:0.1         ; only a maximum of 10% of scattered bokeh]]
[2019.09.10-16.52.31:158][  0]LogConfig: Setting CVar [[r.DOF.Recombine.Quality:1                ; cheap slight out of focus]]
[2019.09.10-16.52.31:158][  0]LogConfig: Setting CVar [[r.DOF.Recombine.EnableBokehSettings:0    ; no bokeh simulation on slight out of focus]]
[2019.09.10-16.52.31:158][  0]LogConfig: Setting CVar [[r.DOF.TemporalAAQuality:1                ; more stable temporal accumulation]]
[2019.09.10-16.52.31:158][  0]LogConfig: Setting CVar [[r.DOF.Kernel.MaxForegroundRadius:0.025]]
[2019.09.10-16.52.31:158][  0]LogConfig: Setting CVar [[r.DOF.Kernel.MaxBackgroundRadius:0.025]]
[2019.09.10-16.52.31:158][  0]LogConfig: Applying CVar settings from Section [TextureQuality@3] File [D:/Unreal Projects/ExploreAndCollect/Saved/Config/Windows/Scalability.ini]
[2019.09.10-16.52.31:158][  0]LogConfig: Setting CVar [[r.Streaming.MipBias:0]]
[2019.09.10-16.52.31:158][  0]LogConfig: Setting CVar [[r.Streaming.AmortizeCPUToGPUCopy:0]]
[2019.09.10-16.52.31:158][  0]LogConfig: Setting CVar [[r.Streaming.MaxNumTexturesToStreamPerFrame:0]]
[2019.09.10-16.52.31:158][  0]LogConfig: Setting CVar [[r.Streaming.Boost:1]]
[2019.09.10-16.52.31:158][  0]LogConfig: Setting CVar [[r.MaxAnisotropy:8]]
[2019.09.10-16.52.31:158][  0]LogConfig: Setting CVar [[r.Streaming.LimitPoolSizeToVRAM:0]]
[2019.09.10-16.52.31:159][  0]LogConfig: Setting CVar [[r.Streaming.PoolSize:1000]]
[2019.09.10-16.52.31:159][  0]LogConfig: Setting CVar [[r.Streaming.MaxEffectiveScreenSize:0]]
[2019.09.10-16.52.31:159][  0]LogConfig: Applying CVar settings from Section [EffectsQuality@3] File [D:/Unreal Projects/ExploreAndCollect/Saved/Config/Windows/Scalability.ini]
[2019.09.10-16.52.31:159][  0]LogConfig: Setting CVar [[r.TranslucencyLightingVolumeDim:64]]
[2019.09.10-16.52.31:159][  0]LogConfig: Setting CVar [[r.RefractionQuality:2]]
[2019.09.10-16.52.31:159][  0]LogConfig: Setting CVar [[r.SSR.Quality:3]]
[2019.09.10-16.52.31:159][  0]LogConfig: Setting CVar [[r.SceneColorFormat:4]]
[2019.09.10-16.52.31:159][  0]LogConfig: Setting CVar [[r.DetailMode:2]]
[2019.09.10-16.52.31:159][  0]LogConfig: Setting CVar [[r.TranslucencyVolumeBlur:1]]
[2019.09.10-16.52.31:159][  0]LogConfig: Setting CVar [[r.MaterialQualityLevel:1 ; High quality]]
[2019.09.10-16.52.31:159][  0]LogConfig: Setting CVar [[r.SSS.Scale:1]]
[2019.09.10-16.52.31:159][  0]LogConfig: Setting CVar [[r.SSS.SampleSet:2]]
[2019.09.10-16.52.31:159][  0]LogConfig: Setting CVar [[r.SSS.Quality:1]]
[2019.09.10-16.52.31:160][  0]LogConfig: Setting CVar [[r.SSS.HalfRes:1]]
[2019.09.10-16.52.31:160][  0]LogConfig: Setting CVar [[r.EmitterSpawnRateScale:1.0]]
[2019.09.10-16.52.31:160][  0]LogConfig: Setting CVar [[r.ParticleLightQuality:2]]
[2019.09.10-16.52.31:160][  0]LogConfig: Applying CVar settings from Section [FoliageQuality@3] File [D:/Unreal Projects/ExploreAndCollect/Saved/Config/Windows/Scalability.ini]
[2019.09.10-16.52.31:160][  0]LogConfig: Setting CVar [[foliage.DensityScale:1.0]]
[2019.09.10-16.52.31:160][  0]LogConfig: Setting CVar [[grass.DensityScale:1.0]]
[2019.09.10-16.52.31:160][  0]LogConfig: Applying CVar settings from Section [Startup] File [../../../Engine/Config/ConsoleVariables.ini]
[2019.09.10-16.52.31:161][  0]LogConfig: Setting CVar [[net.UseAdaptiveNetUpdateFrequency:0]]
[2019.09.10-16.52.31:161][  0]LogConfig: Setting CVar [[p.chaos.AllowCreatePhysxBodies:1]]
[2019.09.10-16.52.31:161][  0]LogConfig: Applying CVar settings from Section [ConsoleVariables] File [D:/Unreal Projects/ExploreAndCollect/Saved/Config/Windows/Engine.ini]
[2019.09.10-16.52.31:161][  0]LogInit: Computer: DESKTOP-5O8QQ8M
[2019.09.10-16.52.31:161][  0]LogInit: User: willi
[2019.09.10-16.52.31:161][  0]LogInit: CPU Page size=4096, Cores=4
[2019.09.10-16.52.31:161][  0]LogInit: High frequency timer resolution =10.000000 MHz
[2019.09.10-16.52.31:162][  0]LogMemory: Memory total: Physical=15.9GB (16GB approx)
[2019.09.10-16.52.31:162][  0]LogMemory: Platform Memory Stats for Windows
[2019.09.10-16.52.31:162][  0]LogMemory: Process Physical Memory: 98.84 MB used, 98.84 MB peak
[2019.09.10-16.52.31:162][  0]LogMemory: Process Virtual Memory: 89.08 MB used, 89.08 MB peak
[2019.09.10-16.52.31:162][  0]LogMemory: Physical Memory: 10034.45 MB used,  6222.58 MB free, 16257.03 MB total
[2019.09.10-16.52.31:162][  0]LogMemory: Virtual Memory: 4643.11 MB used,  134213088.00 MB free, 134217728.00 MB total
[2019.09.10-16.52.32:116][  0]LogInit: Using OS detected language (en-US).
[2019.09.10-16.52.32:116][  0]LogInit: Using OS detected locale (en-CA).
[2019.09.10-16.52.32:120][  0]LogTextLocalizationManager: No specific localization for 'en-US' exists, so the 'en' localization will be used.
[2019.09.10-16.52.32:313][  0]LogInit: Setting process to per monitor DPI aware
[2019.09.10-16.52.32:390][  0]LogSlate: New Slate User Created.  User Index 0, Is Virtual User: 0
[2019.09.10-16.52.32:390][  0]LogSlate: Slate User Registered.  User Index 0, Is Virtual User: 0
[2019.09.10-16.52.32:774][  0]LogHMD: Failed to initialize OpenVR with code 110
[2019.09.10-16.52.32:775][  0]LogD3D11RHI: D3D11 adapters:
[2019.09.10-16.52.32:865][  0]LogD3D11RHI:    0. 'NVIDIA GeForce GTX 1070' (Feature Level 11_0)
[2019.09.10-16.52.32:865][  0]LogD3D11RHI:       8081/0/8128 MB DedicatedVideo/DedicatedSystem/SharedSystem, Outputs:1, VendorId:0x10de
[2019.09.10-16.52.32:909][  0]LogD3D11RHI:    1. 'Intel(R) HD Graphics 630' (Feature Level 11_0)
[2019.09.10-16.52.32:909][  0]LogD3D11RHI:       128/0/8128 MB DedicatedVideo/DedicatedSystem/SharedSystem, Outputs:0, VendorId:0x8086
[2019.09.10-16.52.32:930][  0]LogD3D11RHI:    2. 'Microsoft Basic Render Driver' (Feature Level 11_0)
[2019.09.10-16.52.32:930][  0]LogD3D11RHI:       0/0/8128 MB DedicatedVideo/DedicatedSystem/SharedSystem, Outputs:0, VendorId:0x1414
[2019.09.10-16.52.32:930][  0]LogD3D11RHI: Chosen D3D11 Adapter: 0
[2019.09.10-16.52.32:944][  0]LogD3D11RHI: Creating new Direct3DDevice
[2019.09.10-16.52.32:944][  0]LogD3D11RHI:     GPU DeviceId: 0x1be1 (for the marketing name, search the web for "GPU Device Id")
[2019.09.10-16.52.32:944][  0]LogWindows: EnumDisplayDevices:
[2019.09.10-16.52.32:944][  0]LogWindows:    0. 'NVIDIA GeForce GTX 1070' (P:1 D:1)
[2019.09.10-16.52.32:945][  0]LogWindows:    1. 'NVIDIA GeForce GTX 1070' (P:0 D:0)
[2019.09.10-16.52.32:945][  0]LogWindows:    2. 'NVIDIA GeForce GTX 1070' (P:0 D:0)
[2019.09.10-16.52.32:946][  0]LogWindows:    3. 'NVIDIA GeForce GTX 1070' (P:0 D:0)
[2019.09.10-16.52.32:947][  0]LogWindows:    4. 'Intel(R) HD Graphics 630' (P:0 D:0)
[2019.09.10-16.52.32:948][  0]LogWindows:    5. 'Intel(R) HD Graphics 630' (P:0 D:0)
[2019.09.10-16.52.32:948][  0]LogWindows:    6. 'Intel(R) HD Graphics 630' (P:0 D:0)
[2019.09.10-16.52.32:949][  0]LogWindows: DebugString: PrimaryIsNotTheChoosenAdapter PrimaryIsNotTheChoosenAdapter PrimaryIsNotTheChoosenAdapter FoundDriverCount:4 
[2019.09.10-16.52.32:949][  0]LogD3D11RHI:     Adapter Name: NVIDIA GeForce GTX 1070
[2019.09.10-16.52.32:949][  0]LogD3D11RHI:   Driver Version: 417.71 (internal:25.21.14.1771, unified:417.71)
[2019.09.10-16.52.32:949][  0]LogD3D11RHI:      Driver Date: 1-11-2019
[2019.09.10-16.52.32:949][  0]LogRHI: Texture pool is 5656 MB (70% of 8081 MB)
[2019.09.10-16.52.33:014][  0]LogD3D11RHI: Async texture creation enabled
[2019.09.10-16.52.33:018][  0]LogRendererCore: FGlobalReadBuffer::InitRHI
[2019.09.10-16.52.33:019][  0]LogRendererCore: FGlobalReadBuffer::InitRHI
[2019.09.10-16.52.33:019][  0]LogRendererCore: FGlobalReadBuffer::InitRHI
[2019.09.10-16.52.33:034][  0]LogD3D11RHI: GPU Timing Frequency: 1000.000000 (Debug: 2 2)
[2019.09.10-16.52.33:492][  0]LogTemp: Display: Module 'AllDesktopTargetPlatform' loaded TargetPlatform 'AllDesktop'
[2019.09.10-16.52.33:514][  0]LogTemp: Display: Module 'MacClientTargetPlatform' loaded TargetPlatform 'MacClient'
[2019.09.10-16.52.33:537][  0]LogTemp: Display: Module 'MacNoEditorTargetPlatform' loaded TargetPlatform 'MacNoEditor'
[2019.09.10-16.52.33:559][  0]LogTemp: Display: Module 'MacServerTargetPlatform' loaded TargetPlatform 'MacServer'
[2019.09.10-16.52.33:580][  0]LogTemp: Display: Module 'MacTargetPlatform' loaded TargetPlatform 'Mac'
[2019.09.10-16.52.33:598][  0]LogTemp: Display: Module 'WindowsClientTargetPlatform' loaded TargetPlatform 'WindowsClient'
[2019.09.10-16.52.33:621][  0]LogTemp: Display: Module 'WindowsNoEditorTargetPlatform' loaded TargetPlatform 'WindowsNoEditor'
[2019.09.10-16.52.33:641][  0]LogTemp: Display: Module 'WindowsServerTargetPlatform' loaded TargetPlatform 'WindowsServer'
[2019.09.10-16.52.33:653][  0]LogTemp: Display: Module 'WindowsTargetPlatform' loaded TargetPlatform 'Windows'
[2019.09.10-16.52.33:762][  0]LogTemp: Display: Module 'AndroidTargetPlatform' loaded TargetPlatform 'Android'
[2019.09.10-16.52.33:762][  0]LogTemp: Display: Module 'AndroidTargetPlatform' loaded TargetPlatform 'Android_ASTC'
[2019.09.10-16.52.33:762][  0]LogTemp: Display: Module 'AndroidTargetPlatform' loaded TargetPlatform 'Android_ATC'
[2019.09.10-16.52.33:762][  0]LogTemp: Display: Module 'AndroidTargetPlatform' loaded TargetPlatform 'Android_DXT'
[2019.09.10-16.52.33:763][  0]LogTemp: Display: Module 'AndroidTargetPlatform' loaded TargetPlatform 'Android_ETC1'
[2019.09.10-16.52.33:763][  0]LogTemp: Display: Module 'AndroidTargetPlatform' loaded TargetPlatform 'Android_ETC1a'
[2019.09.10-16.52.33:763][  0]LogTemp: Display: Module 'AndroidTargetPlatform' loaded TargetPlatform 'Android_ETC2'
[2019.09.10-16.52.33:763][  0]LogTemp: Display: Module 'AndroidTargetPlatform' loaded TargetPlatform 'Android_PVRTC'
[2019.09.10-16.52.33:763][  0]LogTemp: Display: Module 'AndroidTargetPlatform' loaded TargetPlatform 'AndroidClient'
[2019.09.10-16.52.33:763][  0]LogTemp: Display: Module 'AndroidTargetPlatform' loaded TargetPlatform 'Android_ASTCClient'
[2019.09.10-16.52.33:763][  0]LogTemp: Display: Module 'AndroidTargetPlatform' loaded TargetPlatform 'Android_ATCClient'
[2019.09.10-16.52.33:763][  0]LogTemp: Display: Module 'AndroidTargetPlatform' loaded TargetPlatform 'Android_DXTClient'
[2019.09.10-16.52.33:763][  0]LogTemp: Display: Module 'AndroidTargetPlatform' loaded TargetPlatform 'Android_ETC1Client'
[2019.09.10-16.52.33:763][  0]LogTemp: Display: Module 'AndroidTargetPlatform' loaded TargetPlatform 'Android_ETC1aClient'
[2019.09.10-16.52.33:764][  0]LogTemp: Display: Module 'AndroidTargetPlatform' loaded TargetPlatform 'Android_ETC2Client'
[2019.09.10-16.52.33:764][  0]LogTemp: Display: Module 'AndroidTargetPlatform' loaded TargetPlatform 'Android_PVRTCClient'
[2019.09.10-16.52.33:764][  0]LogTemp: Display: Module 'AndroidTargetPlatform' loaded TargetPlatform 'Android_Multi'
[2019.09.10-16.52.33:764][  0]LogTemp: Display: Module 'AndroidTargetPlatform' loaded TargetPlatform 'Android_MultiClient'
[2019.09.10-16.52.33:773][  0]LogTemp: Display: Module 'HTML5TargetPlatform' loaded TargetPlatform 'HTML5'
[2019.09.10-16.52.33:843][  0]LogTemp: Display: Module 'IOSTargetPlatform' loaded TargetPlatform 'IOSClient'
[2019.09.10-16.52.33:843][  0]LogTemp: Display: Module 'IOSTargetPlatform' loaded TargetPlatform 'IOS'
[2019.09.10-16.52.33:881][  0]LogTemp: Display: Module 'TVOSTargetPlatform' loaded TargetPlatform 'TVOSClient'
[2019.09.10-16.52.33:881][  0]LogTemp: Display: Module 'TVOSTargetPlatform' loaded TargetPlatform 'TVOS'
[2019.09.10-16.52.33:905][  0]LogTemp: Display: Module 'LinuxClientTargetPlatform' loaded TargetPlatform 'LinuxClient'
[2019.09.10-16.52.33:931][  0]LogTemp: Display: Module 'LinuxNoEditorTargetPlatform' loaded TargetPlatform 'LinuxNoEditor'
[2019.09.10-16.52.33:955][  0]LogTemp: Display: Module 'LinuxServerTargetPlatform' loaded TargetPlatform 'LinuxServer'
[2019.09.10-16.52.33:975][  0]LogTemp: Display: Module 'LinuxTargetPlatform' loaded TargetPlatform 'Linux'
[2019.09.10-16.52.34:040][  0]LogTemp: Display: Module 'LuminTargetPlatform' loaded TargetPlatform 'Lumin'
[2019.09.10-16.52.34:041][  0]LogTemp: Display: Module 'LuminTargetPlatform' loaded TargetPlatform 'LuminClient'
[2019.09.10-16.52.34:041][  0]LogTargetPlatformManager: Display: Building Assets For Windows
[2019.09.10-16.52.34:072][  0]LogAudioDebug: Display: Lib vorbis DLL was dynamically loaded.
[2019.09.10-16.52.34:240][  0]LogShaderCompilers: Guid format shader working directory is 0 characters bigger than the processId version (../../../../Unreal Projects/ExploreAndCollect/Intermediate/Shaders/WorkingDirectory/10908/).
[2019.09.10-16.52.34:240][  0]LogShaderCompilers: Cleaned the shader compiler working directory 'C:/Users/willi/AppData/Local/Temp/UnrealShaderWorkingDir/92B3519E42CDA55CE2067EAA7D8BD8BE/'.
[2019.09.10-16.52.34:248][  0]LogXGEController: Cannot use XGE Controller as Incredibuild is not installed on this machine.
[2019.09.10-16.52.34:248][  0]LogShaderCompilers: Cannot use XGE Shader Compiler as Incredibuild is not installed on this machine.
[2019.09.10-16.52.34:248][  0]LogShaderCompilers: Display: Using Local Shader Compiler.
[2019.09.10-16.52.35:033][  0]LogDerivedDataCache: Display: Max Cache Size: 512 MB
[2019.09.10-16.52.35:101][  0]LogDerivedDataCache: Loaded boot cache 0.07s 74MB C:/Users/willi/AppData/Local/UnrealEngine/4.22/DerivedDataCache/Boot.ddc.
[2019.09.10-16.52.35:101][  0]LogDerivedDataCache: Display: Loaded Boot cache: C:/Users/willi/AppData/Local/UnrealEngine/4.22/DerivedDataCache/Boot.ddc
[2019.09.10-16.52.35:102][  0]LogDerivedDataCache: FDerivedDataBackendGraph:  Pak pak cache file ../../../../Unreal Projects/ExploreAndCollect/DerivedDataCache/DDC.ddp not found, will not use a pak cache.
[2019.09.10-16.52.35:102][  0]LogDerivedDataCache: Unable to find inner node Pak for hierarchical cache Hierarchy.
[2019.09.10-16.52.35:102][  0]LogDerivedDataCache: FDerivedDataBackendGraph:  CompressedPak pak cache file ../../../../Unreal Projects/ExploreAndCollect/DerivedDataCache/Compressed.ddp not found, will not use a pak cache.
[2019.09.10-16.52.35:102][  0]LogDerivedDataCache: Unable to find inner node CompressedPak for hierarchical cache Hierarchy.
[2019.09.10-16.52.35:121][  0]LogDerivedDataCache: Display: Pak cache opened for reading ../../../Engine/DerivedDataCache/Compressed.ddp.
[2019.09.10-16.52.35:121][  0]LogDerivedDataCache: FDerivedDataBackendGraph:  EnterprisePak pak cache file ../../../Enterprise/DerivedDataCache/Compressed.ddp not found, will not use a pak cache.
[2019.09.10-16.52.35:122][  0]LogDerivedDataCache: Unable to find inner node EnterprisePak for hierarchical cache Hierarchy.
[2019.09.10-16.52.35:136][  0]LogDerivedDataCache: Using Local data cache path C:/Users/willi/AppData/Local/UnrealEngine/Common/DerivedDataCache: Writable
[2019.09.10-16.52.35:136][  0]LogDerivedDataCache: Shared data cache path not found in *engine.ini, will not use an Shared cache.
[2019.09.10-16.52.35:136][  0]LogDerivedDataCache: Unable to find inner node Shared for hierarchical cache Hierarchy.
[2019.09.10-16.52.35:167][  0]LogMaterial: Verifying Global Shaders for PCD3D_SM5
[2019.09.10-16.52.35:168][  0]LogSlate: Using FreeType 2.6.0
[2019.09.10-16.52.35:170][  0]LogSlate: SlateFontServices - WITH_FREETYPE: 1, WITH_HARFBUZZ: 1
[2019.09.10-16.52.35:301][  0]LogAssetRegistry: FAssetRegistry took 0.0405 seconds to start up
[2019.09.10-16.52.35:818][  0]LogInit: Selected Device Profile: [Windows]
[2019.09.10-16.52.36:087][  0]LogMeshReduction: Using QuadricMeshReduction for automatic static mesh reduction
[2019.09.10-16.52.36:087][  0]LogMeshReduction: Using SimplygonMeshReduction for automatic skeletal mesh reduction
[2019.09.10-16.52.36:087][  0]LogMeshReduction: Using ProxyLODMeshReduction for automatic mesh merging
[2019.09.10-16.52.36:087][  0]LogMeshReduction: No distributed automatic mesh merging module available
[2019.09.10-16.52.36:087][  0]LogMeshMerging: No distributed automatic mesh merging module available
[2019.09.10-16.52.36:106][  0]LogNetVersion: ExploreAndCollect 1.0.0, NetCL: 5660361, EngineNetVer: 10, GameNetVer: 0 (Checksum: 882930883)
[2019.09.10-16.52.36:666][  0]LogPackageLocalizationCache: Processed 10 localized package path(s) for 1 prioritized culture(s) in 0.045379 seconds
[2019.09.10-16.52.36:675][  0]LogUObjectArray: 42205 objects as part of root set at end of initial load.
[2019.09.10-16.52.36:675][  0]LogUObjectAllocator: 7325032 out of 0 bytes used by permanent object pool.
[2019.09.10-16.52.36:675][  0]LogUObjectArray: CloseDisregardForGC: 0/0 objects in disregard for GC pool
[2019.09.10-16.52.38:466][  0]LogTcpMessaging: Initializing TcpMessaging bridge
[2019.09.10-16.52.38:491][  0]LogUdpMessaging: Initializing bridge on interface 0.0.0.0:0 to multicast group 230.0.0.1:6666.
[2019.09.10-16.52.39:087][  0]SourceControl: Source control is disabled
[2019.09.10-16.52.39:087][  0]SourceControl: Source control is disabled
[2019.09.10-16.52.39:092][  0]SourceControl: Source control is disabled
[2019.09.10-16.52.39:097][  0]SourceControl: Source control is disabled
[2019.09.10-16.52.39:328][  0]LogAndroidPermission: UAndroidPermissionCallbackProxy::GetInstance
[2019.09.10-16.52.39:514][  0]LogOcInput: OculusInput pre-init called
[2019.09.10-16.52.40:703][  0]LogClass: Warning: ObjectProperty FInventoryItem::Thumbnail is not initialized properly
[2019.09.10-16.52.40:703][  0]LogClass: Warning: BoolProperty FInventoryItem::bCanBeUsed is not initialized properly
[2019.09.10-16.52.40:703][  0]LogClass: Display: 2 Uninitialized script stuct members found
[2019.09.10-16.52.40:704][  0]LogAutomationTest: Warning: ObjectProperty FInventoryItem::Thumbnail is not initialized properly
[2019.09.10-16.52.40:704][  0]LogAutomationTest: Warning: BoolProperty FInventoryItem::bCanBeUsed is not initialized properly
[2019.09.10-16.52.40:705][  0]LogEngine: Initializing Engine...
[2019.09.10-16.52.40:706][  0]LogHMD: Failed to initialize OpenVR with code 110
[2019.09.10-16.52.40:708][  0]LogStats: UGameplayTagsManager::InitializeManager -  0.000 s
[2019.09.10-16.52.40:961][  0]LogInit: Initializing FReadOnlyCVARCache
[2019.09.10-16.52.40:983][  0]LogAIModule: Creating AISystem for world Untitled
[2019.09.10-16.52.41:009][  0]LogInit: XAudio2 using 'Speakers / Headphones (Realtek Audio)' : 6 channels at 48 kHz using 32 bits per sample (channel mask 0x3f)
[2019.09.10-16.52.41:045][  0]LogInit: FAudioDevice initialized.
[2019.09.10-16.52.41:046][  0]LogNetVersion: Set ProjectVersion to 1.0.0.0. Version Checksum will be recalculated on next use.
[2019.09.10-16.52.41:231][  0]LogDerivedDataCache: Saved boot cache 0.18s 74MB C:/Users/willi/AppData/Local/UnrealEngine/4.22/DerivedDataCache/Boot.ddc.
[2019.09.10-16.52.41:239][  0]LogInit: Texture streaming: Enabled
[2019.09.10-16.52.41:280][  0]LogEngineSessionManager: EngineSessionManager initialized
[2019.09.10-16.52.41:308][  0]LogInit: Transaction tracking system initialized
[2019.09.10-16.52.41:361][  0]BlueprintLog: New page: Editor Load
[2019.09.10-16.52.41:557][  0]LocalizationService: Localization service is disabled
[2019.09.10-16.52.42:069][  0]LogFileCache: Scanning file cache for directory 'D:/Unreal Projects/ExploreAndCollect/Content/' took 0.03s
[2019.09.10-16.52.42:070][  0]LogCook: Display: Max memory allowance for cook 16384mb min free memory 0mb
[2019.09.10-16.52.42:070][  0]LogCook: Display: Mobile HDR setting 1
[2019.09.10-16.52.42:444][  0]SourceControl: Source control is disabled
[2019.09.10-16.52.42:444][  0]Cmd: MAP LOAD FILE="../../../../Unreal Projects/ExploreAndCollect/Content/FirstPersonCPP/Maps/FirstPersonExampleMap.umap" TEMPLATE=0 SHOWPROGRESS=1 FEATURELEVEL=3
[2019.09.10-16.52.42:445][  0]LightingResults: New page: Lighting Build
[2019.09.10-16.52.42:449][  0]MapCheck: New page: Map Check
[2019.09.10-16.52.42:449][  0]LightingResults: New page: Lighting Build
[2019.09.10-16.52.42:479][  0]LogUObjectHash: Compacting FUObjectHashTables data took   2.19ms
[2019.09.10-16.52.42:673][  0]LogAIModule: Creating AISystem for world FirstPersonExampleMap
[2019.09.10-16.52.42:686][  0]LogEditorServer: Finished looking for orphan Actors (0.000 secs)
[2019.09.10-16.52.42:719][  0]LogUObjectHash: Compacting FUObjectHashTables data took   2.25ms
[2019.09.10-16.52.42:720][  0]Cmd: MAP CHECKDEP NOCLEARLOG
[2019.09.10-16.52.42:720][  0]MapCheck: Map check complete: 0 Error(s), 0 Warning(s), took 0.368ms to complete.
[2019.09.10-16.52.42:720][  0]LogFileHelpers: Loading map 'FirstPersonExampleMap' took 0.275
[2019.09.10-16.52.42:866][  0]LogSlate: Updating window title bar state: overlay mode, drag disabled, window buttons hidden, title bar hidden
[2019.09.10-16.52.42:874][  0]LogSlate: Updating window title bar state: overlay mode, drag disabled, window buttons hidden, title bar hidden
[2019.09.10-16.52.42:887][  0]LogSlate: Updating window title bar state: overlay mode, drag disabled, window buttons hidden, title bar hidden
[2019.09.10-16.52.42:896][  0]LogSlate: Updating window title bar state: overlay mode, drag disabled, window buttons hidden, title bar hidden
[2019.09.10-16.52.42:909][  0]LogCollectionManager: Loaded 0 collections in 0.002531 seconds
[2019.09.10-16.52.42:960][  0]LogFileCache: Scanning file cache for directory 'D:/Unreal Projects/ExploreAndCollect/Saved/Collections/' took 0.01s
[2019.09.10-16.52.42:960][  0]LogFileCache: Scanning file cache for directory 'D:/Unreal Projects/ExploreAndCollect/Content/Developers/willi/Collections/' took 0.01s
[2019.09.10-16.52.42:960][  0]LogFileCache: Scanning file cache for directory 'D:/Unreal Projects/ExploreAndCollect/Content/Collections/' took 0.01s
[2019.09.10-16.52.42:960][  0]LogCollectionManager: Rebuilt the GUID cache for 0 collections in 0.000000 seconds
[2019.09.10-16.52.42:971][  0]LogContentBrowser: Native class hierarchy populated in 0.0108 seconds. Added 2742 classes and 662 folders.
[2019.09.10-16.52.42:982][  0]LogContentBrowser: Native class hierarchy updated for 'WidgetCarousel' in 0.0006 seconds. Added 0 classes and 0 folders.
[2019.09.10-16.52.42:985][  0]LogPakFile: Registered encryption key '00000000000000000000000000000000': 0 pak files mounted, 0 remain pending
[2019.09.10-16.52.42:988][  0]LogPakFile: Registered encryption key '00000000000000000000000000000000': 0 pak files mounted, 0 remain pending
[2019.09.10-16.52.42:989][  0]LogPakFile: Registered encryption key '00000000000000000000000000000000': 0 pak files mounted, 0 remain pending
[2019.09.10-16.52.42:990][  0]LogPakFile: Registered encryption key '00000000000000000000000000000000': 0 pak files mounted, 0 remain pending
[2019.09.10-16.52.42:992][  0]LogPakFile: Registered encryption key '00000000000000000000000000000000': 0 pak files mounted, 0 remain pending
[2019.09.10-16.52.42:993][  0]LogPakFile: Registered encryption key '00000000000000000000000000000000': 0 pak files mounted, 0 remain pending
[2019.09.10-16.52.42:995][  0]LogPakFile: Registered encryption key '00000000000000000000000000000000': 0 pak files mounted, 0 remain pending
[2019.09.10-16.52.42:996][  0]LogPakFile: Registered encryption key '00000000000000000000000000000000': 0 pak files mounted, 0 remain pending
[2019.09.10-16.52.42:997][  0]LogPakFile: Registered encryption key '00000000000000000000000000000000': 0 pak files mounted, 0 remain pending
[2019.09.10-16.52.42:999][  0]LogPakFile: Registered encryption key '00000000000000000000000000000000': 0 pak files mounted, 0 remain pending
[2019.09.10-16.52.43:001][  0]LogPakFile: Registered encryption key '00000000000000000000000000000000': 0 pak files mounted, 0 remain pending
[2019.09.10-16.52.43:002][  0]LogPakFile: Registered encryption key '00000000000000000000000000000000': 0 pak files mounted, 0 remain pending
[2019.09.10-16.52.43:004][  0]LogPakFile: Registered encryption key '00000000000000000000000000000000': 0 pak files mounted, 0 remain pending
[2019.09.10-16.52.43:006][  0]LogPakFile: Registered encryption key '00000000000000000000000000000000': 0 pak files mounted, 0 remain pending
[2019.09.10-16.52.43:007][  0]LogPakFile: Registered encryption key '00000000000000000000000000000000': 0 pak files mounted, 0 remain pending
[2019.09.10-16.52.43:008][  0]LogPakFile: Registered encryption key '00000000000000000000000000000000': 0 pak files mounted, 0 remain pending
[2019.09.10-16.52.43:010][  0]LogPakFile: Registered encryption key '00000000000000000000000000000000': 0 pak files mounted, 0 remain pending
[2019.09.10-16.52.43:011][  0]LogPakFile: Registered encryption key '00000000000000000000000000000000': 0 pak files mounted, 0 remain pending
[2019.09.10-16.52.43:013][  0]LogPakFile: Registered encryption key '00000000000000000000000000000000': 0 pak files mounted, 0 remain pending
[2019.09.10-16.52.43:014][  0]LogPakFile: Registered encryption key '00000000000000000000000000000000': 0 pak files mounted, 0 remain pending
[2019.09.10-16.52.43:015][  0]LogPakFile: Registered encryption key '00000000000000000000000000000000': 0 pak files mounted, 0 remain pending
[2019.09.10-16.52.43:017][  0]LogPakFile: Registered encryption key '00000000000000000000000000000000': 0 pak files mounted, 0 remain pending
[2019.09.10-16.52.43:018][  0]LogPakFile: Registered encryption key '00000000000000000000000000000000': 0 pak files mounted, 0 remain pending
[2019.09.10-16.52.43:020][  0]LogPakFile: Registered encryption key '00000000000000000000000000000000': 0 pak files mounted, 0 remain pending
[2019.09.10-16.52.43:021][  0]LogPakFile: Registered encryption key '00000000000000000000000000000000': 0 pak files mounted, 0 remain pending
[2019.09.10-16.52.43:022][  0]LogPakFile: Registered encryption key '00000000000000000000000000000000': 0 pak files mounted, 0 remain pending
[2019.09.10-16.52.43:122][  0]LogContentBrowser: Native class hierarchy updated for 'AddContentDialog' in 0.0006 seconds. Added 0 classes and 0 folders.
[2019.09.10-16.52.43:133][  0]LogContentBrowser: Native class hierarchy updated for 'SceneOutliner' in 0.0009 seconds. Added 1 classes and 2 folders.
[2019.09.10-16.52.43:224][  0]LogSlate: Took 0.000374 seconds to synchronously load lazily loaded font '../../../Engine/Content/Slate/Fonts/Roboto-Regular.ttf' (155K)
[2019.09.10-16.52.43:226][  0]LogSlate: Took 0.000267 seconds to synchronously load lazily loaded font '../../../Engine/Content/Slate/Fonts/Roboto-Bold.ttf' (160K)
[2019.09.10-16.52.43:234][  0]LogSlate: Took 0.000372 seconds to synchronously load lazily loaded font '../../../Engine/Content/Editor/Slate/Fonts/FontAwesome.ttf' (139K)
[2019.09.10-16.52.43:317][  0]LogRenderer: Reallocating scene render targets to support 884x476 Format 10 NumSamples 1 (Frame:1).
[2019.09.10-16.52.43:457][  0]LogContentBrowser: Native class hierarchy updated for 'HierarchicalLODOutliner' in 0.0009 seconds. Added 0 classes and 0 folders.
[2019.09.10-16.52.43:457][  0]LogLoad: (Engine Initialization) Total time: 17.26 seconds
[2019.09.10-16.52.43:458][  0]LogLoad: (Engine Initialization) Total Blueprint compile time: 0.00 seconds
[2019.09.10-16.52.43:512][  0]LogAssetRegistry: Asset discovery search completed in 8.2360 seconds
[2019.09.10-16.52.43:516][  0]LogCollectionManager: Rebuilt the object cache for 0 collections in 0.000000 seconds (found 0 objects)
[2019.09.10-16.52.43:516][  0]LogCollectionManager: Fixed up redirectors for 0 collections in 0.000234 seconds (updated 0 objects)
[2019.09.10-16.52.43:519][  0]LogContentStreaming: Texture pool size now 1000 MB
[2019.09.10-16.52.47:599][126]LogSlate: FSceneViewport::OnFocusLost() reason 0
[2019.09.10-16.52.48:222][163]LogSlate: Took 0.000285 seconds to synchronously load lazily loaded font '../../../Engine/Content/Slate/Fonts/Roboto-Light.ttf' (167K)
[2019.09.10-16.52.48:237][163]LogAssetEditorManager: Opening Asset editor for Class /Script/ExploreAndCollect.MissionManager
