Log file open, 09/11/19 15:54:00
LogWindows: Failed to load 'aqProf.dll' (GetLastError=126)
LogWindows: File 'aqProf.dll' does not exist
LogWindows: Failed to load 'VtuneApi.dll' (GetLastError=126)
LogWindows: File 'VtuneApi.dll' does not exist
LogWindows: Failed to load 'VtuneApi32e.dll' (GetLastError=126)
LogWindows: File 'VtuneApi32e.dll' does not exist
LogConsoleResponse: Display: Failed to find resolution value strings in scalability ini. Falling back to default.
LogInit: Display: Running engine for game: ExploreAndCollect
LogPakFile: Registered encryption key '00000000000000000000000000000000': 0 pak files mounted, 0 remain pending
LogPlatformFile: Not using cached read wrapper
LogTaskGraph: Started task graph with 5 named threads and 23 total threads with 3 sets of task threads.
LogStats: Stats thread started at 0.387025
LogD3D11RHI: Loaded GFSDK_Aftermath_Lib.x64.dll
LogICUInternationalization: ICU TimeZone Detection - Raw Offset: -5:00, Platform Override: ''
LogPluginManager: Mounting plugin Paper2D
LogPluginManager: Mounting plugin AISupport
LogPluginManager: Mounting plugin LightPropagationVolume
LogPluginManager: Mounting plugin ActorLayerUtilities
LogPluginManager: Mounting plugin AnimationSharing
LogPluginManager: Mounting plugin CLionSourceCodeAccess
LogPluginManager: Mounting plugin CodeLiteSourceCodeAccess
LogPluginManager: Mounting plugin GitSourceControl
LogPluginManager: Mounting plugin KDevelopSourceCodeAccess
LogPluginManager: Mounting plugin NullSourceCodeAccess
LogPluginManager: Mounting plugin PerforceSourceControl
LogPluginManager: Mounting plugin SubversionSourceControl
LogPluginManager: Mounting plugin UObjectPlugin
LogPluginManager: Mounting plugin VisualStudioCodeSourceCodeAccess
LogPluginManager: Mounting plugin VisualStudioSourceCodeAccess
LogPluginManager: Mounting plugin XCodeSourceCodeAccess
LogPluginManager: Mounting plugin AssetManagerEditor
LogPluginManager: Mounting plugin CryptoKeys
LogPluginManager: Mounting plugin DataValidation
LogPluginManager: Mounting plugin FacialAnimation
LogPluginManager: Mounting plugin GameplayTagsEditor
LogPluginManager: Mounting plugin MacGraphicsSwitching
LogPluginManager: Mounting plugin MaterialAnalyzer
LogPluginManager: Mounting plugin MobileLauncherProfileWizard
LogPluginManager: Mounting plugin PluginBrowser
LogPluginManager: Mounting plugin SpeedTreeImporter
LogPluginManager: Mounting plugin DatasmithContent
LogPluginManager: Mounting plugin VariantManagerContent
LogPluginManager: Mounting plugin AlembicImporter
LogPluginManager: Mounting plugin AppleImageUtils
LogPluginManager: Mounting plugin AppleVision
LogPluginManager: Mounting plugin BackChannel
LogPluginManager: Mounting plugin CharacterAI
LogPluginManager: Mounting plugin GeometryCache
LogPluginManager: Mounting plugin HTML5Networking
LogPluginManager: Mounting plugin ProxyLODPlugin
LogPluginManager: Mounting plugin SkeletalReduction
LogPluginManager: Mounting plugin MagicLeap
LogPluginManager: Mounting plugin MagicLeapMedia
LogPluginManager: Mounting plugin AndroidMedia
LogPluginManager: Mounting plugin AvfMedia
LogPluginManager: Mounting plugin ImgMedia
LogPluginManager: Mounting plugin LinearTimecode
LogPluginManager: Mounting plugin MediaCompositing
LogPluginManager: Mounting plugin MediaPlayerEditor
LogPluginManager: Mounting plugin WebMMedia
LogPluginManager: Mounting plugin WmfMedia
LogPluginManager: Mounting plugin TcpMessaging
LogPluginManager: Mounting plugin UdpMessaging
LogPluginManager: Mounting plugin ActorSequence
LogPluginManager: Mounting plugin LevelSequenceEditor
LogPluginManager: Mounting plugin MatineeToLevelSequence
LogPluginManager: Mounting plugin NetcodeUnitTest
LogPluginManager: Mounting plugin NUTUnrealEngine4
LogPluginManager: Mounting plugin OnlineSubsystemGooglePlay
LogPluginManager: Mounting plugin OnlineSubsystemIOS
LogPluginManager: Mounting plugin OnlineSubsystem
LogPluginManager: Mounting plugin OnlineSubsystemNull
LogPluginManager: Mounting plugin OnlineSubsystemUtils
LogPluginManager: Mounting plugin LauncherChunkInstaller
LogPluginManager: Mounting plugin AndroidDeviceProfileSelector
LogPluginManager: Mounting plugin AndroidMoviePlayer
LogPluginManager: Mounting plugin AndroidPermission
LogPluginManager: Mounting plugin AppleMoviePlayer
LogPluginManager: Mounting plugin ArchVisCharacter
LogPluginManager: Mounting plugin AudioCapture
LogPluginManager: Mounting plugin CableComponent
LogPluginManager: Mounting plugin CustomMeshComponent
LogPluginManager: Mounting plugin EditableMesh
LogPluginManager: Mounting plugin ExampleDeviceProfileSelector
LogPluginManager: Mounting plugin Firebase
LogPluginManager: Mounting plugin GoogleCloudMessaging
LogPluginManager: Mounting plugin IOSDeviceProfileSelector
LogPluginManager: Mounting plugin LinuxDeviceProfileSelector
LogPluginManager: Mounting plugin LocationServicesBPLibrary
LogPluginManager: Mounting plugin MobilePatchingUtils
LogPluginManager: Mounting plugin OculusVR
LogPluginManager: Mounting plugin PhysXVehicles
LogPluginManager: Mounting plugin ProceduralMeshComponent
LogPluginManager: Mounting plugin RuntimePhysXCooking
LogPluginManager: Mounting plugin SignificanceManager
LogPluginManager: Mounting plugin SteamVR
LogPluginManager: Mounting plugin WebMMoviePlayer
LogPluginManager: Mounting plugin WindowsMoviePlayer
LogInit: Using libcurl 7.55.1-DEV
LogInit:  - built for x86_64-pc-win32
LogInit:  - supports SSL with OpenSSL/1.1.1
LogInit:  - supports HTTP deflate (compression) using libz 1.2.8
LogInit:  - other features:
LogInit:      CURL_VERSION_SSL
LogInit:      CURL_VERSION_LIBZ
LogInit:      CURL_VERSION_IPV6
LogInit:      CURL_VERSION_ASYNCHDNS
LogInit:      CURL_VERSION_LARGEFILE
LogInit:      CURL_VERSION_IDN
LogInit:  CurlRequestOptions (configurable via config and command line):
LogInit:  - bVerifyPeer = true  - Libcurl will verify peer certificate
LogInit:  - bUseHttpProxy = false  - Libcurl will NOT use HTTP proxy
LogInit:  - bDontReuseConnections = false  - Libcurl will reuse connections
LogInit:  - MaxHostConnections = 16  - Libcurl will limit the number of connections to a host
LogInit:  - LocalHostAddr = Default
LogInit:  - BufferSize = 65536
LogInit: WinSock: version 1.1 (2.2), MaxSocks=32767, MaxUdp=65467
LogInit: Build: ++UE4+Release-4.22-CL-7053642
LogInit: Engine Version: 4.22.3-7053642+++UE4+Release-4.22
LogInit: Compatible Engine Version: 4.22.0-5660361+++UE4+Release-4.22
LogInit: Net CL: 5660361
LogInit: OS: Windows 10 (Release 1809) (), CPU: Intel(R) Core(TM) i7-7700HQ CPU @ 2.80GHz, GPU: NVIDIA GeForce GTX 1070
LogInit: Compiled (64-bit): Jun 18 2019 03:09:11
LogInit: Compiled with Visual C++: 19.16.27025.01
LogInit: Build Configuration: Development
LogInit: Branch Name: ++UE4+Release-4.22
LogInit: Command Line:  -skipcompile
LogInit: Base Directory: D:/UE_4.22/Engine/Binaries/Win64/
LogInit: Installed Engine Build: 1
LogDevObjectVersion: Number of dev versions registered: 23
LogDevObjectVersion:   Dev-Blueprints (B0D832E4-1F89-4F0D-ACCF-7EB736FD4AA2): 10
LogDevObjectVersion:   Dev-Build (E1C64328-A22C-4D53-A36C-8E866417BD8C): 0
LogDevObjectVersion:   Dev-Core (375EC13C-06E4-48FB-B500-84F0262A717E): 3
LogDevObjectVersion:   Dev-Editor (E4B068ED-F494-42E9-A231-DA0B2E46BB41): 30
LogDevObjectVersion:   Dev-Framework (CFFC743F-43B0-4480-9391-14DF171D2073): 35
LogDevObjectVersion:   Dev-Mobile (B02B49B5-BB20-44E9-A304-32B752E40360): 2
LogDevObjectVersion:   Dev-Networking (A4E4105C-59A1-49B5-A7C5-40C4547EDFEE): 0
LogDevObjectVersion:   Dev-Online (39C831C9-5AE6-47DC-9A44-9C173E1C8E7C): 0
LogDevObjectVersion:   Dev-Physics (78F01B33-EBEA-4F98-B9B4-84EACCB95AA2): 0
LogDevObjectVersion:   Dev-Platform (6631380F-2D4D-43E0-8009-CF276956A95A): 0
LogDevObjectVersion:   Dev-Rendering (12F88B9F-8875-4AFC-A67C-D90C383ABD29): 28
LogDevObjectVersion:   Dev-Sequencer (7B5AE74C-D270-4C10-A958-57980B212A5A): 11
LogDevObjectVersion:   Dev-VR (D7296918-1DD6-4BDD-9DE2-64A83CC13884): 2
LogDevObjectVersion:   Dev-LoadTimes (C2A15278-BFE7-4AFE-6C17-90FF531DF755): 1
LogDevObjectVersion:   Private-Geometry (6EACA3D4-40EC-4CC1-B786-8BED09428FC5): 3
LogDevObjectVersion:   Dev-AnimPhys (29E575DD-E0A3-4627-9D10-D276232CDCEA): 17
LogDevObjectVersion:   Dev-Anim (AF43A65D-7FD3-4947-9873-3E8ED9C1BB05): 2
LogDevObjectVersion:   Dev-ReflectionCapture (6B266CEC-1EC7-4B8F-A30B-E4D90942FC07): 1
LogDevObjectVersion:   Dev-Automation (0DF73D61-A23F-47EA-B727-89E90C41499A): 1
LogDevObjectVersion:   FortniteMain (601D1886-AC64-4F84-AA16-D3DE0DEAC7D6): 25
LogDevObjectVersion:   Dev-Enterprise (9DFFBCD6-494F-0158-E221-12823C92A888): 6
LogDevObjectVersion:   Dev-Niagara (F2AED0AC-9AFE-416F-8664-AA7FFA26D6FC): 1
LogDevObjectVersion:   Dev-Destruction (174F1F0B-B4C6-45A5-B13F-2EE8D0FB917D): 2
LogInit: Presizing for max 16777216 objects, including 0 objects not considered by GC, pre-allocating 0 bytes for permanent pool.
LogInit: Object subsystem initialized
LogConfig: Setting CVar [[con.DebugEarlyDefault:1]]
LogConfig: Setting CVar [[r.setres:1280x720]]
[2019.09.11-19.54.02:344][  0]LogConfig: Setting CVar [[r.VSync:0]]
[2019.09.11-19.54.02:344][  0]LogConfig: Setting CVar [[r.RHICmdBypass:0]]
[2019.09.11-19.54.02:344][  0]LogConfig: Applying CVar settings from Section [/Script/Engine.RendererSettings] File [D:/Unreal Projects/ExploreAndCollect/Saved/Config/Windows/Engine.ini]
[2019.09.11-19.54.02:344][  0]LogConfig: Setting CVar [[r.GPUCrashDebugging:0]]
[2019.09.11-19.54.02:345][  0]LogConfig: Applying CVar settings from Section [/Script/Engine.RendererOverrideSettings] File [D:/Unreal Projects/ExploreAndCollect/Saved/Config/Windows/Engine.ini]
[2019.09.11-19.54.02:345][  0]LogConfig: Applying CVar settings from Section [/Script/Engine.StreamingSettings] File [D:/Unreal Projects/ExploreAndCollect/Saved/Config/Windows/Engine.ini]
[2019.09.11-19.54.02:345][  0]LogConfig: Setting CVar [[s.MinBulkDataSizeForAsyncLoading:131072]]
[2019.09.11-19.54.02:345][  0]LogConfig: Setting CVar [[s.AsyncLoadingThreadEnabled:0]]
[2019.09.11-19.54.02:345][  0]LogConfig: Setting CVar [[s.EventDrivenLoaderEnabled:1]]
[2019.09.11-19.54.02:345][  0]LogConfig: Setting CVar [[s.WarnIfTimeLimitExceeded:0]]
[2019.09.11-19.54.02:345][  0]LogConfig: Setting CVar [[s.TimeLimitExceededMultiplier:1.5]]
[2019.09.11-19.54.02:345][  0]LogConfig: Setting CVar [[s.TimeLimitExceededMinTime:0.005]]
[2019.09.11-19.54.02:345][  0]LogConfig: Setting CVar [[s.UseBackgroundLevelStreaming:1]]
[2019.09.11-19.54.02:345][  0]LogConfig: Setting CVar [[s.PriorityAsyncLoadingExtraTime:15.0]]
[2019.09.11-19.54.02:345][  0]LogConfig: Setting CVar [[s.LevelStreamingActorsUpdateTimeLimit:5.0]]
[2019.09.11-19.54.02:345][  0]LogConfig: Setting CVar [[s.PriorityLevelStreamingActorsUpdateExtraTime:5.0]]
[2019.09.11-19.54.02:345][  0]LogConfig: Setting CVar [[s.LevelStreamingComponentsRegistrationGranularity:10]]
[2019.09.11-19.54.02:345][  0]LogConfig: Setting CVar [[s.UnregisterComponentsTimeLimit:1.0]]
[2019.09.11-19.54.02:345][  0]LogConfig: Setting CVar [[s.LevelStreamingComponentsUnregistrationGranularity:5]]
[2019.09.11-19.54.02:345][  0]LogConfig: Applying CVar settings from Section [/Script/Engine.GarbageCollectionSettings] File [D:/Unreal Projects/ExploreAndCollect/Saved/Config/Windows/Engine.ini]
[2019.09.11-19.54.02:346][  0]LogConfig: Setting CVar [[gc.MaxObjectsNotConsideredByGC:1]]
[2019.09.11-19.54.02:346][  0]LogConfig: Setting CVar [[gc.SizeOfPermanentObjectPool:0]]
[2019.09.11-19.54.02:346][  0]LogConfig: Setting CVar [[gc.FlushStreamingOnGC:0]]
[2019.09.11-19.54.02:346][  0]LogConfig: Setting CVar [[gc.NumRetriesBeforeForcingGC:10]]
[2019.09.11-19.54.02:346][  0]LogConfig: Setting CVar [[gc.AllowParallelGC:1]]
[2019.09.11-19.54.02:346][  0]LogConfig: Setting CVar [[gc.TimeBetweenPurgingPendingKillObjects:61.1]]
[2019.09.11-19.54.02:346][  0]LogConfig: Setting CVar [[gc.MaxObjectsInEditor:16777216]]
[2019.09.11-19.54.02:346][  0]LogConfig: Setting CVar [[gc.IncrementalBeginDestroyEnabled:1]]
[2019.09.11-19.54.02:346][  0]LogConfig: Setting CVar [[gc.CreateGCClusters:1]]
[2019.09.11-19.54.02:346][  0]LogConfig: Setting CVar [[gc.MinGCClusterSize:5]]
[2019.09.11-19.54.02:346][  0]LogConfig: Setting CVar [[gc.ActorClusteringEnabled:0]]
[2019.09.11-19.54.02:346][  0]LogConfig: Setting CVar [[gc.BlueprintClusteringEnabled:0]]
[2019.09.11-19.54.02:346][  0]LogConfig: Setting CVar [[gc.UseDisregardForGCOnDedicatedServers:0]]
[2019.09.11-19.54.02:346][  0]LogConfig: Applying CVar settings from Section [/Script/Engine.NetworkSettings] File [D:/Unreal Projects/ExploreAndCollect/Saved/Config/Windows/Engine.ini]
[2019.09.11-19.54.02:346][  0]LogConfig: Applying CVar settings from Section [/Script/UnrealEd.CookerSettings] File [D:/Unreal Projects/ExploreAndCollect/Saved/Config/Windows/Engine.ini]
[2019.09.11-19.54.02:359][  0]LogConfig: Applying CVar settings from Section [ViewDistanceQuality@3] File [D:/Unreal Projects/ExploreAndCollect/Saved/Config/Windows/Scalability.ini]
[2019.09.11-19.54.02:359][  0]LogConfig: Setting CVar [[r.SkeletalMeshLODBias:0]]
[2019.09.11-19.54.02:359][  0]LogConfig: Setting CVar [[r.ViewDistanceScale:1.0]]
[2019.09.11-19.54.02:359][  0]LogConfig: Applying CVar settings from Section [AntiAliasingQuality@3] File [D:/Unreal Projects/ExploreAndCollect/Saved/Config/Windows/Scalability.ini]
[2019.09.11-19.54.02:359][  0]LogConfig: Setting CVar [[r.PostProcessAAQuality:4]]
[2019.09.11-19.54.02:359][  0]LogConfig: Applying CVar settings from Section [ShadowQuality@3] File [D:/Unreal Projects/ExploreAndCollect/Saved/Config/Windows/Scalability.ini]
[2019.09.11-19.54.02:359][  0]LogConfig: Setting CVar [[r.LightFunctionQuality:1]]
[2019.09.11-19.54.02:359][  0]LogConfig: Setting CVar [[r.ShadowQuality:5]]
[2019.09.11-19.54.02:359][  0]LogConfig: Setting CVar [[r.Shadow.CSM.MaxCascades:10]]
[2019.09.11-19.54.02:359][  0]LogConfig: Setting CVar [[r.Shadow.MaxResolution:2048]]
[2019.09.11-19.54.02:359][  0]LogConfig: Setting CVar [[r.Shadow.MaxCSMResolution:2048]]
[2019.09.11-19.54.02:359][  0]LogConfig: Setting CVar [[r.Shadow.RadiusThreshold:0.01]]
[2019.09.11-19.54.02:360][  0]LogConfig: Setting CVar [[r.Shadow.DistanceScale:1.0]]
[2019.09.11-19.54.02:360][  0]LogConfig: Setting CVar [[r.Shadow.CSM.TransitionScale:1.0]]
[2019.09.11-19.54.02:360][  0]LogConfig: Setting CVar [[r.Shadow.PreShadowResolutionFactor:1.0]]
[2019.09.11-19.54.02:360][  0]LogConfig: Setting CVar [[r.DistanceFieldShadowing:1]]
[2019.09.11-19.54.02:360][  0]LogConfig: Setting CVar [[r.DistanceFieldAO:1]]
[2019.09.11-19.54.02:360][  0]LogConfig: Setting CVar [[r.AOQuality:2]]
[2019.09.11-19.54.02:360][  0]LogConfig: Setting CVar [[r.VolumetricFog:1]]
[2019.09.11-19.54.02:360][  0]LogConfig: Setting CVar [[r.VolumetricFog.GridPixelSize:8]]
[2019.09.11-19.54.02:360][  0]LogConfig: Setting CVar [[r.VolumetricFog.GridSizeZ:128]]
[2019.09.11-19.54.02:360][  0]LogConfig: Setting CVar [[r.VolumetricFog.HistoryMissSupersampleCount:4]]
[2019.09.11-19.54.02:360][  0]LogConfig: Setting CVar [[r.LightMaxDrawDistanceScale:1]]
[2019.09.11-19.54.02:360][  0]LogConfig: Setting CVar [[r.CapsuleShadows:1]]
[2019.09.11-19.54.02:360][  0]LogConfig: Applying CVar settings from Section [PostProcessQuality@3] File [D:/Unreal Projects/ExploreAndCollect/Saved/Config/Windows/Scalability.ini]
[2019.09.11-19.54.02:360][  0]LogConfig: Setting CVar [[r.MotionBlurQuality:4]]
[2019.09.11-19.54.02:360][  0]LogConfig: Setting CVar [[r.AmbientOcclusionMipLevelFactor:0.4]]
[2019.09.11-19.54.02:360][  0]LogConfig: Setting CVar [[r.AmbientOcclusionMaxQuality:100]]
[2019.09.11-19.54.02:360][  0]LogConfig: Setting CVar [[r.AmbientOcclusionLevels:-1]]
[2019.09.11-19.54.02:361][  0]LogConfig: Setting CVar [[r.AmbientOcclusionRadiusScale:1.0]]
[2019.09.11-19.54.02:361][  0]LogConfig: Setting CVar [[r.DepthOfFieldQuality:2]]
[2019.09.11-19.54.02:361][  0]LogConfig: Setting CVar [[r.RenderTargetPoolMin:400]]
[2019.09.11-19.54.02:361][  0]LogConfig: Setting CVar [[r.LensFlareQuality:2]]
[2019.09.11-19.54.02:361][  0]LogConfig: Setting CVar [[r.SceneColorFringeQuality:1]]
[2019.09.11-19.54.02:361][  0]LogConfig: Setting CVar [[r.EyeAdaptationQuality:2]]
[2019.09.11-19.54.02:361][  0]LogConfig: Setting CVar [[r.BloomQuality:5]]
[2019.09.11-19.54.02:361][  0]LogConfig: Setting CVar [[r.FastBlurThreshold:100]]
[2019.09.11-19.54.02:361][  0]LogConfig: Setting CVar [[r.Upscale.Quality:3]]
[2019.09.11-19.54.02:361][  0]LogConfig: Setting CVar [[r.Tonemapper.GrainQuantization:1]]
[2019.09.11-19.54.02:361][  0]LogConfig: Setting CVar [[r.LightShaftQuality:1]]
[2019.09.11-19.54.02:361][  0]LogConfig: Setting CVar [[r.Filter.SizeScale:1]]
[2019.09.11-19.54.02:361][  0]LogConfig: Setting CVar [[r.Tonemapper.Quality:5]]
[2019.09.11-19.54.02:361][  0]LogConfig: Setting CVar [[r.DOF.Gather.AccumulatorQuality:1        ; higher gathering accumulator quality]]
[2019.09.11-19.54.02:361][  0]LogConfig: Setting CVar [[r.DOF.Gather.PostfilterMethod:1          ; Median3x3 postfilering method]]
[2019.09.11-19.54.02:362][  0]LogConfig: Setting CVar [[r.DOF.Gather.EnableBokehSettings:0       ; no bokeh simulation when gathering]]
[2019.09.11-19.54.02:362][  0]LogConfig: Setting CVar [[r.DOF.Gather.RingCount:4                 ; medium number of samples when gathering]]
[2019.09.11-19.54.02:362][  0]LogConfig: Setting CVar [[r.DOF.Scatter.ForegroundCompositing:1    ; additive foreground scattering]]
[2019.09.11-19.54.02:362][  0]LogConfig: Setting CVar [[r.DOF.Scatter.BackgroundCompositing:2    ; additive background scattering]]
[2019.09.11-19.54.02:362][  0]LogConfig: Setting CVar [[r.DOF.Scatter.EnableBokehSettings:1      ; bokeh simulation when scattering]]
[2019.09.11-19.54.02:362][  0]LogConfig: Setting CVar [[r.DOF.Scatter.MaxSpriteRatio:0.1         ; only a maximum of 10% of scattered bokeh]]
[2019.09.11-19.54.02:362][  0]LogConfig: Setting CVar [[r.DOF.Recombine.Quality:1                ; cheap slight out of focus]]
[2019.09.11-19.54.02:362][  0]LogConfig: Setting CVar [[r.DOF.Recombine.EnableBokehSettings:0    ; no bokeh simulation on slight out of focus]]
[2019.09.11-19.54.02:362][  0]LogConfig: Setting CVar [[r.DOF.TemporalAAQuality:1                ; more stable temporal accumulation]]
[2019.09.11-19.54.02:362][  0]LogConfig: Setting CVar [[r.DOF.Kernel.MaxForegroundRadius:0.025]]
[2019.09.11-19.54.02:362][  0]LogConfig: Setting CVar [[r.DOF.Kernel.MaxBackgroundRadius:0.025]]
[2019.09.11-19.54.02:362][  0]LogConfig: Applying CVar settings from Section [TextureQuality@3] File [D:/Unreal Projects/ExploreAndCollect/Saved/Config/Windows/Scalability.ini]
[2019.09.11-19.54.02:362][  0]LogConfig: Setting CVar [[r.Streaming.MipBias:0]]
[2019.09.11-19.54.02:362][  0]LogConfig: Setting CVar [[r.Streaming.AmortizeCPUToGPUCopy:0]]
[2019.09.11-19.54.02:362][  0]LogConfig: Setting CVar [[r.Streaming.MaxNumTexturesToStreamPerFrame:0]]
[2019.09.11-19.54.02:362][  0]LogConfig: Setting CVar [[r.Streaming.Boost:1]]
[2019.09.11-19.54.02:363][  0]LogConfig: Setting CVar [[r.MaxAnisotropy:8]]
[2019.09.11-19.54.02:363][  0]LogConfig: Setting CVar [[r.Streaming.LimitPoolSizeToVRAM:0]]
[2019.09.11-19.54.02:363][  0]LogConfig: Setting CVar [[r.Streaming.PoolSize:1000]]
[2019.09.11-19.54.02:363][  0]LogConfig: Setting CVar [[r.Streaming.MaxEffectiveScreenSize:0]]
[2019.09.11-19.54.02:363][  0]LogConfig: Applying CVar settings from Section [EffectsQuality@3] File [D:/Unreal Projects/ExploreAndCollect/Saved/Config/Windows/Scalability.ini]
[2019.09.11-19.54.02:363][  0]LogConfig: Setting CVar [[r.TranslucencyLightingVolumeDim:64]]
[2019.09.11-19.54.02:363][  0]LogConfig: Setting CVar [[r.RefractionQuality:2]]
[2019.09.11-19.54.02:363][  0]LogConfig: Setting CVar [[r.SSR.Quality:3]]
[2019.09.11-19.54.02:363][  0]LogConfig: Setting CVar [[r.SceneColorFormat:4]]
[2019.09.11-19.54.02:363][  0]LogConfig: Setting CVar [[r.DetailMode:2]]
[2019.09.11-19.54.02:363][  0]LogConfig: Setting CVar [[r.TranslucencyVolumeBlur:1]]
[2019.09.11-19.54.02:363][  0]LogConfig: Setting CVar [[r.MaterialQualityLevel:1 ; High quality]]
[2019.09.11-19.54.02:363][  0]LogConfig: Setting CVar [[r.SSS.Scale:1]]
[2019.09.11-19.54.02:363][  0]LogConfig: Setting CVar [[r.SSS.SampleSet:2]]
[2019.09.11-19.54.02:363][  0]LogConfig: Setting CVar [[r.SSS.Quality:1]]
[2019.09.11-19.54.02:363][  0]LogConfig: Setting CVar [[r.SSS.HalfRes:1]]
[2019.09.11-19.54.02:364][  0]LogConfig: Setting CVar [[r.EmitterSpawnRateScale:1.0]]
[2019.09.11-19.54.02:364][  0]LogConfig: Setting CVar [[r.ParticleLightQuality:2]]
[2019.09.11-19.54.02:364][  0]LogConfig: Applying CVar settings from Section [FoliageQuality@3] File [D:/Unreal Projects/ExploreAndCollect/Saved/Config/Windows/Scalability.ini]
[2019.09.11-19.54.02:364][  0]LogConfig: Setting CVar [[foliage.DensityScale:1.0]]
[2019.09.11-19.54.02:364][  0]LogConfig: Setting CVar [[grass.DensityScale:1.0]]
[2019.09.11-19.54.02:364][  0]LogInit: Selected Device Profile: [Windows]
[2019.09.11-19.54.02:364][  0]LogInit: Applying CVar settings loaded from the selected device profile: [Windows]
[2019.09.11-19.54.02:402][  0]LogHAL: Display: Platform has ~ 16 GB [17046728704 / 17179869184 / 16], which maps to Larger [LargestMinGB=32, LargerMinGB=12, DefaultMinGB=8, SmallerMinGB=6, SmallestMinGB=0)
[2019.09.11-19.54.02:402][  0]LogConfig: Setting CVar [[r.Vulkan.UseRealUBs:0		; Required until we fix HLR fall-out]]
[2019.09.11-19.54.02:402][  0]LogInit: Going up to parent DeviceProfile []
[2019.09.11-19.54.02:402][  0]LogConfig: Applying CVar settings from Section [ViewDistanceQuality@3] File [D:/Unreal Projects/ExploreAndCollect/Saved/Config/Windows/Scalability.ini]
[2019.09.11-19.54.02:403][  0]LogConfig: Setting CVar [[r.SkeletalMeshLODBias:0]]
[2019.09.11-19.54.02:403][  0]LogConfig: Setting CVar [[r.ViewDistanceScale:1.0]]
[2019.09.11-19.54.02:403][  0]LogConfig: Applying CVar settings from Section [AntiAliasingQuality@3] File [D:/Unreal Projects/ExploreAndCollect/Saved/Config/Windows/Scalability.ini]
[2019.09.11-19.54.02:403][  0]LogConfig: Setting CVar [[r.PostProcessAAQuality:4]]
[2019.09.11-19.54.02:403][  0]LogConfig: Applying CVar settings from Section [ShadowQuality@3] File [D:/Unreal Projects/ExploreAndCollect/Saved/Config/Windows/Scalability.ini]
[2019.09.11-19.54.02:403][  0]LogConfig: Setting CVar [[r.LightFunctionQuality:1]]
[2019.09.11-19.54.02:403][  0]LogConfig: Setting CVar [[r.ShadowQuality:5]]
[2019.09.11-19.54.02:403][  0]LogConfig: Setting CVar [[r.Shadow.CSM.MaxCascades:10]]
[2019.09.11-19.54.02:403][  0]LogConfig: Setting CVar [[r.Shadow.MaxResolution:2048]]
[2019.09.11-19.54.02:404][  0]LogConfig: Setting CVar [[r.Shadow.MaxCSMResolution:2048]]
[2019.09.11-19.54.02:404][  0]LogConfig: Setting CVar [[r.Shadow.RadiusThreshold:0.01]]
[2019.09.11-19.54.02:404][  0]LogConfig: Setting CVar [[r.Shadow.DistanceScale:1.0]]
[2019.09.11-19.54.02:404][  0]LogConfig: Setting CVar [[r.Shadow.CSM.TransitionScale:1.0]]
[2019.09.11-19.54.02:404][  0]LogConfig: Setting CVar [[r.Shadow.PreShadowResolutionFactor:1.0]]
[2019.09.11-19.54.02:404][  0]LogConfig: Setting CVar [[r.DistanceFieldShadowing:1]]
[2019.09.11-19.54.02:404][  0]LogConfig: Setting CVar [[r.DistanceFieldAO:1]]
[2019.09.11-19.54.02:404][  0]LogConfig: Setting CVar [[r.AOQuality:2]]
[2019.09.11-19.54.02:404][  0]LogConfig: Setting CVar [[r.VolumetricFog:1]]
[2019.09.11-19.54.02:404][  0]LogConfig: Setting CVar [[r.VolumetricFog.GridPixelSize:8]]
[2019.09.11-19.54.02:404][  0]LogConfig: Setting CVar [[r.VolumetricFog.GridSizeZ:128]]
[2019.09.11-19.54.02:404][  0]LogConfig: Setting CVar [[r.VolumetricFog.HistoryMissSupersampleCount:4]]
[2019.09.11-19.54.02:404][  0]LogConfig: Setting CVar [[r.LightMaxDrawDistanceScale:1]]
[2019.09.11-19.54.02:404][  0]LogConfig: Setting CVar [[r.CapsuleShadows:1]]
[2019.09.11-19.54.02:405][  0]LogConfig: Applying CVar settings from Section [PostProcessQuality@3] File [D:/Unreal Projects/ExploreAndCollect/Saved/Config/Windows/Scalability.ini]
[2019.09.11-19.54.02:405][  0]LogConfig: Setting CVar [[r.MotionBlurQuality:4]]
[2019.09.11-19.54.02:405][  0]LogConfig: Setting CVar [[r.AmbientOcclusionMipLevelFactor:0.4]]
[2019.09.11-19.54.02:405][  0]LogConfig: Setting CVar [[r.AmbientOcclusionMaxQuality:100]]
[2019.09.11-19.54.02:405][  0]LogConfig: Setting CVar [[r.AmbientOcclusionLevels:-1]]
[2019.09.11-19.54.02:405][  0]LogConfig: Setting CVar [[r.AmbientOcclusionRadiusScale:1.0]]
[2019.09.11-19.54.02:405][  0]LogConfig: Setting CVar [[r.DepthOfFieldQuality:2]]
[2019.09.11-19.54.02:405][  0]LogConfig: Setting CVar [[r.RenderTargetPoolMin:400]]
[2019.09.11-19.54.02:405][  0]LogConfig: Setting CVar [[r.LensFlareQuality:2]]
[2019.09.11-19.54.02:405][  0]LogConfig: Setting CVar [[r.SceneColorFringeQuality:1]]
[2019.09.11-19.54.02:405][  0]LogConfig: Setting CVar [[r.EyeAdaptationQuality:2]]
[2019.09.11-19.54.02:405][  0]LogConfig: Setting CVar [[r.BloomQuality:5]]
[2019.09.11-19.54.02:405][  0]LogConfig: Setting CVar [[r.FastBlurThreshold:100]]
[2019.09.11-19.54.02:405][  0]LogConfig: Setting CVar [[r.Upscale.Quality:3]]
[2019.09.11-19.54.02:405][  0]LogConfig: Setting CVar [[r.Tonemapper.GrainQuantization:1]]
[2019.09.11-19.54.02:405][  0]LogConfig: Setting CVar [[r.LightShaftQuality:1]]
[2019.09.11-19.54.02:406][  0]LogConfig: Setting CVar [[r.Filter.SizeScale:1]]
[2019.09.11-19.54.02:406][  0]LogConfig: Setting CVar [[r.Tonemapper.Quality:5]]
[2019.09.11-19.54.02:406][  0]LogConfig: Setting CVar [[r.DOF.Gather.AccumulatorQuality:1        ; higher gathering accumulator quality]]
[2019.09.11-19.54.02:406][  0]LogConfig: Setting CVar [[r.DOF.Gather.PostfilterMethod:1          ; Median3x3 postfilering method]]
[2019.09.11-19.54.02:406][  0]LogConfig: Setting CVar [[r.DOF.Gather.EnableBokehSettings:0       ; no bokeh simulation when gathering]]
[2019.09.11-19.54.02:406][  0]LogConfig: Setting CVar [[r.DOF.Gather.RingCount:4                 ; medium number of samples when gathering]]
[2019.09.11-19.54.02:406][  0]LogConfig: Setting CVar [[r.DOF.Scatter.ForegroundCompositing:1    ; additive foreground scattering]]
[2019.09.11-19.54.02:406][  0]LogConfig: Setting CVar [[r.DOF.Scatter.BackgroundCompositing:2    ; additive background scattering]]
[2019.09.11-19.54.02:406][  0]LogConfig: Setting CVar [[r.DOF.Scatter.EnableBokehSettings:1      ; bokeh simulation when scattering]]
[2019.09.11-19.54.02:406][  0]LogConfig: Setting CVar [[r.DOF.Scatter.MaxSpriteRatio:0.1         ; only a maximum of 10% of scattered bokeh]]
[2019.09.11-19.54.02:406][  0]LogConfig: Setting CVar [[r.DOF.Recombine.Quality:1                ; cheap slight out of focus]]
[2019.09.11-19.54.02:406][  0]LogConfig: Setting CVar [[r.DOF.Recombine.EnableBokehSettings:0    ; no bokeh simulation on slight out of focus]]
[2019.09.11-19.54.02:406][  0]LogConfig: Setting CVar [[r.DOF.TemporalAAQuality:1                ; more stable temporal accumulation]]
[2019.09.11-19.54.02:406][  0]LogConfig: Setting CVar [[r.DOF.Kernel.MaxForegroundRadius:0.025]]
[2019.09.11-19.54.02:406][  0]LogConfig: Setting CVar [[r.DOF.Kernel.MaxBackgroundRadius:0.025]]
[2019.09.11-19.54.02:407][  0]LogConfig: Applying CVar settings from Section [TextureQuality@3] File [D:/Unreal Projects/ExploreAndCollect/Saved/Config/Windows/Scalability.ini]
[2019.09.11-19.54.02:407][  0]LogConfig: Setting CVar [[r.Streaming.MipBias:0]]
[2019.09.11-19.54.02:407][  0]LogConfig: Setting CVar [[r.Streaming.AmortizeCPUToGPUCopy:0]]
[2019.09.11-19.54.02:407][  0]LogConfig: Setting CVar [[r.Streaming.MaxNumTexturesToStreamPerFrame:0]]
[2019.09.11-19.54.02:407][  0]LogConfig: Setting CVar [[r.Streaming.Boost:1]]
[2019.09.11-19.54.02:407][  0]LogConfig: Setting CVar [[r.MaxAnisotropy:8]]
[2019.09.11-19.54.02:407][  0]LogConfig: Setting CVar [[r.Streaming.LimitPoolSizeToVRAM:0]]
[2019.09.11-19.54.02:407][  0]LogConfig: Setting CVar [[r.Streaming.PoolSize:1000]]
[2019.09.11-19.54.02:407][  0]LogConfig: Setting CVar [[r.Streaming.MaxEffectiveScreenSize:0]]
[2019.09.11-19.54.02:407][  0]LogConfig: Applying CVar settings from Section [EffectsQuality@3] File [D:/Unreal Projects/ExploreAndCollect/Saved/Config/Windows/Scalability.ini]
[2019.09.11-19.54.02:407][  0]LogConfig: Setting CVar [[r.TranslucencyLightingVolumeDim:64]]
[2019.09.11-19.54.02:407][  0]LogConfig: Setting CVar [[r.RefractionQuality:2]]
[2019.09.11-19.54.02:407][  0]LogConfig: Setting CVar [[r.SSR.Quality:3]]
[2019.09.11-19.54.02:407][  0]LogConfig: Setting CVar [[r.SceneColorFormat:4]]
[2019.09.11-19.54.02:407][  0]LogConfig: Setting CVar [[r.DetailMode:2]]
[2019.09.11-19.54.02:408][  0]LogConfig: Setting CVar [[r.TranslucencyVolumeBlur:1]]
[2019.09.11-19.54.02:408][  0]LogConfig: Setting CVar [[r.MaterialQualityLevel:1 ; High quality]]
[2019.09.11-19.54.02:408][  0]LogConfig: Setting CVar [[r.SSS.Scale:1]]
[2019.09.11-19.54.02:408][  0]LogConfig: Setting CVar [[r.SSS.SampleSet:2]]
[2019.09.11-19.54.02:408][  0]LogConfig: Setting CVar [[r.SSS.Quality:1]]
[2019.09.11-19.54.02:408][  0]LogConfig: Setting CVar [[r.SSS.HalfRes:1]]
[2019.09.11-19.54.02:408][  0]LogConfig: Setting CVar [[r.EmitterSpawnRateScale:1.0]]
[2019.09.11-19.54.02:408][  0]LogConfig: Setting CVar [[r.ParticleLightQuality:2]]
[2019.09.11-19.54.02:408][  0]LogConfig: Applying CVar settings from Section [FoliageQuality@3] File [D:/Unreal Projects/ExploreAndCollect/Saved/Config/Windows/Scalability.ini]
[2019.09.11-19.54.02:408][  0]LogConfig: Setting CVar [[foliage.DensityScale:1.0]]
[2019.09.11-19.54.02:408][  0]LogConfig: Setting CVar [[grass.DensityScale:1.0]]
[2019.09.11-19.54.02:408][  0]LogConfig: Applying CVar settings from Section [Startup] File [../../../Engine/Config/ConsoleVariables.ini]
[2019.09.11-19.54.02:409][  0]LogConfig: Setting CVar [[net.UseAdaptiveNetUpdateFrequency:0]]
[2019.09.11-19.54.02:409][  0]LogConfig: Setting CVar [[p.chaos.AllowCreatePhysxBodies:1]]
[2019.09.11-19.54.02:409][  0]LogConfig: Applying CVar settings from Section [ConsoleVariables] File [D:/Unreal Projects/ExploreAndCollect/Saved/Config/Windows/Engine.ini]
[2019.09.11-19.54.02:409][  0]LogInit: Computer: DESKTOP-5O8QQ8M
[2019.09.11-19.54.02:409][  0]LogInit: User: willi
[2019.09.11-19.54.02:409][  0]LogInit: CPU Page size=4096, Cores=4
[2019.09.11-19.54.02:410][  0]LogInit: High frequency timer resolution =10.000000 MHz
[2019.09.11-19.54.02:410][  0]LogMemory: Memory total: Physical=15.9GB (16GB approx)
[2019.09.11-19.54.02:410][  0]LogMemory: Platform Memory Stats for Windows
[2019.09.11-19.54.02:410][  0]LogMemory: Process Physical Memory: 98.93 MB used, 98.93 MB peak
[2019.09.11-19.54.02:410][  0]LogMemory: Process Virtual Memory: 89.21 MB used, 89.21 MB peak
[2019.09.11-19.54.02:410][  0]LogMemory: Physical Memory: 9344.31 MB used,  6912.71 MB free, 16257.03 MB total
[2019.09.11-19.54.02:410][  0]LogMemory: Virtual Memory: 4643.11 MB used,  134213088.00 MB free, 134217728.00 MB total
[2019.09.11-19.54.03:352][  0]LogInit: Using OS detected language (en-US).
[2019.09.11-19.54.03:352][  0]LogInit: Using OS detected locale (en-CA).
[2019.09.11-19.54.03:355][  0]LogTextLocalizationManager: No specific localization for 'en-US' exists, so the 'en' localization will be used.
[2019.09.11-19.54.03:872][  0]LogInit: Setting process to per monitor DPI aware
[2019.09.11-19.54.04:670][  0]LogSlate: New Slate User Created.  User Index 0, Is Virtual User: 0
[2019.09.11-19.54.04:670][  0]LogSlate: Slate User Registered.  User Index 0, Is Virtual User: 0
[2019.09.11-19.54.05:501][  0]LogHMD: Failed to initialize OpenVR with code 110
[2019.09.11-19.54.05:501][  0]LogD3D11RHI: D3D11 adapters:
[2019.09.11-19.54.05:597][  0]LogD3D11RHI:    0. 'NVIDIA GeForce GTX 1070' (Feature Level 11_0)
[2019.09.11-19.54.05:597][  0]LogD3D11RHI:       8081/0/8128 MB DedicatedVideo/DedicatedSystem/SharedSystem, Outputs:1, VendorId:0x10de
[2019.09.11-19.54.05:661][  0]LogD3D11RHI:    1. 'Intel(R) HD Graphics 630' (Feature Level 11_0)
[2019.09.11-19.54.05:661][  0]LogD3D11RHI:       128/0/8128 MB DedicatedVideo/DedicatedSystem/SharedSystem, Outputs:0, VendorId:0x8086
[2019.09.11-19.54.05:677][  0]LogD3D11RHI:    2. 'Microsoft Basic Render Driver' (Feature Level 11_0)
[2019.09.11-19.54.05:677][  0]LogD3D11RHI:       0/0/8128 MB DedicatedVideo/DedicatedSystem/SharedSystem, Outputs:0, VendorId:0x1414
[2019.09.11-19.54.05:677][  0]LogD3D11RHI: Chosen D3D11 Adapter: 0
[2019.09.11-19.54.05:686][  0]LogD3D11RHI: Creating new Direct3DDevice
[2019.09.11-19.54.05:686][  0]LogD3D11RHI:     GPU DeviceId: 0x1be1 (for the marketing name, search the web for "GPU Device Id")
[2019.09.11-19.54.05:687][  0]LogWindows: EnumDisplayDevices:
[2019.09.11-19.54.05:687][  0]LogWindows:    0. 'NVIDIA GeForce GTX 1070' (P:1 D:1)
[2019.09.11-19.54.05:688][  0]LogWindows:    1. 'NVIDIA GeForce GTX 1070' (P:0 D:0)
[2019.09.11-19.54.05:688][  0]LogWindows:    2. 'NVIDIA GeForce GTX 1070' (P:0 D:0)
[2019.09.11-19.54.05:689][  0]LogWindows:    3. 'NVIDIA GeForce GTX 1070' (P:0 D:0)
[2019.09.11-19.54.05:690][  0]LogWindows:    4. 'Intel(R) HD Graphics 630' (P:0 D:0)
[2019.09.11-19.54.05:691][  0]LogWindows:    5. 'Intel(R) HD Graphics 630' (P:0 D:0)
[2019.09.11-19.54.05:691][  0]LogWindows:    6. 'Intel(R) HD Graphics 630' (P:0 D:0)
[2019.09.11-19.54.05:692][  0]LogWindows: DebugString: PrimaryIsNotTheChoosenAdapter PrimaryIsNotTheChoosenAdapter PrimaryIsNotTheChoosenAdapter FoundDriverCount:4 
[2019.09.11-19.54.05:692][  0]LogD3D11RHI:     Adapter Name: NVIDIA GeForce GTX 1070
[2019.09.11-19.54.05:692][  0]LogD3D11RHI:   Driver Version: 417.71 (internal:25.21.14.1771, unified:417.71)
[2019.09.11-19.54.05:692][  0]LogD3D11RHI:      Driver Date: 1-11-2019
[2019.09.11-19.54.05:692][  0]LogRHI: Texture pool is 5656 MB (70% of 8081 MB)
[2019.09.11-19.54.05:746][  0]LogD3D11RHI: Async texture creation enabled
[2019.09.11-19.54.05:750][  0]LogRendererCore: FGlobalReadBuffer::InitRHI
[2019.09.11-19.54.05:751][  0]LogRendererCore: FGlobalReadBuffer::InitRHI
[2019.09.11-19.54.05:751][  0]LogRendererCore: FGlobalReadBuffer::InitRHI
[2019.09.11-19.54.05:766][  0]LogD3D11RHI: GPU Timing Frequency: 1000.000000 (Debug: 2 2)
[2019.09.11-19.54.06:325][  0]LogTemp: Display: Module 'AllDesktopTargetPlatform' loaded TargetPlatform 'AllDesktop'
[2019.09.11-19.54.06:353][  0]LogTemp: Display: Module 'MacClientTargetPlatform' loaded TargetPlatform 'MacClient'
[2019.09.11-19.54.06:386][  0]LogTemp: Display: Module 'MacNoEditorTargetPlatform' loaded TargetPlatform 'MacNoEditor'
[2019.09.11-19.54.06:416][  0]LogTemp: Display: Module 'MacServerTargetPlatform' loaded TargetPlatform 'MacServer'
[2019.09.11-19.54.06:478][  0]LogTemp: Display: Module 'MacTargetPlatform' loaded TargetPlatform 'Mac'
[2019.09.11-19.54.06:513][  0]LogTemp: Display: Module 'WindowsClientTargetPlatform' loaded TargetPlatform 'WindowsClient'
[2019.09.11-19.54.06:601][  0]LogTemp: Display: Module 'WindowsNoEditorTargetPlatform' loaded TargetPlatform 'WindowsNoEditor'
[2019.09.11-19.54.06:661][  0]LogTemp: Display: Module 'WindowsServerTargetPlatform' loaded TargetPlatform 'WindowsServer'
[2019.09.11-19.54.06:712][  0]LogTemp: Display: Module 'WindowsTargetPlatform' loaded TargetPlatform 'Windows'
[2019.09.11-19.54.06:850][  0]LogTemp: Display: Module 'AndroidTargetPlatform' loaded TargetPlatform 'Android'
[2019.09.11-19.54.06:850][  0]LogTemp: Display: Module 'AndroidTargetPlatform' loaded TargetPlatform 'Android_ASTC'
[2019.09.11-19.54.06:850][  0]LogTemp: Display: Module 'AndroidTargetPlatform' loaded TargetPlatform 'Android_ATC'
[2019.09.11-19.54.06:850][  0]LogTemp: Display: Module 'AndroidTargetPlatform' loaded TargetPlatform 'Android_DXT'
[2019.09.11-19.54.06:850][  0]LogTemp: Display: Module 'AndroidTargetPlatform' loaded TargetPlatform 'Android_ETC1'
[2019.09.11-19.54.06:850][  0]LogTemp: Display: Module 'AndroidTargetPlatform' loaded TargetPlatform 'Android_ETC1a'
[2019.09.11-19.54.06:850][  0]LogTemp: Display: Module 'AndroidTargetPlatform' loaded TargetPlatform 'Android_ETC2'
[2019.09.11-19.54.06:850][  0]LogTemp: Display: Module 'AndroidTargetPlatform' loaded TargetPlatform 'Android_PVRTC'
[2019.09.11-19.54.06:851][  0]LogTemp: Display: Module 'AndroidTargetPlatform' loaded TargetPlatform 'AndroidClient'
[2019.09.11-19.54.06:851][  0]LogTemp: Display: Module 'AndroidTargetPlatform' loaded TargetPlatform 'Android_ASTCClient'
[2019.09.11-19.54.06:851][  0]LogTemp: Display: Module 'AndroidTargetPlatform' loaded TargetPlatform 'Android_ATCClient'
[2019.09.11-19.54.06:851][  0]LogTemp: Display: Module 'AndroidTargetPlatform' loaded TargetPlatform 'Android_DXTClient'
[2019.09.11-19.54.06:851][  0]LogTemp: Display: Module 'AndroidTargetPlatform' loaded TargetPlatform 'Android_ETC1Client'
[2019.09.11-19.54.06:851][  0]LogTemp: Display: Module 'AndroidTargetPlatform' loaded TargetPlatform 'Android_ETC1aClient'
[2019.09.11-19.54.06:851][  0]LogTemp: Display: Module 'AndroidTargetPlatform' loaded TargetPlatform 'Android_ETC2Client'
[2019.09.11-19.54.06:851][  0]LogTemp: Display: Module 'AndroidTargetPlatform' loaded TargetPlatform 'Android_PVRTCClient'
[2019.09.11-19.54.06:851][  0]LogTemp: Display: Module 'AndroidTargetPlatform' loaded TargetPlatform 'Android_Multi'
[2019.09.11-19.54.06:851][  0]LogTemp: Display: Module 'AndroidTargetPlatform' loaded TargetPlatform 'Android_MultiClient'
[2019.09.11-19.54.06:870][  0]LogTemp: Display: Module 'HTML5TargetPlatform' loaded TargetPlatform 'HTML5'
[2019.09.11-19.54.06:985][  0]LogTemp: Display: Module 'IOSTargetPlatform' loaded TargetPlatform 'IOSClient'
[2019.09.11-19.54.06:985][  0]LogTemp: Display: Module 'IOSTargetPlatform' loaded TargetPlatform 'IOS'
[2019.09.11-19.54.07:050][  0]LogTemp: Display: Module 'TVOSTargetPlatform' loaded TargetPlatform 'TVOSClient'
[2019.09.11-19.54.07:051][  0]LogTemp: Display: Module 'TVOSTargetPlatform' loaded TargetPlatform 'TVOS'
[2019.09.11-19.54.07:118][  0]LogTemp: Display: Module 'LinuxClientTargetPlatform' loaded TargetPlatform 'LinuxClient'
[2019.09.11-19.54.07:147][  0]LogTemp: Display: Module 'LinuxNoEditorTargetPlatform' loaded TargetPlatform 'LinuxNoEditor'
[2019.09.11-19.54.07:176][  0]LogTemp: Display: Module 'LinuxServerTargetPlatform' loaded TargetPlatform 'LinuxServer'
[2019.09.11-19.54.07:216][  0]LogTemp: Display: Module 'LinuxTargetPlatform' loaded TargetPlatform 'Linux'
[2019.09.11-19.54.07:291][  0]LogTemp: Display: Module 'LuminTargetPlatform' loaded TargetPlatform 'Lumin'
[2019.09.11-19.54.07:291][  0]LogTemp: Display: Module 'LuminTargetPlatform' loaded TargetPlatform 'LuminClient'
[2019.09.11-19.54.07:291][  0]LogTargetPlatformManager: Display: Building Assets For Windows
[2019.09.11-19.54.07:456][  0]LogAudioDebug: Display: Lib vorbis DLL was dynamically loaded.
[2019.09.11-19.54.08:036][  0]LogShaderCompilers: Guid format shader working directory is 0 characters bigger than the processId version (../../../../Unreal Projects/ExploreAndCollect/Intermediate/Shaders/WorkingDirectory/21344/).
[2019.09.11-19.54.08:036][  0]LogShaderCompilers: Cleaned the shader compiler working directory 'C:/Users/willi/AppData/Local/Temp/UnrealShaderWorkingDir/803967AE4CC6F3D7BA9E87ACCC921B81/'.
[2019.09.11-19.54.08:052][  0]LogXGEController: Cleaning working directory: C:/Users/willi/AppData/Local/Temp/UnrealXGEWorkingDir/
[2019.09.11-19.54.08:053][  0]LogXGEController: Cannot use XGE Controller as Incredibuild is not installed on this machine.
[2019.09.11-19.54.08:053][  0]LogShaderCompilers: Cannot use XGE Shader Compiler as Incredibuild is not installed on this machine.
[2019.09.11-19.54.08:053][  0]LogShaderCompilers: Display: Using Local Shader Compiler.
[2019.09.11-19.54.11:030][  0]LogDerivedDataCache: Display: Max Cache Size: 512 MB
[2019.09.11-19.54.11:321][  0]LogDerivedDataCache: Loaded boot cache 0.29s 78MB C:/Users/willi/AppData/Local/UnrealEngine/4.22/DerivedDataCache/Boot.ddc.
[2019.09.11-19.54.11:321][  0]LogDerivedDataCache: Display: Loaded Boot cache: C:/Users/willi/AppData/Local/UnrealEngine/4.22/DerivedDataCache/Boot.ddc
[2019.09.11-19.54.11:322][  0]LogDerivedDataCache: FDerivedDataBackendGraph:  Pak pak cache file ../../../../Unreal Projects/ExploreAndCollect/DerivedDataCache/DDC.ddp not found, will not use a pak cache.
[2019.09.11-19.54.11:322][  0]LogDerivedDataCache: Unable to find inner node Pak for hierarchical cache Hierarchy.
[2019.09.11-19.54.11:322][  0]LogDerivedDataCache: FDerivedDataBackendGraph:  CompressedPak pak cache file ../../../../Unreal Projects/ExploreAndCollect/DerivedDataCache/Compressed.ddp not found, will not use a pak cache.
[2019.09.11-19.54.11:322][  0]LogDerivedDataCache: Unable to find inner node CompressedPak for hierarchical cache Hierarchy.
[2019.09.11-19.54.11:336][  0]LogDerivedDataCache: Display: Pak cache opened for reading ../../../Engine/DerivedDataCache/Compressed.ddp.
[2019.09.11-19.54.11:337][  0]LogDerivedDataCache: FDerivedDataBackendGraph:  EnterprisePak pak cache file ../../../Enterprise/DerivedDataCache/Compressed.ddp not found, will not use a pak cache.
[2019.09.11-19.54.11:337][  0]LogDerivedDataCache: Unable to find inner node EnterprisePak for hierarchical cache Hierarchy.
[2019.09.11-19.54.11:351][  0]LogDerivedDataCache: Using Local data cache path C:/Users/willi/AppData/Local/UnrealEngine/Common/DerivedDataCache: Writable
[2019.09.11-19.54.11:351][  0]LogDerivedDataCache: Shared data cache path not found in *engine.ini, will not use an Shared cache.
[2019.09.11-19.54.11:352][  0]LogDerivedDataCache: Unable to find inner node Shared for hierarchical cache Hierarchy.
[2019.09.11-19.54.11:376][  0]LogMaterial: Verifying Global Shaders for PCD3D_SM5
[2019.09.11-19.54.11:377][  0]LogSlate: Using FreeType 2.6.0
[2019.09.11-19.54.11:400][  0]LogSlate: SlateFontServices - WITH_FREETYPE: 1, WITH_HARFBUZZ: 1
[2019.09.11-19.54.12:288][  0]LogAssetRegistry: FAssetRegistry took 0.0389 seconds to start up
[2019.09.11-19.54.12:916][  0]LogInit: Selected Device Profile: [Windows]
[2019.09.11-19.54.13:384][  0]LogMeshReduction: Using QuadricMeshReduction for automatic static mesh reduction
[2019.09.11-19.54.13:384][  0]LogMeshReduction: Using SimplygonMeshReduction for automatic skeletal mesh reduction
[2019.09.11-19.54.13:384][  0]LogMeshReduction: Using ProxyLODMeshReduction for automatic mesh merging
[2019.09.11-19.54.13:384][  0]LogMeshReduction: No distributed automatic mesh merging module available
[2019.09.11-19.54.13:385][  0]LogMeshMerging: No distributed automatic mesh merging module available
[2019.09.11-19.54.13:475][  0]LogNetVersion: ExploreAndCollect 1.0.0, NetCL: 5660361, EngineNetVer: 10, GameNetVer: 0 (Checksum: 882930883)
[2019.09.11-19.54.14:129][  0]LogPackageLocalizationCache: Processed 10 localized package path(s) for 1 prioritized culture(s) in 0.082163 seconds
[2019.09.11-19.54.14:135][  0]LogUObjectArray: 42205 objects as part of root set at end of initial load.
[2019.09.11-19.54.14:136][  0]LogUObjectAllocator: 7325032 out of 0 bytes used by permanent object pool.
[2019.09.11-19.54.14:136][  0]LogUObjectArray: CloseDisregardForGC: 0/0 objects in disregard for GC pool
[2019.09.11-19.54.27:979][  0]LogTcpMessaging: Initializing TcpMessaging bridge
[2019.09.11-19.54.28:084][  0]LogUdpMessaging: Initializing bridge on interface 0.0.0.0:0 to multicast group 230.0.0.1:6666.
[2019.09.11-19.54.29:867][  0]SourceControl: Source control is disabled
[2019.09.11-19.54.29:868][  0]SourceControl: Source control is disabled
[2019.09.11-19.54.29:894][  0]SourceControl: Source control is disabled
[2019.09.11-19.54.29:914][  0]SourceControl: Source control is disabled
[2019.09.11-19.54.30:662][  0]LogAndroidPermission: UAndroidPermissionCallbackProxy::GetInstance
[2019.09.11-19.54.31:076][  0]LogOcInput: OculusInput pre-init called
[2019.09.11-19.54.32:449][  0]LogClass: Warning: ObjectProperty FInventoryItem::Thumbnail is not initialized properly
[2019.09.11-19.54.32:449][  0]LogClass: Warning: BoolProperty FInventoryItem::bCanBeUsed is not initialized properly
[2019.09.11-19.54.32:449][  0]LogClass: Display: 2 Uninitialized script stuct members found
[2019.09.11-19.54.32:450][  0]LogAutomationTest: Warning: ObjectProperty FInventoryItem::Thumbnail is not initialized properly
[2019.09.11-19.54.32:450][  0]LogAutomationTest: Warning: BoolProperty FInventoryItem::bCanBeUsed is not initialized properly
[2019.09.11-19.54.32:452][  0]LogEngine: Initializing Engine...
[2019.09.11-19.54.32:453][  0]LogHMD: Failed to initialize OpenVR with code 110
[2019.09.11-19.54.32:454][  0]LogStats: UGameplayTagsManager::InitializeManager -  0.000 s
[2019.09.11-19.54.32:698][  0]LogInit: Initializing FReadOnlyCVARCache
[2019.09.11-19.54.32:834][  0]LogAIModule: Creating AISystem for world Untitled
[2019.09.11-19.54.32:857][  0]LogInit: XAudio2 using 'Speakers / Headphones (Realtek Audio)' : 6 channels at 48 kHz using 32 bits per sample (channel mask 0x3f)
[2019.09.11-19.54.32:887][  0]LogInit: FAudioDevice initialized.
[2019.09.11-19.54.32:888][  0]LogNetVersion: Set ProjectVersion to 1.0.0.0. Version Checksum will be recalculated on next use.
[2019.09.11-19.54.33:086][  0]LogDerivedDataCache: Saved boot cache 0.20s 78MB C:/Users/willi/AppData/Local/UnrealEngine/4.22/DerivedDataCache/Boot.ddc.
[2019.09.11-19.54.33:093][  0]LogInit: Texture streaming: Enabled
[2019.09.11-19.54.33:190][  0]LogEngineSessionManager: EngineSessionManager initialized
[2019.09.11-19.54.33:340][  0]LogInit: Transaction tracking system initialized
[2019.09.11-19.54.33:648][  0]BlueprintLog: New page: Editor Load
[2019.09.11-19.54.34:295][  0]LocalizationService: Localization service is disabled
[2019.09.11-19.54.35:221][  0]LogFileCache: Scanning file cache for directory 'D:/Unreal Projects/ExploreAndCollect/Content/' took 0.03s
[2019.09.11-19.54.35:221][  0]LogCook: Display: Max memory allowance for cook 16384mb min free memory 0mb
[2019.09.11-19.54.35:221][  0]LogCook: Display: Mobile HDR setting 1
[2019.09.11-19.54.36:434][  0]SourceControl: Source control is disabled
[2019.09.11-19.54.36:435][  0]Cmd: MAP LOAD FILE="../../../../Unreal Projects/ExploreAndCollect/Content/FirstPersonCPP/Maps/FirstPersonExampleMap.umap" TEMPLATE=0 SHOWPROGRESS=1 FEATURELEVEL=3
[2019.09.11-19.54.36:436][  0]LightingResults: New page: Lighting Build
[2019.09.11-19.54.36:458][  0]MapCheck: New page: Map Check
[2019.09.11-19.54.36:458][  0]LightingResults: New page: Lighting Build
[2019.09.11-19.54.36:488][  0]LogUObjectHash: Compacting FUObjectHashTables data took   1.90ms
[2019.09.11-19.54.36:940][  0]LogAIModule: Creating AISystem for world FirstPersonExampleMap
[2019.09.11-19.54.36:945][  0]LogActorComponent: RegisterComponentWithWorld: (/Game/FirstPersonCPP/Maps/FirstPersonExampleMap.FirstPersonExampleMap:PersistentLevel.MissionManager_1.SphereComponent) Trying to register component with IsPendingKill() == true. Aborting.
[2019.09.11-19.54.36:948][  0]LogEditorServer: Finished looking for orphan Actors (0.000 secs)
[2019.09.11-19.54.36:982][  0]LogUObjectHash: Compacting FUObjectHashTables data took   2.06ms
[2019.09.11-19.54.36:982][  0]Cmd: MAP CHECKDEP NOCLEARLOG
[2019.09.11-19.54.36:983][  0]MapCheck: Map check complete: 0 Error(s), 0 Warning(s), took 0.452ms to complete.
[2019.09.11-19.54.36:983][  0]LogFileHelpers: Loading map 'FirstPersonExampleMap' took 0.548
[2019.09.11-19.54.37:174][  0]LogSlate: Updating window title bar state: overlay mode, drag disabled, window buttons hidden, title bar hidden
[2019.09.11-19.54.37:186][  0]LogSlate: Updating window title bar state: overlay mode, drag disabled, window buttons hidden, title bar hidden
[2019.09.11-19.54.37:196][  0]LogSlate: Updating window title bar state: overlay mode, drag disabled, window buttons hidden, title bar hidden
[2019.09.11-19.54.37:206][  0]LogSlate: Updating window title bar state: overlay mode, drag disabled, window buttons hidden, title bar hidden
[2019.09.11-19.54.37:229][  0]LogCollectionManager: Loaded 0 collections in 0.002949 seconds
[2019.09.11-19.54.37:295][  0]LogFileCache: Scanning file cache for directory 'D:/Unreal Projects/ExploreAndCollect/Saved/Collections/' took 0.01s
[2019.09.11-19.54.37:296][  0]LogFileCache: Scanning file cache for directory 'D:/Unreal Projects/ExploreAndCollect/Content/Developers/willi/Collections/' took 0.01s
[2019.09.11-19.54.37:296][  0]LogFileCache: Scanning file cache for directory 'D:/Unreal Projects/ExploreAndCollect/Content/Collections/' took 0.01s
[2019.09.11-19.54.37:296][  0]LogCollectionManager: Rebuilt the GUID cache for 0 collections in 0.000000 seconds
[2019.09.11-19.54.37:307][  0]LogContentBrowser: Native class hierarchy populated in 0.0103 seconds. Added 2742 classes and 662 folders.
[2019.09.11-19.54.37:373][  0]LogContentBrowser: Native class hierarchy updated for 'WidgetCarousel' in 0.0009 seconds. Added 0 classes and 0 folders.
[2019.09.11-19.54.37:395][  0]LogPakFile: Registered encryption key '00000000000000000000000000000000': 0 pak files mounted, 0 remain pending
[2019.09.11-19.54.37:409][  0]LogPakFile: Registered encryption key '00000000000000000000000000000000': 0 pak files mounted, 0 remain pending
[2019.09.11-19.54.37:413][  0]LogPakFile: Registered encryption key '00000000000000000000000000000000': 0 pak files mounted, 0 remain pending
[2019.09.11-19.54.37:415][  0]LogPakFile: Registered encryption key '00000000000000000000000000000000': 0 pak files mounted, 0 remain pending
[2019.09.11-19.54.37:417][  0]LogPakFile: Registered encryption key '00000000000000000000000000000000': 0 pak files mounted, 0 remain pending
[2019.09.11-19.54.37:420][  0]LogPakFile: Registered encryption key '00000000000000000000000000000000': 0 pak files mounted, 0 remain pending
[2019.09.11-19.54.37:422][  0]LogPakFile: Registered encryption key '00000000000000000000000000000000': 0 pak files mounted, 0 remain pending
[2019.09.11-19.54.37:425][  0]LogPakFile: Registered encryption key '00000000000000000000000000000000': 0 pak files mounted, 0 remain pending
[2019.09.11-19.54.37:428][  0]LogPakFile: Registered encryption key '00000000000000000000000000000000': 0 pak files mounted, 0 remain pending
[2019.09.11-19.54.37:430][  0]LogPakFile: Registered encryption key '00000000000000000000000000000000': 0 pak files mounted, 0 remain pending
[2019.09.11-19.54.37:433][  0]LogPakFile: Registered encryption key '00000000000000000000000000000000': 0 pak files mounted, 0 remain pending
[2019.09.11-19.54.37:436][  0]LogPakFile: Registered encryption key '00000000000000000000000000000000': 0 pak files mounted, 0 remain pending
[2019.09.11-19.54.37:438][  0]LogPakFile: Registered encryption key '00000000000000000000000000000000': 0 pak files mounted, 0 remain pending
[2019.09.11-19.54.37:440][  0]LogPakFile: Registered encryption key '00000000000000000000000000000000': 0 pak files mounted, 0 remain pending
[2019.09.11-19.54.37:443][  0]LogPakFile: Registered encryption key '00000000000000000000000000000000': 0 pak files mounted, 0 remain pending
[2019.09.11-19.54.37:445][  0]LogPakFile: Registered encryption key '00000000000000000000000000000000': 0 pak files mounted, 0 remain pending
[2019.09.11-19.54.37:447][  0]LogPakFile: Registered encryption key '00000000000000000000000000000000': 0 pak files mounted, 0 remain pending
[2019.09.11-19.54.37:449][  0]LogPakFile: Registered encryption key '00000000000000000000000000000000': 0 pak files mounted, 0 remain pending
[2019.09.11-19.54.37:451][  0]LogPakFile: Registered encryption key '00000000000000000000000000000000': 0 pak files mounted, 0 remain pending
[2019.09.11-19.54.37:453][  0]LogPakFile: Registered encryption key '00000000000000000000000000000000': 0 pak files mounted, 0 remain pending
[2019.09.11-19.54.37:455][  0]LogPakFile: Registered encryption key '00000000000000000000000000000000': 0 pak files mounted, 0 remain pending
[2019.09.11-19.54.37:457][  0]LogPakFile: Registered encryption key '00000000000000000000000000000000': 0 pak files mounted, 0 remain pending
[2019.09.11-19.54.37:459][  0]LogPakFile: Registered encryption key '00000000000000000000000000000000': 0 pak files mounted, 0 remain pending
[2019.09.11-19.54.37:462][  0]LogPakFile: Registered encryption key '00000000000000000000000000000000': 0 pak files mounted, 0 remain pending
[2019.09.11-19.54.37:464][  0]LogPakFile: Registered encryption key '00000000000000000000000000000000': 0 pak files mounted, 0 remain pending
[2019.09.11-19.54.37:466][  0]LogPakFile: Registered encryption key '00000000000000000000000000000000': 0 pak files mounted, 0 remain pending
[2019.09.11-19.54.38:220][  0]LogContentBrowser: Native class hierarchy updated for 'AddContentDialog' in 0.0007 seconds. Added 0 classes and 0 folders.
[2019.09.11-19.54.38:247][  0]LogContentBrowser: Native class hierarchy updated for 'SceneOutliner' in 0.0007 seconds. Added 1 classes and 2 folders.
[2019.09.11-19.54.38:388][  0]LogSlate: Took 0.012860 seconds to synchronously load lazily loaded font '../../../Engine/Content/Slate/Fonts/Roboto-Regular.ttf' (155K)
[2019.09.11-19.54.38:390][  0]LogSlate: Took 0.001092 seconds to synchronously load lazily loaded font '../../../Engine/Content/Slate/Fonts/Roboto-Bold.ttf' (160K)
[2019.09.11-19.54.38:408][  0]LogSlate: Took 0.012321 seconds to synchronously load lazily loaded font '../../../Engine/Content/Editor/Slate/Fonts/FontAwesome.ttf' (139K)
[2019.09.11-19.54.38:494][  0]LogRenderer: Reallocating scene render targets to support 884x476 Format 10 NumSamples 1 (Frame:1).
[2019.09.11-19.54.38:667][  0]LogContentBrowser: Native class hierarchy updated for 'HierarchicalLODOutliner' in 0.0011 seconds. Added 0 classes and 0 folders.
[2019.09.11-19.54.38:668][  0]LogLoad: (Engine Initialization) Total time: 42.63 seconds
[2019.09.11-19.54.38:668][  0]LogLoad: (Engine Initialization) Total Blueprint compile time: 0.00 seconds
[2019.09.11-19.54.38:716][  0]LogAssetRegistry: Asset discovery search completed in 26.4525 seconds
[2019.09.11-19.54.38:720][  0]LogCollectionManager: Rebuilt the object cache for 0 collections in 0.000000 seconds (found 0 objects)
[2019.09.11-19.54.38:720][  0]LogCollectionManager: Fixed up redirectors for 0 collections in 0.000175 seconds (updated 0 objects)
[2019.09.11-19.54.38:722][  0]LogContentStreaming: Texture pool size now 1000 MB
[2019.09.11-19.54.42:268][206]LogSlate: FSceneViewport::OnFocusLost() reason 0
[2019.09.11-19.54.42:367][212]LogTemp: Repeating last play command: Selected Viewport
[2019.09.11-19.54.42:376][212]LogBlueprintUserMessages: Early PlayInEditor Detection: Level '/Game/FirstPersonCPP/Maps/FirstPersonExampleMap.FirstPersonExampleMap:PersistentLevel' has LevelScriptBlueprint '/Game/FirstPersonCPP/Maps/FirstPersonExampleMap.FirstPersonExampleMap:PersistentLevel.FirstPersonExampleMap' with GeneratedClass '/Game/FirstPersonCPP/Maps/FirstPersonExampleMap.FirstPersonExampleMap_C' with ClassGeneratedBy '/Game/FirstPersonCPP/Maps/FirstPersonExampleMap.FirstPersonExampleMap:PersistentLevel.FirstPersonExampleMap'
[2019.09.11-19.54.42:377][212]LogPlayLevel: PlayLevel: No blueprints needed recompiling
[2019.09.11-19.54.42:426][212]PIE: New page: PIE session: FirstPersonExampleMap (Sep 11, 2019, 11:54:42 AM)
[2019.09.11-19.54.42:441][212]LogPlayLevel: Creating play world package: /Game/FirstPersonCPP/Maps/UEDPIE_0_FirstPersonExampleMap
[2019.09.11-19.54.42:459][212]LogPlayLevel: PIE: StaticDuplicateObject took: (0.016812s)
[2019.09.11-19.54.42:459][212]LogAIModule: Creating AISystem for world FirstPersonExampleMap
[2019.09.11-19.54.42:460][212]LogPlayLevel: PIE: World Init took: (0.001150s)
[2019.09.11-19.54.42:460][212]LogPlayLevel: PIE: Created PIE world by copying editor world from /Game/FirstPersonCPP/Maps/FirstPersonExampleMap.FirstPersonExampleMap to /Game/FirstPersonCPP/Maps/UEDPIE_0_FirstPersonExampleMap.FirstPersonExampleMap (0.019221s)
[2019.09.11-19.54.42:487][212]LogUObjectHash: Compacting FUObjectHashTables data took   1.23ms
[2019.09.11-19.54.42:499][212]LogInit: XAudio2 using 'Speakers / Headphones (Realtek Audio)' : 6 channels at 48 kHz using 32 bits per sample (channel mask 0x3f)
[2019.09.11-19.54.42:510][212]LogInit: FAudioDevice initialized.
[2019.09.11-19.54.42:913][212]LogLoad: Game class is 'BP_GameplayGamemode_C'
[2019.09.11-19.54.42:931][212]LogWorld: Bringing World /Game/FirstPersonCPP/Maps/UEDPIE_0_FirstPersonExampleMap.FirstPersonExampleMap up for play (max tick rate 60) at 2019.09.11-15.54.42
[2019.09.11-19.54.42:932][212]LogWorld: Bringing up level for play took: 0.002010
[2019.09.11-19.54.42:967][212]LogContentBrowser: Native class hierarchy updated for 'MovieSceneCapture' in 0.0013 seconds. Added 20 classes and 0 folders.
[2019.09.11-19.54.42:968][212]PIE: Play in editor start time for /Game/FirstPersonCPP/Maps/UEDPIE_0_FirstPersonExampleMap -0.03
[2019.09.11-19.54.42:969][212]LogBlueprintUserMessages: Late PlayInEditor Detection: Level '/Game/FirstPersonCPP/Maps/FirstPersonExampleMap.FirstPersonExampleMap:PersistentLevel' has LevelScriptBlueprint '/Game/FirstPersonCPP/Maps/FirstPersonExampleMap.FirstPersonExampleMap:PersistentLevel.FirstPersonExampleMap' with GeneratedClass '/Game/FirstPersonCPP/Maps/FirstPersonExampleMap.FirstPersonExampleMap_C' with ClassGeneratedBy '/Game/FirstPersonCPP/Maps/FirstPersonExampleMap.FirstPersonExampleMap:PersistentLevel.FirstPersonExampleMap'
[2019.09.11-19.54.42:976][212]LogScript: Warning: Accessed None trying to read property CurrentInteractable
	WB_InGame_C /Engine/Transient.UnrealEdEngine_0:GameInstance_0.WB_InGame_C_0
	Function /Game/UI/WB_InGame.WB_InGame_C:GetPickupText:00A5
[2019.09.11-19.54.43:019][213]LogScript: Warning: Accessed None trying to read property CurrentInteractable
	WB_InGame_C /Engine/Transient.UnrealEdEngine_0:GameInstance_0.WB_InGame_C_0
	Function /Game/UI/WB_InGame.WB_InGame_C:GetPickupText:00A5
[2019.09.11-19.54.43:028][214]LogScript: Warning: Accessed None trying to read property CurrentInteractable
	WB_InGame_C /Engine/Transient.UnrealEdEngine_0:GameInstance_0.WB_InGame_C_0
	Function /Game/UI/WB_InGame.WB_InGame_C:GetPickupText:00A5
[2019.09.11-19.54.43:044][215]LogScript: Warning: Accessed None trying to read property CurrentInteractable
	WB_InGame_C /Engine/Transient.UnrealEdEngine_0:GameInstance_0.WB_InGame_C_0
	Function /Game/UI/WB_InGame.WB_InGame_C:GetPickupText:00A5
[2019.09.11-19.54.43:060][216]LogScript: Warning: Accessed None trying to read property CurrentInteractable
	WB_InGame_C /Engine/Transient.UnrealEdEngine_0:GameInstance_0.WB_InGame_C_0
	Function /Game/UI/WB_InGame.WB_InGame_C:GetPickupText:00A5
[2019.09.11-19.54.43:077][217]LogScript: Warning: Accessed None trying to read property CurrentInteractable
	WB_InGame_C /Engine/Transient.UnrealEdEngine_0:GameInstance_0.WB_InGame_C_0
	Function /Game/UI/WB_InGame.WB_InGame_C:GetPickupText:00A5
[2019.09.11-19.54.43:094][218]LogScript: Warning: Accessed None trying to read property CurrentInteractable
	WB_InGame_C /Engine/Transient.UnrealEdEngine_0:GameInstance_0.WB_InGame_C_0
	Function /Game/UI/WB_InGame.WB_InGame_C:GetPickupText:00A5
[2019.09.11-19.54.43:111][219]LogScript: Warning: Accessed None trying to read property CurrentInteractable
	WB_InGame_C /Engine/Transient.UnrealEdEngine_0:GameInstance_0.WB_InGame_C_0
	Function /Game/UI/WB_InGame.WB_InGame_C:GetPickupText:00A5
[2019.09.11-19.54.43:127][220]LogScript: Warning: Accessed None trying to read property CurrentInteractable
	WB_InGame_C /Engine/Transient.UnrealEdEngine_0:GameInstance_0.WB_InGame_C_0
	Function /Game/UI/WB_InGame.WB_InGame_C:GetPickupText:00A5
[2019.09.11-19.54.43:145][221]LogScript: Warning: Accessed None trying to read property CurrentInteractable
	WB_InGame_C /Engine/Transient.UnrealEdEngine_0:GameInstance_0.WB_InGame_C_0
	Function /Game/UI/WB_InGame.WB_InGame_C:GetPickupText:00A5
[2019.09.11-19.54.43:162][222]LogScript: Warning: Accessed None trying to read property CurrentInteractable
	WB_InGame_C /Engine/Transient.UnrealEdEngine_0:GameInstance_0.WB_InGame_C_0
	Function /Game/UI/WB_InGame.WB_InGame_C:GetPickupText:00A5
[2019.09.11-19.54.43:179][223]LogScript: Warning: Accessed None trying to read property CurrentInteractable
	WB_InGame_C /Engine/Transient.UnrealEdEngine_0:GameInstance_0.WB_InGame_C_0
	Function /Game/UI/WB_InGame.WB_InGame_C:GetPickupText:00A5
[2019.09.11-19.54.43:194][224]LogScript: Warning: Accessed None trying to read property CurrentInteractable
	WB_InGame_C /Engine/Transient.UnrealEdEngine_0:GameInstance_0.WB_InGame_C_0
	Function /Game/UI/WB_InGame.WB_InGame_C:GetPickupText:00A5
[2019.09.11-19.54.43:211][225]LogScript: Warning: Accessed None trying to read property CurrentInteractable
	WB_InGame_C /Engine/Transient.UnrealEdEngine_0:GameInstance_0.WB_InGame_C_0
	Function /Game/UI/WB_InGame.WB_InGame_C:GetPickupText:00A5
[2019.09.11-19.54.43:227][226]LogScript: Warning: Accessed None trying to read property CurrentInteractable
	WB_InGame_C /Engine/Transient.UnrealEdEngine_0:GameInstance_0.WB_InGame_C_0
	Function /Game/UI/WB_InGame.WB_InGame_C:GetPickupText:00A5
[2019.09.11-19.54.43:243][227]LogScript: Warning: Accessed None trying to read property CurrentInteractable
	WB_InGame_C /Engine/Transient.UnrealEdEngine_0:GameInstance_0.WB_InGame_C_0
	Function /Game/UI/WB_InGame.WB_InGame_C:GetPickupText:00A5
[2019.09.11-19.54.43:261][228]LogScript: Warning: Accessed None trying to read property CurrentInteractable
	WB_InGame_C /Engine/Transient.UnrealEdEngine_0:GameInstance_0.WB_InGame_C_0
	Function /Game/UI/WB_InGame.WB_InGame_C:GetPickupText:00A5
[2019.09.11-19.54.44:709][315]LogBlueprintUserMessages: Early EndPlayMap Detection: Level '/Game/FirstPersonCPP/Maps/FirstPersonExampleMap.FirstPersonExampleMap:PersistentLevel' has LevelScriptBlueprint '/Game/FirstPersonCPP/Maps/FirstPersonExampleMap.FirstPersonExampleMap:PersistentLevel.FirstPersonExampleMap' with GeneratedClass '/Game/FirstPersonCPP/Maps/FirstPersonExampleMap.FirstPersonExampleMap_C' with ClassGeneratedBy '/Game/FirstPersonCPP/Maps/FirstPersonExampleMap.FirstPersonExampleMap:PersistentLevel.FirstPersonExampleMap'
[2019.09.11-19.54.44:710][315]LogSlate: Updating window title bar state: overlay mode, drag disabled, window buttons hidden, title bar hidden
[2019.09.11-19.54.44:751][315]LogPlayLevel: Display: Shutting down PIE online subsystems
[2019.09.11-19.54.44:751][315]LogBlueprintUserMessages: Late EndPlayMap Detection: Level '/Game/FirstPersonCPP/Maps/FirstPersonExampleMap.FirstPersonExampleMap:PersistentLevel' has LevelScriptBlueprint '/Game/FirstPersonCPP/Maps/FirstPersonExampleMap.FirstPersonExampleMap:PersistentLevel.FirstPersonExampleMap' with GeneratedClass '/Game/FirstPersonCPP/Maps/FirstPersonExampleMap.FirstPersonExampleMap_C' with ClassGeneratedBy '/Game/FirstPersonCPP/Maps/FirstPersonExampleMap.FirstPersonExampleMap:PersistentLevel.FirstPersonExampleMap'
[2019.09.11-19.54.44:786][315]LogSlate: Updating window title bar state: overlay mode, drag disabled, window buttons hidden, title bar hidden
[2019.09.11-19.54.44:792][315]LogUObjectHash: Compacting FUObjectHashTables data took   2.03ms
[2019.09.11-19.54.44:816][316]LogPlayLevel: Display: Destroying online subsystem :Context_1
[2019.09.11-19.56.15:616][ 39]LogSlate: FSceneViewport::OnFocusLost() reason 0
[2019.09.11-19.56.15:769][ 44]Candidate modules for hot reload:
[2019.09.11-19.56.15:769][ 44]  ExploreAndCollect
[2019.09.11-19.56.15:770][ 44]Launching UnrealBuildTool... [D:/UE_4.22/Engine/Binaries/DotNET/UnrealBuildTool.exe  -ModuleWithSuffix=ExploreAndCollect,8282 Win64 Development -TargetType=Editor -Project="D:/Unreal Projects/ExploreAndCollect/ExploreAndCollect.uproject" "D:/Unreal Projects/ExploreAndCollect/ExploreAndCollect.uproject"  -IgnoreJunk]
[2019.09.11-19.56.15:778][ 44]Warning: Starting HotReload took  0.1s.
[2019.09.11-19.56.34:750][151]CompilerResultsLog: New page: Compilation - Sep 11, 2019, 11:56:34 AM
[2019.09.11-19.56.34:751][151]CompilerResultsLog: Creating makefile for ExploreAndCollectEditor (ini files are newer than makefile)
[2019.09.11-19.56.34:751][151]CompilerResultsLog: Parsing headers for ExploreAndCollectEditor
[2019.09.11-19.56.34:751][151]CompilerResultsLog:   Running UnrealHeaderTool "D:\Unreal Projects\ExploreAndCollect\ExploreAndCollect.uproject" "D:\Unreal Projects\ExploreAndCollect\Intermediate\Build\Win64\ExploreAndCollectEditor\Development\ExploreAndCollectEditor.uhtmanifest" -LogCmds="loginit warning, logexit warning, logdatabase error" -Unattended -WarningsAsErrors -installed
[2019.09.11-19.56.34:751][151]CompilerResultsLog: Reflection code generated for ExploreAndCollectEditor in 10.0464564 seconds
[2019.09.11-19.56.34:751][151]CompilerResultsLog: Failed to delete file 'D:\Unreal Projects\ExploreAndCollect\Binaries\Win64\UE4Editor-ExploreAndCollect.pdb'
[2019.09.11-19.56.34:752][151]CompilerResultsLog:     Exception: Access to the path 'D:\Unreal Projects\ExploreAndCollect\Binaries\Win64\UE4Editor-ExploreAndCollect.pdb' is denied.
[2019.09.11-19.56.34:752][151]CompilerResultsLog: Attempting to retry...
[2019.09.11-19.56.34:752][151]CompilerResultsLog: Failed to delete file 'D:\Unreal Projects\ExploreAndCollect\Binaries\Win64\UE4Editor-ExploreAndCollect.pdb'
[2019.09.11-19.56.34:752][151]CompilerResultsLog:     Exception: Access to the path 'D:\Unreal Projects\ExploreAndCollect\Binaries\Win64\UE4Editor-ExploreAndCollect.pdb' is denied.
[2019.09.11-19.56.34:752][151]CompilerResultsLog: Attempting to retry...
[2019.09.11-19.56.34:752][151]CompilerResultsLog: Failed to delete file 'D:\Unreal Projects\ExploreAndCollect\Binaries\Win64\UE4Editor-ExploreAndCollect.pdb'
[2019.09.11-19.56.34:752][151]CompilerResultsLog:     Exception: Access to the path 'D:\Unreal Projects\ExploreAndCollect\Binaries\Win64\UE4Editor-ExploreAndCollect.pdb' is denied.
[2019.09.11-19.56.34:752][151]CompilerResultsLog: ERROR: Exhausted all retries!
[2019.09.11-19.56.34:752][151]CompilerResultsLog: Using Visual Studio 2017 14.16.27023 toolchain (D:\ProgramData\Microsoft\Visual Studios Itself\VC\Tools\MSVC\14.16.27023) and Windows 10.0.17763.0 SDK (C:\Program Files (x86)\Windows Kits\10).
[2019.09.11-19.56.34:752][151]CompilerResultsLog: Building 6 actions with 8 processes...
[2019.09.11-19.56.34:752][151]CompilerResultsLog:   [1/6] MissionInteractable.cpp
[2019.09.11-19.56.34:753][151]CompilerResultsLog:   [2/6] MissionManager.gen.cpp
[2019.09.11-19.56.34:753][151]CompilerResultsLog:   [3/6] MissionManager.cpp
[2019.09.11-19.56.34:753][151]CompilerResultsLog:   [4/6] UE4Editor-ExploreAndCollect-8282.lib
[2019.09.11-19.56.34:753][151]CompilerResultsLog:      Creating library D:\Unreal Projects\ExploreAndCollect\Intermediate\Build\Win64\UE4Editor\Development\ExploreAndCollect\UE4Editor-ExploreAndCollect-8282.lib and object D:\Unreal Projects\ExploreAndCollect\Intermediate\Build\Win64\UE4Editor\Development\ExploreAndCollect\UE4Editor-ExploreAndCollect-8282.exp
[2019.09.11-19.56.34:753][151]CompilerResultsLog:   [5/6] UE4Editor-ExploreAndCollect-8282.dll
[2019.09.11-19.56.34:753][151]CompilerResultsLog:      Creating library D:\Unreal Projects\ExploreAndCollect\Intermediate\Build\Win64\UE4Editor\Development\ExploreAndCollect\UE4Editor-ExploreAndCollect-8282.suppressed.lib and object D:\Unreal Projects\ExploreAndCollect\Intermediate\Build\Win64\UE4Editor\Development\ExploreAndCollect\UE4Editor-ExploreAndCollect-8282.suppressed.exp
[2019.09.11-19.56.34:753][151]CompilerResultsLog:   [6/6] ExploreAndCollectEditor.target
[2019.09.11-19.56.34:753][151]CompilerResultsLog: Total time in Parallel executor: 3.45 seconds
[2019.09.11-19.56.34:754][151]CompilerResultsLog: Total execution time: 18.84 seconds
[2019.09.11-19.56.34:754][151]LogMainFrame: MainFrame: Module compiling took 19.031 seconds
[2019.09.11-19.56.34:780][151]LogUObjectHash: Compacting FUObjectHashTables data took   0.55ms
[2019.09.11-19.56.35:067][151]LogClass: Could not find existing class MissionManager in package /Script/ExploreAndCollect for HotReload, assuming new class
[2019.09.11-19.56.35:070][151]LogClass: InventoryItem HotReload.
[2019.09.11-19.56.35:070][151]LogClass: MissionInteractable2 HotReload.
[2019.09.11-19.56.35:070][151]LogClass: CraftingInfo HotReload.
[2019.09.11-19.56.35:070][151]LogOutputDevice: Warning: 

Script Stack (0 frames):

[2019.09.11-19.56.35:070][151]LogOutputDevice: Error: Ensure condition failed: this->IsBound() [File:d:\ue_4.22\engine\source\runtime\core\public\Delegates/DelegateSignatureImpl.inl] [Line: 1098] 
Unable to bind delegate to 'OnOverlapBegin' (function might not be marked as a UFUNCTION or object may be pending kill)

[2019.09.11-19.56.35:070][151]LogStats:             FDebug::EnsureFailed -  0.000 s
[2019.09.11-19.57.34:841][151]LogHotReload: Re-instancing MissionManager after hot-reload.
[2019.09.11-19.57.34:842][151]LogActor: Warning: MissionManager /Game/FirstPersonCPP/Maps/FirstPersonExampleMap.FirstPersonExampleMap:PersistentLevel.MissionManager_1 has natively added scene component(s), but none of them were set as the actor's RootComponent - picking one arbitrarily
[2019.09.11-19.57.34:951][151]LogContentBrowser: Native class hierarchy updated for 'ExploreAndCollect' in 0.0010 seconds. Added 10 classes and 3 folders.
[2019.09.11-19.57.34:956][151]Display: HotReload successful (4 functions remapped  3 scriptstructs remapped)
[2019.09.11-19.57.35:126][151]LogUObjectHash: Compacting FUObjectHashTables data took   2.26ms
[2019.09.11-19.57.35:143][151]LogContentBrowser: Native class hierarchy populated in 0.0109 seconds. Added 2743 classes and 664 folders.
[2019.09.11-19.57.35:144][151]Display: HotReload took 79.4s.
[2019.09.11-19.57.37:097][224]Candidate modules for hot reload:
[2019.09.11-19.57.37:098][224]  ExploreAndCollect
[2019.09.11-19.57.37:098][224]Launching UnrealBuildTool... [D:/UE_4.22/Engine/Binaries/DotNET/UnrealBuildTool.exe  -ModuleWithSuffix=ExploreAndCollect,6580 Win64 Development -TargetType=Editor -Project="D:/Unreal Projects/ExploreAndCollect/ExploreAndCollect.uproject" "D:/Unreal Projects/ExploreAndCollect/ExploreAndCollect.uproject"  -IgnoreJunk]
[2019.09.11-19.57.37:108][224]Warning: Starting HotReload took  0.0s.
[2019.09.11-19.57.38:694][305]LogUnrealEdMisc: Warning: Heartbeat event firing too frequently (3.543 sec). This should never happen. Something is wrong with the timer delegate!
[2019.09.11-19.57.54:360][245]CompilerResultsLog: New page: Compilation - Sep 11, 2019, 11:57:54 AM
[2019.09.11-19.57.54:360][245]CompilerResultsLog: Parsing headers for ExploreAndCollectEditor
[2019.09.11-19.57.54:360][245]CompilerResultsLog:   Running UnrealHeaderTool "D:\Unreal Projects\ExploreAndCollect\ExploreAndCollect.uproject" "D:\Unreal Projects\ExploreAndCollect\Intermediate\Build\Win64\ExploreAndCollectEditor\Development\ExploreAndCollectEditor.uhtmanifest" -LogCmds="loginit warning, logexit warning, logdatabase error" -Unattended -WarningsAsErrors -installed
[2019.09.11-19.57.54:360][245]CompilerResultsLog: Reflection code generated for ExploreAndCollectEditor in 9.9831555 seconds
[2019.09.11-19.57.54:361][245]CompilerResultsLog: Failed to delete file 'D:\Unreal Projects\ExploreAndCollect\Binaries\Win64\UE4Editor-ExploreAndCollect.pdb'
[2019.09.11-19.57.54:361][245]CompilerResultsLog:     Exception: Access to the path 'D:\Unreal Projects\ExploreAndCollect\Binaries\Win64\UE4Editor-ExploreAndCollect.pdb' is denied.
[2019.09.11-19.57.54:361][245]CompilerResultsLog: Attempting to retry...
[2019.09.11-19.57.54:361][245]CompilerResultsLog: Failed to delete file 'D:\Unreal Projects\ExploreAndCollect\Binaries\Win64\UE4Editor-ExploreAndCollect.pdb'
[2019.09.11-19.57.54:361][245]CompilerResultsLog:     Exception: Access to the path 'D:\Unreal Projects\ExploreAndCollect\Binaries\Win64\UE4Editor-ExploreAndCollect.pdb' is denied.
[2019.09.11-19.57.54:361][245]CompilerResultsLog: Attempting to retry...
[2019.09.11-19.57.54:361][245]CompilerResultsLog: Failed to delete file 'D:\Unreal Projects\ExploreAndCollect\Binaries\Win64\UE4Editor-ExploreAndCollect.pdb'
[2019.09.11-19.57.54:361][245]CompilerResultsLog:     Exception: Access to the path 'D:\Unreal Projects\ExploreAndCollect\Binaries\Win64\UE4Editor-ExploreAndCollect.pdb' is denied.
[2019.09.11-19.57.54:361][245]CompilerResultsLog: ERROR: Exhausted all retries!
[2019.09.11-19.57.54:361][245]CompilerResultsLog: Using Visual Studio 2017 14.16.27023 toolchain (D:\ProgramData\Microsoft\Visual Studios Itself\VC\Tools\MSVC\14.16.27023) and Windows 10.0.17763.0 SDK (C:\Program Files (x86)\Windows Kits\10).
[2019.09.11-19.57.54:362][245]CompilerResultsLog: Building 7 actions with 8 processes...
[2019.09.11-19.57.54:362][245]CompilerResultsLog:   [1/7] ExploreAndCollect.init.gen.cpp
[2019.09.11-19.57.54:362][245]CompilerResultsLog:   [2/7] MissionInteractable.cpp
[2019.09.11-19.57.54:362][245]CompilerResultsLog:   [3/7] MissionManager.cpp
[2019.09.11-19.57.54:362][245]CompilerResultsLog:   [4/7] MissionManager.gen.cpp
[2019.09.11-19.57.54:362][245]CompilerResultsLog:   [5/7] UE4Editor-ExploreAndCollect-6580.lib
[2019.09.11-19.57.54:362][245]CompilerResultsLog:      Creating library D:\Unreal Projects\ExploreAndCollect\Intermediate\Build\Win64\UE4Editor\Development\ExploreAndCollect\UE4Editor-ExploreAndCollect-6580.lib and object D:\Unreal Projects\ExploreAndCollect\Intermediate\Build\Win64\UE4Editor\Development\ExploreAndCollect\UE4Editor-ExploreAndCollect-6580.exp
[2019.09.11-19.57.54:362][245]CompilerResultsLog:   [6/7] UE4Editor-ExploreAndCollect-6580.dll
[2019.09.11-19.57.54:362][245]CompilerResultsLog:      Creating library D:\Unreal Projects\ExploreAndCollect\Intermediate\Build\Win64\UE4Editor\Development\ExploreAndCollect\UE4Editor-ExploreAndCollect-6580.suppressed.lib and object D:\Unreal Projects\ExploreAndCollect\Intermediate\Build\Win64\UE4Editor\Development\ExploreAndCollect\UE4Editor-ExploreAndCollect-6580.suppressed.exp
[2019.09.11-19.57.54:363][245]CompilerResultsLog:   [7/7] ExploreAndCollectEditor.target
[2019.09.11-19.57.54:363][245]CompilerResultsLog: Total time in Parallel executor: 3.37 seconds
[2019.09.11-19.57.54:363][245]CompilerResultsLog: Total execution time: 17.12 seconds
[2019.09.11-19.57.54:363][245]LogMainFrame: MainFrame: Module compiling took 17.271 seconds
[2019.09.11-19.57.54:389][245]LogUObjectHash: Compacting FUObjectHashTables data took   0.56ms
[2019.09.11-19.57.54:664][245]LogClass: Could not find existing class MissionManager in package /Script/ExploreAndCollect for HotReload, assuming new class
[2019.09.11-19.57.54:664][245]LogClass: Function OnOverlapBegin is new.
[2019.09.11-19.57.54:666][245]LogClass: InventoryItem HotReload.
[2019.09.11-19.57.54:666][245]LogClass: MissionInteractable2 HotReload.
[2019.09.11-19.57.54:666][245]LogClass: CraftingInfo HotReload.
[2019.09.11-19.57.54:677][245]LogHotReload: Re-instancing MissionManager after hot-reload.
[2019.09.11-19.57.54:677][245]LogActor: Warning: MissionManager /Game/FirstPersonCPP/Maps/FirstPersonExampleMap.FirstPersonExampleMap:PersistentLevel.MissionManager_1 has natively added scene component(s), but none of them were set as the actor's RootComponent - picking one arbitrarily
[2019.09.11-19.57.54:756][245]LogContentBrowser: Native class hierarchy updated for 'ExploreAndCollect' in 0.0008 seconds. Added 10 classes and 3 folders.
[2019.09.11-19.57.54:759][245]Display: HotReload successful (4 functions remapped  3 scriptstructs remapped)
[2019.09.11-19.57.54:815][245]LogUObjectHash: Compacting FUObjectHashTables data took   1.47ms
[2019.09.11-19.57.54:830][245]LogContentBrowser: Native class hierarchy populated in 0.0091 seconds. Added 2743 classes and 664 folders.
[2019.09.11-19.57.54:830][245]Display: HotReload took 17.7s.
[2019.09.11-19.58.02:942][729]LogEditorViewport: Clicking on Actor (LMB): LightmassImportanceVolume (LightmassImportanceVolume)
[2019.09.11-19.58.03:540][760]LogEditorViewport: Clicking on Actor (LMB): LightmassImportanceVolume (LightmassImportanceVolume)
[2019.09.11-19.58.03:956][784]LogEditorViewport: Clicking on Actor (LMB): BP_Sky_Sphere_C (SkySphereBlueprint)
[2019.09.11-19.58.11:576][233]LogSlate: FSceneViewport::OnFocusLost() reason 0
[2019.09.11-19.58.18:618][650]LogSlate: FSceneViewport::OnFocusLost() reason 0
[2019.09.11-19.58.18:667][653]LogTemp: Repeating last play command: Selected Viewport
[2019.09.11-19.58.18:679][653]LogBlueprintUserMessages: Early PlayInEditor Detection: Level '/Game/FirstPersonCPP/Maps/FirstPersonExampleMap.FirstPersonExampleMap:PersistentLevel' has LevelScriptBlueprint '/Game/FirstPersonCPP/Maps/FirstPersonExampleMap.FirstPersonExampleMap:PersistentLevel.FirstPersonExampleMap' with GeneratedClass '/Game/FirstPersonCPP/Maps/FirstPersonExampleMap.FirstPersonExampleMap_C' with ClassGeneratedBy '/Game/FirstPersonCPP/Maps/FirstPersonExampleMap.FirstPersonExampleMap:PersistentLevel.FirstPersonExampleMap'
[2019.09.11-19.58.18:679][653]LogPlayLevel: PlayLevel: No blueprints needed recompiling
[2019.09.11-19.58.18:680][653]PIE: New page: PIE session: FirstPersonExampleMap (Sep 11, 2019, 11:58:18 AM)
[2019.09.11-19.58.18:680][653]LogPlayLevel: Creating play world package: /Game/FirstPersonCPP/Maps/UEDPIE_0_FirstPersonExampleMap
[2019.09.11-19.58.18:695][653]LogPlayLevel: PIE: StaticDuplicateObject took: (0.014671s)
[2019.09.11-19.58.18:696][653]LogAIModule: Creating AISystem for world FirstPersonExampleMap
[2019.09.11-19.58.18:696][653]LogPlayLevel: PIE: World Init took: (0.001032s)
[2019.09.11-19.58.18:696][653]LogPlayLevel: PIE: Created PIE world by copying editor world from /Game/FirstPersonCPP/Maps/FirstPersonExampleMap.FirstPersonExampleMap to /Game/FirstPersonCPP/Maps/UEDPIE_0_FirstPersonExampleMap.FirstPersonExampleMap (0.016291s)
[2019.09.11-19.58.18:727][653]LogUObjectHash: Compacting FUObjectHashTables data took   1.39ms
[2019.09.11-19.58.18:736][653]LogInit: XAudio2 using 'Speakers / Headphones (Realtek Audio)' : 6 channels at 48 kHz using 32 bits per sample (channel mask 0x3f)
[2019.09.11-19.58.18:749][653]LogInit: FAudioDevice initialized.
[2019.09.11-19.58.18:791][653]LogLoad: Game class is 'BP_GameplayGamemode_C'
[2019.09.11-19.58.18:793][653]LogWorld: Bringing World /Game/FirstPersonCPP/Maps/UEDPIE_0_FirstPersonExampleMap.FirstPersonExampleMap up for play (max tick rate 60) at 2019.09.11-15.58.18
[2019.09.11-19.58.18:794][653]LogWorld: Bringing up level for play took: 0.002004
[2019.09.11-19.58.18:811][653]PIE: Play in editor start time for /Game/FirstPersonCPP/Maps/UEDPIE_0_FirstPersonExampleMap -0.187
[2019.09.11-19.58.18:812][653]LogBlueprintUserMessages: Late PlayInEditor Detection: Level '/Game/FirstPersonCPP/Maps/FirstPersonExampleMap.FirstPersonExampleMap:PersistentLevel' has LevelScriptBlueprint '/Game/FirstPersonCPP/Maps/FirstPersonExampleMap.FirstPersonExampleMap:PersistentLevel.FirstPersonExampleMap' with GeneratedClass '/Game/FirstPersonCPP/Maps/FirstPersonExampleMap.FirstPersonExampleMap_C' with ClassGeneratedBy '/Game/FirstPersonCPP/Maps/FirstPersonExampleMap.FirstPersonExampleMap:PersistentLevel.FirstPersonExampleMap'
[2019.09.11-19.58.33:724][544]LogBlueprintUserMessages: Early EndPlayMap Detection: Level '/Game/FirstPersonCPP/Maps/FirstPersonExampleMap.FirstPersonExampleMap:PersistentLevel' has LevelScriptBlueprint '/Game/FirstPersonCPP/Maps/FirstPersonExampleMap.FirstPersonExampleMap:PersistentLevel.FirstPersonExampleMap' with GeneratedClass '/Game/FirstPersonCPP/Maps/FirstPersonExampleMap.FirstPersonExampleMap_C' with ClassGeneratedBy '/Game/FirstPersonCPP/Maps/FirstPersonExampleMap.FirstPersonExampleMap:PersistentLevel.FirstPersonExampleMap'
[2019.09.11-19.58.33:725][544]LogSlate: Updating window title bar state: overlay mode, drag disabled, window buttons hidden, title bar hidden
[2019.09.11-19.58.33:772][544]LogPlayLevel: Display: Shutting down PIE online subsystems
[2019.09.11-19.58.33:773][544]LogBlueprintUserMessages: Late EndPlayMap Detection: Level '/Game/FirstPersonCPP/Maps/FirstPersonExampleMap.FirstPersonExampleMap:PersistentLevel' has LevelScriptBlueprint '/Game/FirstPersonCPP/Maps/FirstPersonExampleMap.FirstPersonExampleMap:PersistentLevel.FirstPersonExampleMap' with GeneratedClass '/Game/FirstPersonCPP/Maps/FirstPersonExampleMap.FirstPersonExampleMap_C' with ClassGeneratedBy '/Game/FirstPersonCPP/Maps/FirstPersonExampleMap.FirstPersonExampleMap:PersistentLevel.FirstPersonExampleMap'
[2019.09.11-19.58.33:806][544]LogSlate: Updating window title bar state: overlay mode, drag disabled, window buttons hidden, title bar hidden
[2019.09.11-19.58.33:809][544]LogUObjectHash: Compacting FUObjectHashTables data took   1.47ms
[2019.09.11-19.58.33:835][545]LogPlayLevel: Display: Destroying online subsystem :Context_2
[2019.09.11-20.04.47:387][758]LogSlate: Took 0.275928 seconds to synchronously load lazily loaded font '../../../Engine/Content/Slate/Fonts/Roboto-Light.ttf' (167K)
[2019.09.11-20.04.56:179][785]LogUObjectHash: Compacting FUObjectHashTables data took   0.80ms
[2019.09.11-20.04.56:880][785]LogSavePackage: Moving '../../../../Unreal Projects/ExploreAndCollect/Saved/FirstPersonExampleMap_Auto1DF1AE97E4F8B80A5F7C7A9811C9C2BD8.tmp' to '../../../../Unreal Projects/ExploreAndCollect/Saved/Autosaves/Game/FirstPersonCPP/Maps/FirstPersonExampleMap_Auto1.umap'
[2019.09.11-20.04.56:885][785]LogFileHelpers: Editor autosave (incl. sublevels) for '/Game/FirstPersonCPP/Maps/FirstPersonExampleMap' took 0.733
[2019.09.11-20.04.56:885][785]LogFileHelpers: Editor autosave (incl. sublevels) for all levels took 0.733
[2019.09.11-20.41.08:231][296]LogSlate: FSceneViewport::OnFocusLost() reason 2
[2019.09.11-20.41.08:266][296]LogUObjectHash: Compacting FUObjectHashTables data took   2.23ms
[2019.09.11-20.41.08:435][296]LogSavePackage: Moving '../../../../Unreal Projects/ExploreAndCollect/Saved/FirstPersonExampleMapC0CE2F7D48B6E5F0B32CCCA10317BE2D.tmp' to '../../../../Unreal Projects/ExploreAndCollect/Content/FirstPersonCPP/Maps/FirstPersonExampleMap.umap'
[2019.09.11-20.41.09:828][296]LogSavePackage: Moving '../../../../Unreal Projects/ExploreAndCollect/Saved/FirstPersonExampleMap_BuiltDataAC0B0EC74242E2B93BA0128D2A289428.tmp' to '../../../../Unreal Projects/ExploreAndCollect/Content/FirstPersonCPP/Maps/FirstPersonExampleMap_BuiltData.uasset'
